
RAxML-NG v. 0.8.0 BETA released on 11.01.2019 by The Exelixis Lab.
Authors: Alexey Kozlov, Alexandros Stamatakis, Diego Darriba, Tomas Flouri, Benoit Morel.
Latest version: https://github.com/amkozlov/raxml-ng
Questions/problems/suggestions? Please visit: https://groups.google.com/forum/#!forum/raxml

WARNING: This is a BETA release, please use at your own risk!

RAxML-NG was called at 12-Mar-2019 11:00:19 as follows:

raxml-ng --all --msa alignment.fs --model F81 --prefix heylo --threads 5 --bs-trees 1000 --bs-metric fbp

Analysis options:
  run mode: ML tree search + bootstrapping (Felsenstein Bootstrap)
  start tree(s): random (10) + parsimony (10)
  bootstrap replicates: 1000
  random seed: 1552406419
  tip-inner: OFF
  pattern compression: ON
  per-rate scalers: OFF
  site repeats: ON
  branch lengths: proportional (ML estimate, algorithm: NR-FAST)
  SIMD kernels: AVX
  parallelization: PTHREADS (5 threads), thread pinning: OFF

[00:00:02] Reading alignment from file: alignment.fs
[00:00:02] Loaded alignment with 20 taxa and 4482 sites

Alignment comprises 1 partitions and 2114 patterns

Partition 0: noname
Model: F81+FO
Alignment sites / patterns: 4482 / 2114
Gaps: 6.81 %
Invariant sites: 1.18 %


NOTE: Binary MSA file created: heylo.raxml.rba

[00:00:02] Generating 10 random starting tree(s) with 20 taxa
[00:00:02] Generating 10 parsimony starting tree(s) with 20 taxa
[00:00:04] Data distribution: max. partitions/sites/weight per thread: 1 / 423 / 1692

Starting ML tree search with 20 distinct starting trees

[00:00:43] ML tree search #1, logLikelihood: -54568.308913
[00:01:31] ML tree search #2, logLikelihood: -54578.580182
[00:02:13] ML tree search #3, logLikelihood: -54568.308924
[00:02:43] ML tree search #4, logLikelihood: -54578.580192
[00:03:24] ML tree search #5, logLikelihood: -54595.834384
[00:04:07] ML tree search #6, logLikelihood: -54568.308903
[00:04:44] ML tree search #7, logLikelihood: -54568.308912
[00:05:05] ML tree search #8, logLikelihood: -54568.308905
[00:05:43] ML tree search #9, logLikelihood: -54578.580284
[00:06:26] ML tree search #10, logLikelihood: -54568.308916
[00:07:13] ML tree search #11, logLikelihood: -54568.308909
[00:07:54] ML tree search #12, logLikelihood: -54568.308905
[00:08:12] ML tree search #13, logLikelihood: -54568.309104
[00:08:29] ML tree search #14, logLikelihood: -54578.580287
[00:09:09] ML tree search #15, logLikelihood: -54568.308921
[00:09:18] ML tree search #16, logLikelihood: -54568.308898
[00:09:55] ML tree search #17, logLikelihood: -54568.308920
[00:10:30] ML tree search #18, logLikelihood: -54568.308905
[00:10:50] ML tree search #19, logLikelihood: -54568.308902
[00:10:53] ML tree search #20, logLikelihood: -54568.308937

[00:10:53] ML tree search completed, best tree logLH: -54568.308898

[00:10:53] Starting bootstrapping analysis with 1000 replicates.

[00:10:56] Bootstrap tree #1, logLikelihood: -53661.432332
[00:11:00] Bootstrap tree #2, logLikelihood: -54483.863978
[00:11:06] Bootstrap tree #3, logLikelihood: -54748.315856
[00:11:11] Bootstrap tree #4, logLikelihood: -53938.963798
[00:11:14] Bootstrap tree #5, logLikelihood: -55504.403624
[00:11:17] Bootstrap tree #6, logLikelihood: -54749.933203
[00:11:21] Bootstrap tree #7, logLikelihood: -54365.556593
[00:11:24] Bootstrap tree #8, logLikelihood: -54221.598059
[00:11:28] Bootstrap tree #9, logLikelihood: -54509.011963
[00:11:32] Bootstrap tree #10, logLikelihood: -55047.726072
[00:11:35] Bootstrap tree #11, logLikelihood: -54881.781925
[00:11:38] Bootstrap tree #12, logLikelihood: -54599.287834
[00:11:51] Bootstrap tree #13, logLikelihood: -53969.490099
[00:12:24] Bootstrap tree #14, logLikelihood: -53841.569643
[00:13:02] Bootstrap tree #15, logLikelihood: -54033.011823
[00:13:33] Bootstrap tree #16, logLikelihood: -52750.150411
[00:14:03] Bootstrap tree #17, logLikelihood: -55727.003133
[00:14:20] Bootstrap tree #18, logLikelihood: -54435.752983
[00:14:51] Bootstrap tree #19, logLikelihood: -54238.156829
[00:15:21] Bootstrap tree #20, logLikelihood: -53785.008243
[00:15:38] Bootstrap tree #21, logLikelihood: -54536.796865
[00:16:12] Bootstrap tree #22, logLikelihood: -54159.021388
[00:16:53] Bootstrap tree #23, logLikelihood: -54788.886146
[00:17:38] Bootstrap tree #24, logLikelihood: -54644.594469
[00:18:07] Bootstrap tree #25, logLikelihood: -54705.606151
[00:18:38] Bootstrap tree #26, logLikelihood: -54794.989654
[00:19:19] Bootstrap tree #27, logLikelihood: -54136.783323
[00:19:53] Bootstrap tree #28, logLikelihood: -55476.371888
[00:20:13] Bootstrap tree #29, logLikelihood: -54846.243931
[00:20:43] Bootstrap tree #30, logLikelihood: -54742.091401
[00:21:21] Bootstrap tree #31, logLikelihood: -54095.598959
[00:21:49] Bootstrap tree #32, logLikelihood: -55158.433349
[00:22:08] Bootstrap tree #33, logLikelihood: -54057.318275
[00:22:19] Bootstrap tree #34, logLikelihood: -54776.996642
[00:22:29] Bootstrap tree #35, logLikelihood: -55032.650846
[00:23:00] Bootstrap tree #36, logLikelihood: -53196.847981
[00:23:11] Bootstrap tree #37, logLikelihood: -54272.432595
[00:23:53] Bootstrap tree #38, logLikelihood: -55097.185828
[00:24:10] Bootstrap tree #39, logLikelihood: -55588.260551
[00:24:31] Bootstrap tree #40, logLikelihood: -53584.739942
[00:24:47] Bootstrap tree #41, logLikelihood: -53902.809404
[00:25:21] Bootstrap tree #42, logLikelihood: -55198.439786
[00:25:45] Bootstrap tree #43, logLikelihood: -54113.329053
[00:26:09] Bootstrap tree #44, logLikelihood: -54592.774864
[00:26:25] Bootstrap tree #45, logLikelihood: -53849.913136
[00:26:45] Bootstrap tree #46, logLikelihood: -53793.353968
[00:27:13] Bootstrap tree #47, logLikelihood: -54541.048599
[00:27:32] Bootstrap tree #48, logLikelihood: -54590.365774
[00:27:47] Bootstrap tree #49, logLikelihood: -53584.138250
[00:28:10] Bootstrap tree #50, logLikelihood: -54069.441209
[00:28:28] Bootstrap tree #51, logLikelihood: -54054.552855
[00:28:56] Bootstrap tree #52, logLikelihood: -54979.681404
[00:29:16] Bootstrap tree #53, logLikelihood: -54036.215783
[00:29:41] Bootstrap tree #54, logLikelihood: -53741.950765
[00:30:01] Bootstrap tree #55, logLikelihood: -53826.424133
[00:30:13] Bootstrap tree #56, logLikelihood: -55517.680877
[00:30:33] Bootstrap tree #57, logLikelihood: -55110.821455
[00:30:52] Bootstrap tree #58, logLikelihood: -53857.173248
[00:31:04] Bootstrap tree #59, logLikelihood: -54404.698624
[00:31:26] Bootstrap tree #60, logLikelihood: -54705.445166
[00:31:55] Bootstrap tree #61, logLikelihood: -54280.956380
[00:32:13] Bootstrap tree #62, logLikelihood: -55189.680465
[00:32:28] Bootstrap tree #63, logLikelihood: -54057.492197
[00:32:54] Bootstrap tree #64, logLikelihood: -54726.341660
[00:33:15] Bootstrap tree #65, logLikelihood: -53575.275910
[00:33:35] Bootstrap tree #66, logLikelihood: -54545.499235
[00:33:58] Bootstrap tree #67, logLikelihood: -54429.268279
[00:34:17] Bootstrap tree #68, logLikelihood: -54982.323303
[00:34:43] Bootstrap tree #69, logLikelihood: -52444.010567
[00:34:50] Bootstrap tree #70, logLikelihood: -54634.449488
[00:35:09] Bootstrap tree #71, logLikelihood: -54628.984147
[00:35:25] Bootstrap tree #72, logLikelihood: -53176.493740
[00:35:49] Bootstrap tree #73, logLikelihood: -53607.966266
[00:36:13] Bootstrap tree #74, logLikelihood: -53276.617198
[00:36:37] Bootstrap tree #75, logLikelihood: -53272.967250
[00:37:00] Bootstrap tree #76, logLikelihood: -54705.143417
[00:37:03] Bootstrap tree #77, logLikelihood: -53587.266659
[00:37:24] Bootstrap tree #78, logLikelihood: -53670.269130
[00:37:46] Bootstrap tree #79, logLikelihood: -55087.069842
[00:37:56] Bootstrap tree #80, logLikelihood: -53748.204731
[00:38:29] Bootstrap tree #81, logLikelihood: -53629.970982
[00:38:52] Bootstrap tree #82, logLikelihood: -53109.698778
[00:39:21] Bootstrap tree #83, logLikelihood: -53685.122786
[00:39:43] Bootstrap tree #84, logLikelihood: -54593.878470
[00:40:10] Bootstrap tree #85, logLikelihood: -53856.141331
[00:40:40] Bootstrap tree #86, logLikelihood: -54924.468024
[00:41:00] Bootstrap tree #87, logLikelihood: -53800.985858
[00:41:30] Bootstrap tree #88, logLikelihood: -54315.520211
[00:42:02] Bootstrap tree #89, logLikelihood: -54535.590212
[00:42:25] Bootstrap tree #90, logLikelihood: -55273.287075
[00:42:47] Bootstrap tree #91, logLikelihood: -53452.987224
[00:43:08] Bootstrap tree #92, logLikelihood: -55649.431190
[00:43:33] Bootstrap tree #93, logLikelihood: -55873.312007
[00:43:48] Bootstrap tree #94, logLikelihood: -56005.554906
[00:44:09] Bootstrap tree #95, logLikelihood: -55422.067938
[00:44:36] Bootstrap tree #96, logLikelihood: -54766.556493
[00:45:01] Bootstrap tree #97, logLikelihood: -54151.428366
[00:45:22] Bootstrap tree #98, logLikelihood: -54921.460804
[00:45:44] Bootstrap tree #99, logLikelihood: -54550.438160
[00:46:01] Bootstrap tree #100, logLikelihood: -55116.395599
[00:46:17] Bootstrap tree #101, logLikelihood: -52891.246611
[00:46:44] Bootstrap tree #102, logLikelihood: -54667.327657
[00:47:17] Bootstrap tree #103, logLikelihood: -54652.551541
[00:47:37] Bootstrap tree #104, logLikelihood: -55460.947018
[00:47:56] Bootstrap tree #105, logLikelihood: -55093.475395
[00:48:22] Bootstrap tree #106, logLikelihood: -53880.671540
[00:48:44] Bootstrap tree #107, logLikelihood: -54309.650476
[00:49:25] Bootstrap tree #108, logLikelihood: -53716.751894
[00:49:56] Bootstrap tree #109, logLikelihood: -54185.168228
[00:50:27] Bootstrap tree #110, logLikelihood: -55628.534619
[00:50:42] Bootstrap tree #111, logLikelihood: -54671.008737
[00:50:57] Bootstrap tree #112, logLikelihood: -54903.289599
[00:51:29] Bootstrap tree #113, logLikelihood: -54342.020861
[00:51:54] Bootstrap tree #114, logLikelihood: -53542.987709
[00:52:39] Bootstrap tree #115, logLikelihood: -54900.314947
[00:52:54] Bootstrap tree #116, logLikelihood: -54871.082883
[00:53:12] Bootstrap tree #117, logLikelihood: -54686.769644
[00:53:34] Bootstrap tree #118, logLikelihood: -54048.773280
[00:53:58] Bootstrap tree #119, logLikelihood: -53519.899761
[00:54:11] Bootstrap tree #120, logLikelihood: -54796.474105
[00:54:18] Bootstrap tree #121, logLikelihood: -54582.892144
[00:54:43] Bootstrap tree #122, logLikelihood: -54558.872580
[00:55:02] Bootstrap tree #123, logLikelihood: -54916.348152
[00:55:25] Bootstrap tree #124, logLikelihood: -54477.380660
[00:55:43] Bootstrap tree #125, logLikelihood: -54584.115369
[00:56:04] Bootstrap tree #126, logLikelihood: -53850.794358
[00:56:23] Bootstrap tree #127, logLikelihood: -54148.564071
[00:56:46] Bootstrap tree #128, logLikelihood: -55584.004980
[00:56:58] Bootstrap tree #129, logLikelihood: -54000.027026
[00:57:22] Bootstrap tree #130, logLikelihood: -54685.943066
[00:57:45] Bootstrap tree #131, logLikelihood: -53429.086753
[00:58:12] Bootstrap tree #132, logLikelihood: -54711.248292
[00:58:25] Bootstrap tree #133, logLikelihood: -54786.625044
[00:58:41] Bootstrap tree #134, logLikelihood: -54058.976418
[00:58:54] Bootstrap tree #135, logLikelihood: -54189.206326
[00:59:14] Bootstrap tree #136, logLikelihood: -54591.206066
[00:59:40] Bootstrap tree #137, logLikelihood: -53946.427105
[01:00:03] Bootstrap tree #138, logLikelihood: -54017.568636
[01:00:21] Bootstrap tree #139, logLikelihood: -54246.839976
[01:00:48] Bootstrap tree #140, logLikelihood: -53335.097821
[01:01:09] Bootstrap tree #141, logLikelihood: -54586.625215
[01:01:17] Bootstrap tree #142, logLikelihood: -54527.223980
[01:01:32] Bootstrap tree #143, logLikelihood: -53674.039013
[01:01:59] Bootstrap tree #144, logLikelihood: -54886.299286
[01:02:27] Bootstrap tree #145, logLikelihood: -54713.403317
[01:02:44] Bootstrap tree #146, logLikelihood: -55062.435686
[01:03:14] Bootstrap tree #147, logLikelihood: -54472.188826
[01:03:22] Bootstrap tree #148, logLikelihood: -54298.388967
[01:03:47] Bootstrap tree #149, logLikelihood: -54446.236053
[01:04:00] Bootstrap tree #150, logLikelihood: -53856.167684
[01:04:37] Bootstrap tree #151, logLikelihood: -54542.309824
[01:04:52] Bootstrap tree #152, logLikelihood: -54859.389395
[01:05:11] Bootstrap tree #153, logLikelihood: -54755.547704
[01:05:30] Bootstrap tree #154, logLikelihood: -53905.307687
[01:06:06] Bootstrap tree #155, logLikelihood: -54540.899982
[01:06:22] Bootstrap tree #156, logLikelihood: -55697.522369
[01:06:47] Bootstrap tree #157, logLikelihood: -54477.295701
[01:07:05] Bootstrap tree #158, logLikelihood: -54336.824539
[01:07:31] Bootstrap tree #159, logLikelihood: -55661.407318
[01:07:45] Bootstrap tree #160, logLikelihood: -54242.260436
[01:08:11] Bootstrap tree #161, logLikelihood: -54233.853479
[01:08:42] Bootstrap tree #162, logLikelihood: -54217.724817
[01:09:06] Bootstrap tree #163, logLikelihood: -54848.507931
[01:09:30] Bootstrap tree #164, logLikelihood: -54606.797734
[01:10:05] Bootstrap tree #165, logLikelihood: -54992.958205
[01:10:18] Bootstrap tree #166, logLikelihood: -54182.205841
[01:10:29] Bootstrap tree #167, logLikelihood: -52764.905895
[01:11:05] Bootstrap tree #168, logLikelihood: -54528.941514
[01:11:41] Bootstrap tree #169, logLikelihood: -55310.278288
[01:12:03] Bootstrap tree #170, logLikelihood: -54014.028632
[01:12:39] Bootstrap tree #171, logLikelihood: -55446.260750
[01:13:15] Bootstrap tree #172, logLikelihood: -54901.499043
[01:13:44] Bootstrap tree #173, logLikelihood: -54165.532776
[01:14:25] Bootstrap tree #174, logLikelihood: -54285.987994
[01:14:33] Bootstrap tree #175, logLikelihood: -53756.932826
[01:15:15] Bootstrap tree #176, logLikelihood: -55320.627431
[01:15:45] Bootstrap tree #177, logLikelihood: -53859.213780
[01:16:21] Bootstrap tree #178, logLikelihood: -53670.650188
[01:16:44] Bootstrap tree #179, logLikelihood: -54114.292449
[01:17:29] Bootstrap tree #180, logLikelihood: -54939.375333
[01:17:41] Bootstrap tree #181, logLikelihood: -53839.029917
[01:18:18] Bootstrap tree #182, logLikelihood: -54615.513236
[01:18:40] Bootstrap tree #183, logLikelihood: -54442.132992
[01:18:56] Bootstrap tree #184, logLikelihood: -54241.285756
[01:19:00] Bootstrap tree #185, logLikelihood: -53703.234231
[01:19:04] Bootstrap tree #186, logLikelihood: -55206.361913
[01:19:07] Bootstrap tree #187, logLikelihood: -54905.913668
[01:19:11] Bootstrap tree #188, logLikelihood: -54237.427034
[01:19:14] Bootstrap tree #189, logLikelihood: -54929.427291
[01:19:20] Bootstrap tree #190, logLikelihood: -54012.196533
[01:19:24] Bootstrap tree #191, logLikelihood: -54352.360689
[01:19:30] Bootstrap tree #192, logLikelihood: -54067.799753
[01:19:35] Bootstrap tree #193, logLikelihood: -54355.096960
[01:19:40] Bootstrap tree #194, logLikelihood: -54556.310953
[01:19:44] Bootstrap tree #195, logLikelihood: -54199.963761
[01:19:47] Bootstrap tree #196, logLikelihood: -54944.027522
[01:20:01] Bootstrap tree #197, logLikelihood: -54979.532930
[01:20:32] Bootstrap tree #198, logLikelihood: -54610.268625
[01:20:55] Bootstrap tree #199, logLikelihood: -55332.297037
[01:21:10] Bootstrap tree #200, logLikelihood: -55845.901872
[01:21:40] Bootstrap tree #201, logLikelihood: -54581.683548
[01:21:49] Bootstrap tree #202, logLikelihood: -53667.913545
[01:22:18] Bootstrap tree #203, logLikelihood: -55488.652073
[01:22:41] Bootstrap tree #204, logLikelihood: -53597.627675
[01:23:11] Bootstrap tree #205, logLikelihood: -53714.428084
[01:23:30] Bootstrap tree #206, logLikelihood: -54410.436281
[01:23:49] Bootstrap tree #207, logLikelihood: -55041.640426
[01:24:14] Bootstrap tree #208, logLikelihood: -54496.928407
[01:24:36] Bootstrap tree #209, logLikelihood: -54848.218383
[01:25:13] Bootstrap tree #210, logLikelihood: -54712.259043
[01:25:31] Bootstrap tree #211, logLikelihood: -54191.808101
[01:25:56] Bootstrap tree #212, logLikelihood: -54820.096984
[01:26:20] Bootstrap tree #213, logLikelihood: -55863.562209
[01:26:35] Bootstrap tree #214, logLikelihood: -54074.811544
[01:27:01] Bootstrap tree #215, logLikelihood: -54088.258616
[01:27:24] Bootstrap tree #216, logLikelihood: -53415.064186
[01:27:44] Bootstrap tree #217, logLikelihood: -54479.646951
[01:28:05] Bootstrap tree #218, logLikelihood: -54460.262058
[01:28:18] Bootstrap tree #219, logLikelihood: -53822.402380
[01:28:52] Bootstrap tree #220, logLikelihood: -54364.285372
[01:28:58] Bootstrap tree #221, logLikelihood: -54909.173750
[01:29:17] Bootstrap tree #222, logLikelihood: -54084.369728
[01:29:41] Bootstrap tree #223, logLikelihood: -55011.425838
[01:29:49] Bootstrap tree #224, logLikelihood: -54342.431446
[01:30:13] Bootstrap tree #225, logLikelihood: -53635.281079
[01:30:30] Bootstrap tree #226, logLikelihood: -54681.584159
[01:30:46] Bootstrap tree #227, logLikelihood: -54304.768206
[01:31:13] Bootstrap tree #228, logLikelihood: -55194.061214
[01:31:22] Bootstrap tree #229, logLikelihood: -55740.985619
[01:31:48] Bootstrap tree #230, logLikelihood: -55164.921835
[01:31:58] Bootstrap tree #231, logLikelihood: -55149.692421
[01:32:16] Bootstrap tree #232, logLikelihood: -55220.461219
[01:32:35] Bootstrap tree #233, logLikelihood: -53651.448481
[01:32:58] Bootstrap tree #234, logLikelihood: -54458.031483
[01:33:17] Bootstrap tree #235, logLikelihood: -54917.790589
[01:33:42] Bootstrap tree #236, logLikelihood: -54725.319843
[01:34:09] Bootstrap tree #237, logLikelihood: -54841.086469
[01:34:40] Bootstrap tree #238, logLikelihood: -54236.663262
[01:35:17] Bootstrap tree #239, logLikelihood: -54953.341374
[01:35:47] Bootstrap tree #240, logLikelihood: -54803.700474
[01:36:00] Bootstrap tree #241, logLikelihood: -55238.629375
[01:36:22] Bootstrap tree #242, logLikelihood: -53662.938083
[01:36:46] Bootstrap tree #243, logLikelihood: -54951.317783
[01:37:17] Bootstrap tree #244, logLikelihood: -53390.329317
[01:37:38] Bootstrap tree #245, logLikelihood: -55177.380595
[01:38:17] Bootstrap tree #246, logLikelihood: -54310.304066
[01:38:40] Bootstrap tree #247, logLikelihood: -54742.643215
[01:38:53] Bootstrap tree #248, logLikelihood: -55258.579443
[01:38:56] Bootstrap tree #249, logLikelihood: -53114.969352
[01:39:02] Bootstrap tree #250, logLikelihood: -55303.424562
[01:39:07] Bootstrap tree #251, logLikelihood: -55688.058447
[01:39:11] Bootstrap tree #252, logLikelihood: -54891.273365
[01:39:15] Bootstrap tree #253, logLikelihood: -54540.553736
[01:39:18] Bootstrap tree #254, logLikelihood: -53825.540046
[01:39:21] Bootstrap tree #255, logLikelihood: -54224.393835
[01:39:25] Bootstrap tree #256, logLikelihood: -55361.548415
[01:39:28] Bootstrap tree #257, logLikelihood: -54461.850753
[01:39:32] Bootstrap tree #258, logLikelihood: -54323.056481
[01:39:36] Bootstrap tree #259, logLikelihood: -55022.185063
[01:39:42] Bootstrap tree #260, logLikelihood: -54381.023026
[01:39:45] Bootstrap tree #261, logLikelihood: -55237.793070
[01:39:48] Bootstrap tree #262, logLikelihood: -54231.768072
[01:39:51] Bootstrap tree #263, logLikelihood: -54113.328897
[01:39:54] Bootstrap tree #264, logLikelihood: -54976.610578
[01:39:58] Bootstrap tree #265, logLikelihood: -53389.043915
[01:40:02] Bootstrap tree #266, logLikelihood: -55108.432753
[01:40:04] Bootstrap tree #267, logLikelihood: -54007.320574
[01:40:09] Bootstrap tree #268, logLikelihood: -54276.594996
[01:40:13] Bootstrap tree #269, logLikelihood: -54296.021086
[01:40:19] Bootstrap tree #270, logLikelihood: -54553.870513
[01:40:25] Bootstrap tree #271, logLikelihood: -55486.710262
[01:40:28] Bootstrap tree #272, logLikelihood: -55545.855072
[01:40:35] Bootstrap tree #273, logLikelihood: -54409.300594
[01:40:57] Bootstrap tree #274, logLikelihood: -54078.132931
[01:41:11] Bootstrap tree #275, logLikelihood: -54403.443540
[01:41:27] Bootstrap tree #276, logLikelihood: -55062.855981
[01:41:39] Bootstrap tree #277, logLikelihood: -55068.608157
[01:41:56] Bootstrap tree #278, logLikelihood: -54563.389018
[01:42:07] Bootstrap tree #279, logLikelihood: -55113.128634
[01:42:33] Bootstrap tree #280, logLikelihood: -54665.358863
[01:42:52] Bootstrap tree #281, logLikelihood: -54135.676996
[01:43:21] Bootstrap tree #282, logLikelihood: -55584.201903
[01:43:34] Bootstrap tree #283, logLikelihood: -54269.853926
[01:44:03] Bootstrap tree #284, logLikelihood: -55383.899792
[01:44:24] Bootstrap tree #285, logLikelihood: -53468.906824
[01:44:42] Bootstrap tree #286, logLikelihood: -53513.665604
[01:44:58] Bootstrap tree #287, logLikelihood: -54503.824660
[01:45:37] Bootstrap tree #288, logLikelihood: -54256.627626
[01:45:58] Bootstrap tree #289, logLikelihood: -53902.818190
[01:46:26] Bootstrap tree #290, logLikelihood: -54447.504852
[01:46:51] Bootstrap tree #291, logLikelihood: -54875.600845
[01:47:27] Bootstrap tree #292, logLikelihood: -54877.852128
[01:48:00] Bootstrap tree #293, logLikelihood: -54882.614137
[01:48:22] Bootstrap tree #294, logLikelihood: -54046.055007
[01:48:44] Bootstrap tree #295, logLikelihood: -55659.201407
[01:48:53] Bootstrap tree #296, logLikelihood: -53669.655042
[01:49:05] Bootstrap tree #297, logLikelihood: -55126.424118
[01:49:39] Bootstrap tree #298, logLikelihood: -54820.727834
[01:49:53] Bootstrap tree #299, logLikelihood: -54099.854840
[01:50:12] Bootstrap tree #300, logLikelihood: -54070.465703
[01:50:38] Bootstrap tree #301, logLikelihood: -55189.516794
[01:50:58] Bootstrap tree #302, logLikelihood: -54615.855072
[01:51:11] Bootstrap tree #303, logLikelihood: -54606.561800
[01:51:42] Bootstrap tree #304, logLikelihood: -55881.301188
[01:52:18] Bootstrap tree #305, logLikelihood: -55064.940780
[01:52:35] Bootstrap tree #306, logLikelihood: -55480.513356
[01:52:58] Bootstrap tree #307, logLikelihood: -54155.941746
[01:53:15] Bootstrap tree #308, logLikelihood: -54401.830478
[01:53:36] Bootstrap tree #309, logLikelihood: -54806.897651
[01:53:57] Bootstrap tree #310, logLikelihood: -54069.590159
[01:54:22] Bootstrap tree #311, logLikelihood: -54712.832952
[01:54:49] Bootstrap tree #312, logLikelihood: -54574.712815
[01:55:15] Bootstrap tree #313, logLikelihood: -54744.593013
[01:55:31] Bootstrap tree #314, logLikelihood: -54076.469938
[01:56:00] Bootstrap tree #315, logLikelihood: -54480.064958
[01:56:19] Bootstrap tree #316, logLikelihood: -55150.772568
[01:56:27] Bootstrap tree #317, logLikelihood: -54455.043588
[01:56:46] Bootstrap tree #318, logLikelihood: -51318.616315
[01:57:03] Bootstrap tree #319, logLikelihood: -55373.883117
[01:57:22] Bootstrap tree #320, logLikelihood: -55467.239602
[01:57:46] Bootstrap tree #321, logLikelihood: -55212.910115
[01:58:12] Bootstrap tree #322, logLikelihood: -55811.650151
[01:58:27] Bootstrap tree #323, logLikelihood: -54361.239388
[01:58:48] Bootstrap tree #324, logLikelihood: -54963.547223
[01:58:54] Bootstrap tree #325, logLikelihood: -55226.557169
[01:59:13] Bootstrap tree #326, logLikelihood: -55057.672379
[01:59:28] Bootstrap tree #327, logLikelihood: -54042.166727
[01:59:49] Bootstrap tree #328, logLikelihood: -56101.636384
[02:00:14] Bootstrap tree #329, logLikelihood: -55944.752952
[02:00:28] Bootstrap tree #330, logLikelihood: -56470.034484
[02:00:48] Bootstrap tree #331, logLikelihood: -54865.510690
[02:01:01] Bootstrap tree #332, logLikelihood: -55285.654845
[02:01:25] Bootstrap tree #333, logLikelihood: -54368.100441
[02:01:48] Bootstrap tree #334, logLikelihood: -53510.975255
[02:02:08] Bootstrap tree #335, logLikelihood: -53738.354149
[02:02:35] Bootstrap tree #336, logLikelihood: -54371.650788
[02:02:51] Bootstrap tree #337, logLikelihood: -54192.564865
[02:03:01] Bootstrap tree #338, logLikelihood: -55380.034506
[02:03:20] Bootstrap tree #339, logLikelihood: -52788.981251
[02:03:39] Bootstrap tree #340, logLikelihood: -54333.809518
[02:04:01] Bootstrap tree #341, logLikelihood: -54053.931494
[02:04:20] Bootstrap tree #342, logLikelihood: -53076.798837
[02:04:41] Bootstrap tree #343, logLikelihood: -55254.829324
[02:04:50] Bootstrap tree #344, logLikelihood: -54970.803299
[02:04:59] Bootstrap tree #345, logLikelihood: -55183.384882
[02:05:26] Bootstrap tree #346, logLikelihood: -54576.453575
[02:05:49] Bootstrap tree #347, logLikelihood: -53321.721967
[02:06:15] Bootstrap tree #348, logLikelihood: -54027.391287
[02:06:42] Bootstrap tree #349, logLikelihood: -54764.239984
[02:07:03] Bootstrap tree #350, logLikelihood: -53959.520882
[02:07:14] Bootstrap tree #351, logLikelihood: -53836.624901
[02:07:27] Bootstrap tree #352, logLikelihood: -53738.821180
[02:07:43] Bootstrap tree #353, logLikelihood: -55215.025633
[02:08:14] Bootstrap tree #354, logLikelihood: -53832.169559
[02:08:35] Bootstrap tree #355, logLikelihood: -54568.119664
[02:09:01] Bootstrap tree #356, logLikelihood: -53324.678619
[02:09:27] Bootstrap tree #357, logLikelihood: -55601.110214
[02:09:44] Bootstrap tree #358, logLikelihood: -54484.026916
[02:10:14] Bootstrap tree #359, logLikelihood: -54339.830627
[02:10:33] Bootstrap tree #360, logLikelihood: -53893.069797
[02:10:53] Bootstrap tree #361, logLikelihood: -54715.314241
[02:11:13] Bootstrap tree #362, logLikelihood: -53348.249361
[02:11:38] Bootstrap tree #363, logLikelihood: -54120.557158
[02:11:52] Bootstrap tree #364, logLikelihood: -55065.810857
[02:12:17] Bootstrap tree #365, logLikelihood: -54698.051948
[02:12:41] Bootstrap tree #366, logLikelihood: -54211.492753
[02:12:57] Bootstrap tree #367, logLikelihood: -54897.700091
[02:13:35] Bootstrap tree #368, logLikelihood: -54436.735546
[02:14:07] Bootstrap tree #369, logLikelihood: -54009.423176
[02:14:32] Bootstrap tree #370, logLikelihood: -53163.737257
[02:14:45] Bootstrap tree #371, logLikelihood: -54742.582080
[02:15:03] Bootstrap tree #372, logLikelihood: -54869.748303
[02:15:10] Bootstrap tree #373, logLikelihood: -54816.161727
[02:15:38] Bootstrap tree #374, logLikelihood: -55053.706997
[02:16:08] Bootstrap tree #375, logLikelihood: -53537.449130
[02:16:24] Bootstrap tree #376, logLikelihood: -54866.176745
[02:16:55] Bootstrap tree #377, logLikelihood: -54149.213084
[02:17:43] Bootstrap tree #378, logLikelihood: -56031.464081
[02:18:11] Bootstrap tree #379, logLikelihood: -54547.093862
[02:18:53] Bootstrap tree #380, logLikelihood: -53870.064657
[02:19:27] Bootstrap tree #381, logLikelihood: -55601.287872
[02:19:50] Bootstrap tree #382, logLikelihood: -52836.034121
[02:20:06] Bootstrap tree #383, logLikelihood: -54974.606594
[02:20:35] Bootstrap tree #384, logLikelihood: -54107.618171
[02:21:06] Bootstrap tree #385, logLikelihood: -53883.928674
[02:21:31] Bootstrap tree #386, logLikelihood: -54465.584518
[02:21:47] Bootstrap tree #387, logLikelihood: -54202.363941
[02:21:55] Bootstrap tree #388, logLikelihood: -54495.970966
[02:22:15] Bootstrap tree #389, logLikelihood: -53673.142155
[02:22:35] Bootstrap tree #390, logLikelihood: -56033.214888
[02:22:50] Bootstrap tree #391, logLikelihood: -55467.453520
[02:23:17] Bootstrap tree #392, logLikelihood: -53099.923233
[02:23:41] Bootstrap tree #393, logLikelihood: -54292.930583
[02:23:58] Bootstrap tree #394, logLikelihood: -53870.622782
[02:24:25] Bootstrap tree #395, logLikelihood: -55181.859767
[02:24:47] Bootstrap tree #396, logLikelihood: -53081.113230
[02:25:01] Bootstrap tree #397, logLikelihood: -53523.302948
[02:25:16] Bootstrap tree #398, logLikelihood: -54321.454076
[02:25:47] Bootstrap tree #399, logLikelihood: -54438.290793
[02:26:05] Bootstrap tree #400, logLikelihood: -54992.741725
[02:26:30] Bootstrap tree #401, logLikelihood: -54151.702707
[02:26:57] Bootstrap tree #402, logLikelihood: -54501.365419
[02:27:14] Bootstrap tree #403, logLikelihood: -55399.233621
[02:27:23] Bootstrap tree #404, logLikelihood: -54939.884274
[02:27:53] Bootstrap tree #405, logLikelihood: -54175.374142
[02:28:13] Bootstrap tree #406, logLikelihood: -54671.184378
[02:28:36] Bootstrap tree #407, logLikelihood: -53795.353370
[02:29:02] Bootstrap tree #408, logLikelihood: -53741.646791
[02:29:17] Bootstrap tree #409, logLikelihood: -53601.289626
[02:29:26] Bootstrap tree #410, logLikelihood: -55072.227746
[02:29:44] Bootstrap tree #411, logLikelihood: -53838.509316
[02:30:15] Bootstrap tree #412, logLikelihood: -55076.135271
[02:30:41] Bootstrap tree #413, logLikelihood: -54002.273330
[02:31:03] Bootstrap tree #414, logLikelihood: -53850.074198
[02:31:24] Bootstrap tree #415, logLikelihood: -54229.745591
[02:31:34] Bootstrap tree #416, logLikelihood: -54929.702860
[02:32:10] Bootstrap tree #417, logLikelihood: -53121.679751
[02:32:21] Bootstrap tree #418, logLikelihood: -53345.401540
[02:32:41] Bootstrap tree #419, logLikelihood: -53570.310025
[02:32:58] Bootstrap tree #420, logLikelihood: -55304.235982
[02:33:12] Bootstrap tree #421, logLikelihood: -54927.264795
[02:33:24] Bootstrap tree #422, logLikelihood: -54866.660819
[02:33:51] Bootstrap tree #423, logLikelihood: -54864.804555
[02:34:03] Bootstrap tree #424, logLikelihood: -55299.159578
[02:34:30] Bootstrap tree #425, logLikelihood: -53855.385558
[02:34:40] Bootstrap tree #426, logLikelihood: -54220.112873
[02:35:09] Bootstrap tree #427, logLikelihood: -55085.833436
[02:35:36] Bootstrap tree #428, logLikelihood: -55009.348236
[02:36:08] Bootstrap tree #429, logLikelihood: -54286.413563
[02:36:32] Bootstrap tree #430, logLikelihood: -54446.868579
[02:36:52] Bootstrap tree #431, logLikelihood: -54614.732159
[02:37:14] Bootstrap tree #432, logLikelihood: -53943.044687
[02:37:33] Bootstrap tree #433, logLikelihood: -54140.656698
[02:37:51] Bootstrap tree #434, logLikelihood: -54221.788770
[02:38:03] Bootstrap tree #435, logLikelihood: -53620.331083
[02:38:29] Bootstrap tree #436, logLikelihood: -54253.754493
[02:38:35] Bootstrap tree #437, logLikelihood: -54521.797300
[02:38:38] Bootstrap tree #438, logLikelihood: -53070.217589
[02:38:42] Bootstrap tree #439, logLikelihood: -54437.511382
[02:38:49] Bootstrap tree #440, logLikelihood: -54891.175369
[02:38:53] Bootstrap tree #441, logLikelihood: -54323.022763
[02:38:57] Bootstrap tree #442, logLikelihood: -55145.305316
[02:39:01] Bootstrap tree #443, logLikelihood: -54459.423314
[02:39:04] Bootstrap tree #444, logLikelihood: -54902.038821
[02:39:08] Bootstrap tree #445, logLikelihood: -55638.325222
[02:39:13] Bootstrap tree #446, logLikelihood: -53437.118319
[02:39:18] Bootstrap tree #447, logLikelihood: -54197.773281
[02:39:22] Bootstrap tree #448, logLikelihood: -55232.556352
[02:39:28] Bootstrap tree #449, logLikelihood: -53760.947026
[02:39:33] Bootstrap tree #450, logLikelihood: -53596.590329
[02:39:38] Bootstrap tree #451, logLikelihood: -54245.316785
[02:39:43] Bootstrap tree #452, logLikelihood: -54099.281931
[02:39:51] Bootstrap tree #453, logLikelihood: -55482.083567
[02:39:55] Bootstrap tree #454, logLikelihood: -53315.150125
[02:39:59] Bootstrap tree #455, logLikelihood: -55375.488777
[02:40:03] Bootstrap tree #456, logLikelihood: -55138.297138
[02:40:07] Bootstrap tree #457, logLikelihood: -54780.466409
[02:40:10] Bootstrap tree #458, logLikelihood: -54274.002368
[02:40:15] Bootstrap tree #459, logLikelihood: -54699.188442
[02:40:19] Bootstrap tree #460, logLikelihood: -54691.162262
[02:40:24] Bootstrap tree #461, logLikelihood: -55403.827637
[02:40:27] Bootstrap tree #462, logLikelihood: -53525.754048
[02:40:30] Bootstrap tree #463, logLikelihood: -55107.386824
[02:40:34] Bootstrap tree #464, logLikelihood: -53808.332708
[02:40:37] Bootstrap tree #465, logLikelihood: -54473.358881
[02:40:40] Bootstrap tree #466, logLikelihood: -55464.986986
[02:40:45] Bootstrap tree #467, logLikelihood: -54798.106720
[02:40:50] Bootstrap tree #468, logLikelihood: -54300.703275
[02:40:55] Bootstrap tree #469, logLikelihood: -54385.103608
[02:41:04] Bootstrap tree #470, logLikelihood: -54886.352750
[02:41:07] Bootstrap tree #471, logLikelihood: -54004.413714
[02:41:13] Bootstrap tree #472, logLikelihood: -55067.373401
[02:41:16] Bootstrap tree #473, logLikelihood: -54216.333220
[02:41:20] Bootstrap tree #474, logLikelihood: -54247.408294
[02:41:34] Bootstrap tree #475, logLikelihood: -55460.105939
[02:41:49] Bootstrap tree #476, logLikelihood: -54737.310685
[02:42:07] Bootstrap tree #477, logLikelihood: -55523.144414
[02:42:23] Bootstrap tree #478, logLikelihood: -54979.033837
[02:42:44] Bootstrap tree #479, logLikelihood: -54547.526720
[02:42:59] Bootstrap tree #480, logLikelihood: -55584.001570
[02:43:34] Bootstrap tree #481, logLikelihood: -54733.889798
[02:43:56] Bootstrap tree #482, logLikelihood: -54896.036363
[02:44:25] Bootstrap tree #483, logLikelihood: -55328.711466
[02:44:41] Bootstrap tree #484, logLikelihood: -52856.492158
[02:45:03] Bootstrap tree #485, logLikelihood: -54779.633543
[02:45:13] Bootstrap tree #486, logLikelihood: -53935.097542
[02:45:20] Bootstrap tree #487, logLikelihood: -56272.829664
[02:45:51] Bootstrap tree #488, logLikelihood: -54709.969693
[02:46:36] Bootstrap tree #489, logLikelihood: -55746.224650
[02:47:30] Bootstrap tree #490, logLikelihood: -55656.009801
[02:48:01] Bootstrap tree #491, logLikelihood: -53748.413066
[02:48:39] Bootstrap tree #492, logLikelihood: -54242.786587
[02:49:02] Bootstrap tree #493, logLikelihood: -53843.275431
[02:49:13] Bootstrap tree #494, logLikelihood: -54189.092322
[02:49:46] Bootstrap tree #495, logLikelihood: -54543.102933
[02:50:17] Bootstrap tree #496, logLikelihood: -54077.947164
[02:51:23] Bootstrap tree #497, logLikelihood: -54654.362761
[02:51:59] Bootstrap tree #498, logLikelihood: -53742.887825
[02:52:49] Bootstrap tree #499, logLikelihood: -56227.105305
[02:53:41] Bootstrap tree #500, logLikelihood: -53904.728088
[02:54:15] Bootstrap tree #501, logLikelihood: -54796.164280
[02:54:49] Bootstrap tree #502, logLikelihood: -55207.320499
[02:55:15] Bootstrap tree #503, logLikelihood: -53111.157446
[02:56:02] Bootstrap tree #504, logLikelihood: -55376.772747
[02:56:48] Bootstrap tree #505, logLikelihood: -53673.166445
[02:56:59] Bootstrap tree #506, logLikelihood: -54466.369648
[02:57:25] Bootstrap tree #507, logLikelihood: -55467.250947
[02:58:02] Bootstrap tree #508, logLikelihood: -54270.099741
[02:58:44] Bootstrap tree #509, logLikelihood: -54116.318913
[02:59:28] Bootstrap tree #510, logLikelihood: -54729.716395
[03:00:17] Bootstrap tree #511, logLikelihood: -55991.138048
[03:00:51] Bootstrap tree #512, logLikelihood: -54469.370980
[03:01:32] Bootstrap tree #513, logLikelihood: -54624.826512
[03:01:47] Bootstrap tree #514, logLikelihood: -54300.905765
[03:02:24] Bootstrap tree #515, logLikelihood: -54482.390973
[03:03:00] Bootstrap tree #516, logLikelihood: -52965.849631
[03:03:44] Bootstrap tree #517, logLikelihood: -54172.214306
[03:04:07] Bootstrap tree #518, logLikelihood: -54780.155891
[03:04:27] Bootstrap tree #519, logLikelihood: -54037.970016
[03:05:12] Bootstrap tree #520, logLikelihood: -53678.542880
[03:05:39] Bootstrap tree #521, logLikelihood: -53905.583747
[03:06:10] Bootstrap tree #522, logLikelihood: -54114.786037
[03:07:05] Bootstrap tree #523, logLikelihood: -54477.343528
[03:07:57] Bootstrap tree #524, logLikelihood: -53855.653094
[03:08:27] Bootstrap tree #525, logLikelihood: -54728.880868
[03:08:59] Bootstrap tree #526, logLikelihood: -53633.709662
[03:09:31] Bootstrap tree #527, logLikelihood: -54249.069180
[03:10:22] Bootstrap tree #528, logLikelihood: -54081.865999
[03:10:45] Bootstrap tree #529, logLikelihood: -54936.128291
[03:11:00] Bootstrap tree #530, logLikelihood: -53645.803227
[03:11:35] Bootstrap tree #531, logLikelihood: -55285.626223
[03:12:09] Bootstrap tree #532, logLikelihood: -54764.942871
[03:12:37] Bootstrap tree #533, logLikelihood: -53329.446997
[03:13:36] Bootstrap tree #534, logLikelihood: -55993.150341
[03:14:15] Bootstrap tree #535, logLikelihood: -54544.963050
[03:14:43] Bootstrap tree #536, logLikelihood: -54300.744821
[03:15:15] Bootstrap tree #537, logLikelihood: -54656.850407
[03:15:52] Bootstrap tree #538, logLikelihood: -53013.191328
[03:16:46] Bootstrap tree #539, logLikelihood: -54417.076064
[03:17:32] Bootstrap tree #540, logLikelihood: -53602.917633
[03:17:54] Bootstrap tree #541, logLikelihood: -55368.802275
[03:18:32] Bootstrap tree #542, logLikelihood: -55239.108519
[03:18:48] Bootstrap tree #543, logLikelihood: -53596.220493
[03:19:31] Bootstrap tree #544, logLikelihood: -54990.960059
[03:19:48] Bootstrap tree #545, logLikelihood: -54194.000733
[03:20:29] Bootstrap tree #546, logLikelihood: -55033.966848
[03:20:44] Bootstrap tree #547, logLikelihood: -53932.681382
[03:21:10] Bootstrap tree #548, logLikelihood: -53806.717420
[03:21:38] Bootstrap tree #549, logLikelihood: -54289.182988
[03:22:04] Bootstrap tree #550, logLikelihood: -56472.710176
[03:22:39] Bootstrap tree #551, logLikelihood: -55879.781483
[03:23:07] Bootstrap tree #552, logLikelihood: -54786.752436
[03:23:39] Bootstrap tree #553, logLikelihood: -53464.100400
[03:24:12] Bootstrap tree #554, logLikelihood: -54401.436359
[03:24:38] Bootstrap tree #555, logLikelihood: -53849.736664
[03:25:15] Bootstrap tree #556, logLikelihood: -53588.970198
[03:25:44] Bootstrap tree #557, logLikelihood: -55038.016632
[03:26:25] Bootstrap tree #558, logLikelihood: -53618.897504
[03:26:56] Bootstrap tree #559, logLikelihood: -53776.672747
[03:27:28] Bootstrap tree #560, logLikelihood: -55419.490680
[03:27:44] Bootstrap tree #561, logLikelihood: -54337.856758
[03:28:14] Bootstrap tree #562, logLikelihood: -54206.080084
[03:28:39] Bootstrap tree #563, logLikelihood: -55024.005879
[03:28:59] Bootstrap tree #564, logLikelihood: -55293.848242
[03:29:43] Bootstrap tree #565, logLikelihood: -53839.854008
[03:30:02] Bootstrap tree #566, logLikelihood: -53484.899588
[03:30:47] Bootstrap tree #567, logLikelihood: -54431.035488
[03:31:06] Bootstrap tree #568, logLikelihood: -54340.886467
[03:32:07] Bootstrap tree #569, logLikelihood: -54309.983803
[03:32:37] Bootstrap tree #570, logLikelihood: -53884.146308
[03:33:28] Bootstrap tree #571, logLikelihood: -54285.463796
[03:33:41] Bootstrap tree #572, logLikelihood: -53435.354121
[03:34:21] Bootstrap tree #573, logLikelihood: -54757.917829
[03:35:13] Bootstrap tree #574, logLikelihood: -53968.923966
[03:36:00] Bootstrap tree #575, logLikelihood: -55349.407305
[03:36:18] Bootstrap tree #576, logLikelihood: -54907.274906
[03:36:22] Bootstrap tree #577, logLikelihood: -54992.054061
[03:36:29] Bootstrap tree #578, logLikelihood: -54475.246668
[03:36:33] Bootstrap tree #579, logLikelihood: -54711.325716
[03:36:59] Bootstrap tree #580, logLikelihood: -55214.272486
[03:37:33] Bootstrap tree #581, logLikelihood: -53807.851104
[03:38:17] Bootstrap tree #582, logLikelihood: -54784.327755
[03:39:06] Bootstrap tree #583, logLikelihood: -53457.684938
[03:39:54] Bootstrap tree #584, logLikelihood: -53200.267311
[03:40:39] Bootstrap tree #585, logLikelihood: -54045.367921
[03:41:12] Bootstrap tree #586, logLikelihood: -55870.421794
[03:41:57] Bootstrap tree #587, logLikelihood: -54306.371126
[03:42:17] Bootstrap tree #588, logLikelihood: -54853.557224
[03:42:58] Bootstrap tree #589, logLikelihood: -55257.091024
[03:43:11] Bootstrap tree #590, logLikelihood: -54600.292800
[03:43:51] Bootstrap tree #591, logLikelihood: -52967.886151
[03:44:30] Bootstrap tree #592, logLikelihood: -54741.684253
[03:45:01] Bootstrap tree #593, logLikelihood: -55998.105480
[03:45:44] Bootstrap tree #594, logLikelihood: -54774.928539
[03:46:21] Bootstrap tree #595, logLikelihood: -55362.467119
[03:46:42] Bootstrap tree #596, logLikelihood: -53871.970509
[03:47:39] Bootstrap tree #597, logLikelihood: -52763.503321
[03:48:22] Bootstrap tree #598, logLikelihood: -54806.617511
[03:49:12] Bootstrap tree #599, logLikelihood: -55122.665222
[03:49:46] Bootstrap tree #600, logLikelihood: -54521.667051
[03:50:22] Bootstrap tree #601, logLikelihood: -53629.947673
[03:51:01] Bootstrap tree #602, logLikelihood: -54636.750913
[03:51:43] Bootstrap tree #603, logLikelihood: -53555.291973
[03:52:30] Bootstrap tree #604, logLikelihood: -54044.011802
[03:53:10] Bootstrap tree #605, logLikelihood: -52832.172659
[03:53:14] Bootstrap tree #606, logLikelihood: -54218.769741
[03:53:19] Bootstrap tree #607, logLikelihood: -53986.554371
[03:53:23] Bootstrap tree #608, logLikelihood: -54757.759175
[03:53:28] Bootstrap tree #609, logLikelihood: -54584.275053
[03:53:32] Bootstrap tree #610, logLikelihood: -55316.163371
[03:53:37] Bootstrap tree #611, logLikelihood: -55641.680985
[03:53:41] Bootstrap tree #612, logLikelihood: -53788.688835
[03:53:46] Bootstrap tree #613, logLikelihood: -54737.427843
[03:53:50] Bootstrap tree #614, logLikelihood: -54461.674558
[03:53:54] Bootstrap tree #615, logLikelihood: -53659.194462
[03:53:59] Bootstrap tree #616, logLikelihood: -54506.680845
[03:54:03] Bootstrap tree #617, logLikelihood: -54038.089341
[03:54:24] Bootstrap tree #618, logLikelihood: -54213.593443
[03:55:06] Bootstrap tree #619, logLikelihood: -55121.334733
[03:55:41] Bootstrap tree #620, logLikelihood: -54755.901652
[03:56:00] Bootstrap tree #621, logLikelihood: -53868.400460
[03:56:39] Bootstrap tree #622, logLikelihood: -55122.180902
[03:57:22] Bootstrap tree #623, logLikelihood: -53135.829362
[03:57:44] Bootstrap tree #624, logLikelihood: -55115.164381
[03:58:33] Bootstrap tree #625, logLikelihood: -54612.621058
[03:59:26] Bootstrap tree #626, logLikelihood: -55421.366668
[04:00:11] Bootstrap tree #627, logLikelihood: -54840.013049
[04:00:47] Bootstrap tree #628, logLikelihood: -55503.771974
[04:01:20] Bootstrap tree #629, logLikelihood: -53176.713656
[04:02:03] Bootstrap tree #630, logLikelihood: -53439.059443
[04:02:58] Bootstrap tree #631, logLikelihood: -54493.516876
[04:03:11] Bootstrap tree #632, logLikelihood: -56223.697489
[04:03:24] Bootstrap tree #633, logLikelihood: -53931.814358
[04:03:33] Bootstrap tree #634, logLikelihood: -54873.497150
[04:03:42] Bootstrap tree #635, logLikelihood: -54323.214378
[04:03:51] Bootstrap tree #636, logLikelihood: -54956.287527
[04:04:09] Bootstrap tree #637, logLikelihood: -53113.285693
[04:04:41] Bootstrap tree #638, logLikelihood: -56218.248706
[04:05:15] Bootstrap tree #639, logLikelihood: -54533.682054
[04:06:02] Bootstrap tree #640, logLikelihood: -54665.025597
[04:06:42] Bootstrap tree #641, logLikelihood: -54704.391471
[04:07:34] Bootstrap tree #642, logLikelihood: -54519.400535
[04:07:51] Bootstrap tree #643, logLikelihood: -55283.294977
[04:08:35] Bootstrap tree #644, logLikelihood: -53400.897114
[04:09:22] Bootstrap tree #645, logLikelihood: -53903.432336
[04:10:04] Bootstrap tree #646, logLikelihood: -53916.004378
[04:10:40] Bootstrap tree #647, logLikelihood: -53857.899084
[04:10:43] Bootstrap tree #648, logLikelihood: -54389.490639
[04:11:17] Bootstrap tree #649, logLikelihood: -54390.669940
[04:12:20] Bootstrap tree #650, logLikelihood: -54482.391756
[04:13:06] Bootstrap tree #651, logLikelihood: -54717.862314
[04:13:57] Bootstrap tree #652, logLikelihood: -56099.365062
[04:14:20] Bootstrap tree #653, logLikelihood: -54598.349924
[04:14:24] Bootstrap tree #654, logLikelihood: -53486.136209
[04:14:29] Bootstrap tree #655, logLikelihood: -54628.625501
[04:14:35] Bootstrap tree #656, logLikelihood: -55086.914608
[04:14:41] Bootstrap tree #657, logLikelihood: -53548.451781
[04:14:47] Bootstrap tree #658, logLikelihood: -53297.449379
[04:14:52] Bootstrap tree #659, logLikelihood: -53637.140196
[04:14:55] Bootstrap tree #660, logLikelihood: -54625.454811
[04:15:01] Bootstrap tree #661, logLikelihood: -54354.245395
[04:15:05] Bootstrap tree #662, logLikelihood: -55310.271920
[04:15:14] Bootstrap tree #663, logLikelihood: -53977.626137
[04:15:17] Bootstrap tree #664, logLikelihood: -54995.220573
[04:15:20] Bootstrap tree #665, logLikelihood: -55396.115916
[04:15:24] Bootstrap tree #666, logLikelihood: -55045.691376
[04:15:38] Bootstrap tree #667, logLikelihood: -55003.120605
[04:16:27] Bootstrap tree #668, logLikelihood: -53770.423062
[04:17:24] Bootstrap tree #669, logLikelihood: -54172.285653
[04:18:06] Bootstrap tree #670, logLikelihood: -55668.201689
[04:18:59] Bootstrap tree #671, logLikelihood: -55125.306673
[04:19:46] Bootstrap tree #672, logLikelihood: -54541.068372
[04:20:35] Bootstrap tree #673, logLikelihood: -54320.534791
[04:21:22] Bootstrap tree #674, logLikelihood: -53796.519158
[04:22:18] Bootstrap tree #675, logLikelihood: -53098.673451
[04:22:48] Bootstrap tree #676, logLikelihood: -54383.001328
[04:23:26] Bootstrap tree #677, logLikelihood: -53117.304075
[04:24:10] Bootstrap tree #678, logLikelihood: -54498.649845
[04:24:59] Bootstrap tree #679, logLikelihood: -54021.064088
[04:25:43] Bootstrap tree #680, logLikelihood: -53387.462550
[04:26:16] Bootstrap tree #681, logLikelihood: -53954.960496
[04:26:36] Bootstrap tree #682, logLikelihood: -55143.758367
[04:27:22] Bootstrap tree #683, logLikelihood: -53629.343729
[04:28:05] Bootstrap tree #684, logLikelihood: -54613.874448
[04:28:54] Bootstrap tree #685, logLikelihood: -53993.111393
[04:29:32] Bootstrap tree #686, logLikelihood: -55111.693357
[04:30:11] Bootstrap tree #687, logLikelihood: -54376.777302
[04:30:46] Bootstrap tree #688, logLikelihood: -54932.929952
[04:31:27] Bootstrap tree #689, logLikelihood: -55110.010357
[04:31:35] Bootstrap tree #690, logLikelihood: -55247.051220
[04:32:09] Bootstrap tree #691, logLikelihood: -55969.242535
[04:33:00] Bootstrap tree #692, logLikelihood: -55021.901875
[04:33:31] Bootstrap tree #693, logLikelihood: -54475.211710
[04:34:09] Bootstrap tree #694, logLikelihood: -54465.075287
[04:34:28] Bootstrap tree #695, logLikelihood: -54555.893966
[04:35:13] Bootstrap tree #696, logLikelihood: -55045.199265
[04:36:06] Bootstrap tree #697, logLikelihood: -53514.405841
[04:36:36] Bootstrap tree #698, logLikelihood: -53718.159523
[04:37:15] Bootstrap tree #699, logLikelihood: -53648.997392
[04:38:00] Bootstrap tree #700, logLikelihood: -55432.475191
[04:38:45] Bootstrap tree #701, logLikelihood: -54902.555758
[04:39:36] Bootstrap tree #702, logLikelihood: -55243.663143
[04:40:31] Bootstrap tree #703, logLikelihood: -54011.409109
[04:41:22] Bootstrap tree #704, logLikelihood: -53832.077936
[04:42:09] Bootstrap tree #705, logLikelihood: -55438.520785
[04:42:44] Bootstrap tree #706, logLikelihood: -53473.070061
[04:43:11] Bootstrap tree #707, logLikelihood: -54895.976656
[04:43:55] Bootstrap tree #708, logLikelihood: -54681.816703
[04:44:25] Bootstrap tree #709, logLikelihood: -53383.917730
[04:45:09] Bootstrap tree #710, logLikelihood: -55116.582111
[04:46:03] Bootstrap tree #711, logLikelihood: -54126.644243
[04:47:22] Bootstrap tree #712, logLikelihood: -56385.322109
[04:48:14] Bootstrap tree #713, logLikelihood: -54386.415469
[04:49:02] Bootstrap tree #714, logLikelihood: -53704.724188
[04:50:02] Bootstrap tree #715, logLikelihood: -53994.272979
[04:50:23] Bootstrap tree #716, logLikelihood: -53140.372548
[04:51:14] Bootstrap tree #717, logLikelihood: -56117.242715
[04:52:02] Bootstrap tree #718, logLikelihood: -54741.740271
[04:52:43] Bootstrap tree #719, logLikelihood: -53095.706470
[04:53:18] Bootstrap tree #720, logLikelihood: -54494.122008
[04:53:40] Bootstrap tree #721, logLikelihood: -54672.109713
[04:54:16] Bootstrap tree #722, logLikelihood: -54774.786249
[04:55:03] Bootstrap tree #723, logLikelihood: -54846.179964
[04:55:57] Bootstrap tree #724, logLikelihood: -55642.703495
[04:56:13] Bootstrap tree #725, logLikelihood: -54958.016974
[04:56:49] Bootstrap tree #726, logLikelihood: -55059.146274
[04:57:30] Bootstrap tree #727, logLikelihood: -54463.988770
[04:58:12] Bootstrap tree #728, logLikelihood: -54514.915790
[04:59:06] Bootstrap tree #729, logLikelihood: -54345.415676
[04:59:48] Bootstrap tree #730, logLikelihood: -54296.824105
[05:00:38] Bootstrap tree #731, logLikelihood: -54006.407618
[05:01:20] Bootstrap tree #732, logLikelihood: -55077.838534
[05:02:14] Bootstrap tree #733, logLikelihood: -55475.034189
[05:02:39] Bootstrap tree #734, logLikelihood: -54307.761080
[05:02:49] Bootstrap tree #735, logLikelihood: -54697.691209
[05:02:54] Bootstrap tree #736, logLikelihood: -53113.700746
[05:02:58] Bootstrap tree #737, logLikelihood: -55080.473712
[05:03:02] Bootstrap tree #738, logLikelihood: -55866.928921
[05:03:07] Bootstrap tree #739, logLikelihood: -54034.005461
[05:03:13] Bootstrap tree #740, logLikelihood: -54688.529822
[05:03:17] Bootstrap tree #741, logLikelihood: -55264.863078
[05:03:22] Bootstrap tree #742, logLikelihood: -54059.315070
[05:03:28] Bootstrap tree #743, logLikelihood: -54859.273507
[05:03:32] Bootstrap tree #744, logLikelihood: -53963.070244
[05:03:35] Bootstrap tree #745, logLikelihood: -53892.559634
[05:03:39] Bootstrap tree #746, logLikelihood: -54773.500323
[05:03:47] Bootstrap tree #747, logLikelihood: -54671.197656
[05:03:50] Bootstrap tree #748, logLikelihood: -54107.554054
[05:03:53] Bootstrap tree #749, logLikelihood: -54205.081804
[05:03:57] Bootstrap tree #750, logLikelihood: -55685.796245
[05:04:02] Bootstrap tree #751, logLikelihood: -53544.783816
[05:04:09] Bootstrap tree #752, logLikelihood: -53768.817598
[05:04:14] Bootstrap tree #753, logLikelihood: -54346.644127
[05:04:18] Bootstrap tree #754, logLikelihood: -54044.981031
[05:04:24] Bootstrap tree #755, logLikelihood: -53277.391365
[05:05:01] Bootstrap tree #756, logLikelihood: -52761.176096
[05:05:50] Bootstrap tree #757, logLikelihood: -54748.165831
[05:06:21] Bootstrap tree #758, logLikelihood: -54495.869141
[05:06:36] Bootstrap tree #759, logLikelihood: -54017.233966
[05:07:26] Bootstrap tree #760, logLikelihood: -55075.915457
[05:08:21] Bootstrap tree #761, logLikelihood: -54081.616869
[05:09:08] Bootstrap tree #762, logLikelihood: -54606.595309
[05:09:52] Bootstrap tree #763, logLikelihood: -53716.634492
[05:10:51] Bootstrap tree #764, logLikelihood: -53980.120145
[05:11:47] Bootstrap tree #765, logLikelihood: -54713.241750
[05:11:52] Bootstrap tree #766, logLikelihood: -54909.127066
[05:11:56] Bootstrap tree #767, logLikelihood: -53759.417767
[05:12:01] Bootstrap tree #768, logLikelihood: -54467.359712
[05:12:07] Bootstrap tree #769, logLikelihood: -55437.095379
[05:12:11] Bootstrap tree #770, logLikelihood: -52733.783500
[05:12:15] Bootstrap tree #771, logLikelihood: -53976.094485
[05:12:22] Bootstrap tree #772, logLikelihood: -54060.257467
[05:12:25] Bootstrap tree #773, logLikelihood: -54772.130160
[05:12:31] Bootstrap tree #774, logLikelihood: -54560.658497
[05:12:35] Bootstrap tree #775, logLikelihood: -54273.301115
[05:12:39] Bootstrap tree #776, logLikelihood: -54678.784282
[05:12:45] Bootstrap tree #777, logLikelihood: -54656.384862
[05:12:52] Bootstrap tree #778, logLikelihood: -53736.580632
[05:12:58] Bootstrap tree #779, logLikelihood: -54665.742954
[05:13:03] Bootstrap tree #780, logLikelihood: -54202.993740
[05:13:08] Bootstrap tree #781, logLikelihood: -54848.359367
[05:13:12] Bootstrap tree #782, logLikelihood: -54527.180007
[05:13:16] Bootstrap tree #783, logLikelihood: -55037.084743
[05:13:20] Bootstrap tree #784, logLikelihood: -54860.917417
[05:13:25] Bootstrap tree #785, logLikelihood: -54223.689050
[05:13:31] Bootstrap tree #786, logLikelihood: -53957.552469
[05:13:37] Bootstrap tree #787, logLikelihood: -53411.591787
[05:13:43] Bootstrap tree #788, logLikelihood: -54468.061250
[05:13:47] Bootstrap tree #789, logLikelihood: -53992.126031
[05:13:51] Bootstrap tree #790, logLikelihood: -52846.069850
[05:13:56] Bootstrap tree #791, logLikelihood: -54506.318789
[05:14:01] Bootstrap tree #792, logLikelihood: -53354.157057
[05:14:08] Bootstrap tree #793, logLikelihood: -55516.853388
[05:14:12] Bootstrap tree #794, logLikelihood: -54086.225794
[05:14:19] Bootstrap tree #795, logLikelihood: -53368.984909
[05:14:26] Bootstrap tree #796, logLikelihood: -54707.992807
[05:14:29] Bootstrap tree #797, logLikelihood: -53992.994190
[05:14:33] Bootstrap tree #798, logLikelihood: -53528.693551
[05:14:36] Bootstrap tree #799, logLikelihood: -55016.006927
[05:14:42] Bootstrap tree #800, logLikelihood: -54597.765773
[05:15:25] Bootstrap tree #801, logLikelihood: -53355.582519
[05:15:58] Bootstrap tree #802, logLikelihood: -53715.584348
[05:16:05] Bootstrap tree #803, logLikelihood: -54348.421725
[05:16:09] Bootstrap tree #804, logLikelihood: -53567.297668
[05:16:14] Bootstrap tree #805, logLikelihood: -55176.188317
[05:16:20] Bootstrap tree #806, logLikelihood: -55209.099152
[05:16:24] Bootstrap tree #807, logLikelihood: -54950.653751
[05:16:31] Bootstrap tree #808, logLikelihood: -54873.667634
[05:16:38] Bootstrap tree #809, logLikelihood: -53972.512336
[05:16:43] Bootstrap tree #810, logLikelihood: -54576.030180
[05:16:48] Bootstrap tree #811, logLikelihood: -54515.730593
[05:16:52] Bootstrap tree #812, logLikelihood: -53677.122419
[05:16:55] Bootstrap tree #813, logLikelihood: -53480.646445
[05:17:11] Bootstrap tree #814, logLikelihood: -54384.075405
[05:18:10] Bootstrap tree #815, logLikelihood: -55308.828852
[05:18:52] Bootstrap tree #816, logLikelihood: -54435.600063
[05:20:01] Bootstrap tree #817, logLikelihood: -54172.578273
[05:20:57] Bootstrap tree #818, logLikelihood: -54640.413850
[05:21:52] Bootstrap tree #819, logLikelihood: -55493.740604
[05:22:51] Bootstrap tree #820, logLikelihood: -55111.458344
[05:23:25] Bootstrap tree #821, logLikelihood: -53594.106385
[05:23:30] Bootstrap tree #822, logLikelihood: -53778.791113
[05:23:58] Bootstrap tree #823, logLikelihood: -55552.011521
[05:24:43] Bootstrap tree #824, logLikelihood: -55077.001451
[05:25:58] Bootstrap tree #825, logLikelihood: -55544.984421
[05:26:09] Bootstrap tree #826, logLikelihood: -54541.279481
[05:26:58] Bootstrap tree #827, logLikelihood: -55091.931192
[05:27:16] Bootstrap tree #828, logLikelihood: -54951.302739
[05:28:11] Bootstrap tree #829, logLikelihood: -53994.968455
[05:29:01] Bootstrap tree #830, logLikelihood: -54806.459536
[05:29:45] Bootstrap tree #831, logLikelihood: -56048.550365
[05:30:19] Bootstrap tree #832, logLikelihood: -53671.210787
[05:31:11] Bootstrap tree #833, logLikelihood: -54489.826534
[05:31:59] Bootstrap tree #834, logLikelihood: -54480.424210
[05:32:47] Bootstrap tree #835, logLikelihood: -53156.617648
[05:33:36] Bootstrap tree #836, logLikelihood: -54483.832769
[05:34:22] Bootstrap tree #837, logLikelihood: -54675.178896
[05:35:14] Bootstrap tree #838, logLikelihood: -53812.275128
[05:36:14] Bootstrap tree #839, logLikelihood: -56137.853599
[05:36:30] Bootstrap tree #840, logLikelihood: -53975.630055
[05:37:14] Bootstrap tree #841, logLikelihood: -53812.075867
[05:37:36] Bootstrap tree #842, logLikelihood: -54691.355628
[05:38:38] Bootstrap tree #843, logLikelihood: -53834.627507
[05:39:23] Bootstrap tree #844, logLikelihood: -54448.397052
[05:39:52] Bootstrap tree #845, logLikelihood: -53985.281785
[05:40:42] Bootstrap tree #846, logLikelihood: -54172.773150
[05:41:28] Bootstrap tree #847, logLikelihood: -54753.096203
[05:41:33] Bootstrap tree #848, logLikelihood: -53535.736354
[05:41:40] Bootstrap tree #849, logLikelihood: -54002.634858
[05:41:45] Bootstrap tree #850, logLikelihood: -53900.189335
[05:41:50] Bootstrap tree #851, logLikelihood: -53601.506662
[05:41:57] Bootstrap tree #852, logLikelihood: -54100.370965
[05:42:02] Bootstrap tree #853, logLikelihood: -54328.435462
[05:42:07] Bootstrap tree #854, logLikelihood: -54031.524080
[05:42:12] Bootstrap tree #855, logLikelihood: -54960.305624
[05:42:17] Bootstrap tree #856, logLikelihood: -54477.480268
[05:42:21] Bootstrap tree #857, logLikelihood: -53675.944657
[05:43:02] Bootstrap tree #858, logLikelihood: -53475.562024
[05:44:10] Bootstrap tree #859, logLikelihood: -53913.725073
[05:44:55] Bootstrap tree #860, logLikelihood: -55062.849431
[05:45:30] Bootstrap tree #861, logLikelihood: -55427.057237
[05:46:19] Bootstrap tree #862, logLikelihood: -53173.984069
[05:47:25] Bootstrap tree #863, logLikelihood: -54403.288193
[05:48:04] Bootstrap tree #864, logLikelihood: -53049.284976
[05:48:38] Bootstrap tree #865, logLikelihood: -53236.819706
[05:49:24] Bootstrap tree #866, logLikelihood: -54708.939250
[05:50:15] Bootstrap tree #867, logLikelihood: -53766.681304
[05:51:10] Bootstrap tree #868, logLikelihood: -55518.975019
[05:51:34] Bootstrap tree #869, logLikelihood: -55719.634117
[05:51:40] Bootstrap tree #870, logLikelihood: -55264.195532
[05:52:07] Bootstrap tree #871, logLikelihood: -54293.578657
[05:53:10] Bootstrap tree #872, logLikelihood: -54812.285941
[05:53:57] Bootstrap tree #873, logLikelihood: -55007.675726
[05:54:37] Bootstrap tree #874, logLikelihood: -55022.754858
[05:55:19] Bootstrap tree #875, logLikelihood: -54024.787048
[05:55:40] Bootstrap tree #876, logLikelihood: -54018.080822
[05:56:35] Bootstrap tree #877, logLikelihood: -54445.259806
[05:57:14] Bootstrap tree #878, logLikelihood: -54180.025875
[05:58:05] Bootstrap tree #879, logLikelihood: -54979.347594
[05:58:54] Bootstrap tree #880, logLikelihood: -53763.737946
[05:59:01] Bootstrap tree #881, logLikelihood: -52712.612149
[05:59:06] Bootstrap tree #882, logLikelihood: -53832.476560
[05:59:14] Bootstrap tree #883, logLikelihood: -55258.314189
[05:59:18] Bootstrap tree #884, logLikelihood: -54646.960541
[05:59:24] Bootstrap tree #885, logLikelihood: -54344.806990
[05:59:53] Bootstrap tree #886, logLikelihood: -54863.052411
[06:00:57] Bootstrap tree #887, logLikelihood: -54946.685187
[06:01:27] Bootstrap tree #888, logLikelihood: -55382.093942
[06:02:06] Bootstrap tree #889, logLikelihood: -53898.546897
[06:02:50] Bootstrap tree #890, logLikelihood: -56576.469263
[06:03:45] Bootstrap tree #891, logLikelihood: -55413.688031
[06:04:27] Bootstrap tree #892, logLikelihood: -55227.746540
[06:05:05] Bootstrap tree #893, logLikelihood: -54146.660446
[06:06:05] Bootstrap tree #894, logLikelihood: -53496.106713
[06:06:39] Bootstrap tree #895, logLikelihood: -54589.458359
[06:07:33] Bootstrap tree #896, logLikelihood: -54611.243851
[06:08:00] Bootstrap tree #897, logLikelihood: -54418.002714
[06:08:46] Bootstrap tree #898, logLikelihood: -54909.496962
[06:09:40] Bootstrap tree #899, logLikelihood: -53733.056142
[06:10:34] Bootstrap tree #900, logLikelihood: -53672.458906
[06:11:25] Bootstrap tree #901, logLikelihood: -54284.023715
[06:12:10] Bootstrap tree #902, logLikelihood: -54790.811114
[06:13:05] Bootstrap tree #903, logLikelihood: -54281.328389
[06:13:59] Bootstrap tree #904, logLikelihood: -54567.924121
[06:14:47] Bootstrap tree #905, logLikelihood: -54648.197718
[06:15:31] Bootstrap tree #906, logLikelihood: -54584.835767
[06:16:19] Bootstrap tree #907, logLikelihood: -54488.827536
[06:17:24] Bootstrap tree #908, logLikelihood: -53859.660941
[06:17:42] Bootstrap tree #909, logLikelihood: -54583.105413
[06:18:27] Bootstrap tree #910, logLikelihood: -54732.778609
[06:19:14] Bootstrap tree #911, logLikelihood: -54123.627401
[06:19:47] Bootstrap tree #912, logLikelihood: -53968.035889
[06:20:23] Bootstrap tree #913, logLikelihood: -55504.791856
[06:20:55] Bootstrap tree #914, logLikelihood: -54121.543323
[06:21:44] Bootstrap tree #915, logLikelihood: -55020.116997
[06:22:18] Bootstrap tree #916, logLikelihood: -53208.734037
[06:22:57] Bootstrap tree #917, logLikelihood: -54779.377221
[06:23:34] Bootstrap tree #918, logLikelihood: -53648.509467
[06:24:33] Bootstrap tree #919, logLikelihood: -54299.429054
[06:24:43] Bootstrap tree #920, logLikelihood: -54501.372599
[06:24:56] Bootstrap tree #921, logLikelihood: -53876.743712
[06:25:06] Bootstrap tree #922, logLikelihood: -54664.595787
[06:25:16] Bootstrap tree #923, logLikelihood: -53988.885744
[06:25:28] Bootstrap tree #924, logLikelihood: -53754.556305
[06:25:38] Bootstrap tree #925, logLikelihood: -55204.697674
[06:25:51] Bootstrap tree #926, logLikelihood: -53554.093972
[06:26:03] Bootstrap tree #927, logLikelihood: -54417.956126
[06:26:16] Bootstrap tree #928, logLikelihood: -53452.373039
[06:26:46] Bootstrap tree #929, logLikelihood: -55120.517383
[06:27:15] Bootstrap tree #930, logLikelihood: -54570.057461
[06:27:19] Bootstrap tree #931, logLikelihood: -54449.712980
[06:27:24] Bootstrap tree #932, logLikelihood: -54543.015269
[06:27:30] Bootstrap tree #933, logLikelihood: -54143.930123
[06:27:35] Bootstrap tree #934, logLikelihood: -54849.900244
[06:27:42] Bootstrap tree #935, logLikelihood: -54585.663933
[06:27:47] Bootstrap tree #936, logLikelihood: -55010.700588
[06:27:52] Bootstrap tree #937, logLikelihood: -54609.644089
[06:27:56] Bootstrap tree #938, logLikelihood: -55495.251677
[06:28:01] Bootstrap tree #939, logLikelihood: -55209.363940
[06:28:10] Bootstrap tree #940, logLikelihood: -54429.809238
[06:29:00] Bootstrap tree #941, logLikelihood: -53627.759616
[06:29:38] Bootstrap tree #942, logLikelihood: -55392.454991
[06:30:16] Bootstrap tree #943, logLikelihood: -54255.155527
[06:30:52] Bootstrap tree #944, logLikelihood: -54449.201042
[06:31:26] Bootstrap tree #945, logLikelihood: -54820.225900
[06:31:52] Bootstrap tree #946, logLikelihood: -54680.202140
[06:32:46] Bootstrap tree #947, logLikelihood: -54476.133899
[06:33:25] Bootstrap tree #948, logLikelihood: -55654.460354
[06:34:08] Bootstrap tree #949, logLikelihood: -53262.231091
[06:34:36] Bootstrap tree #950, logLikelihood: -54087.320365
[06:35:30] Bootstrap tree #951, logLikelihood: -54739.069997
[06:36:14] Bootstrap tree #952, logLikelihood: -55264.781030
[06:37:08] Bootstrap tree #953, logLikelihood: -54247.376686
[06:37:40] Bootstrap tree #954, logLikelihood: -54817.207611
[06:38:11] Bootstrap tree #955, logLikelihood: -54884.527300
[06:38:54] Bootstrap tree #956, logLikelihood: -55088.153206
[06:39:28] Bootstrap tree #957, logLikelihood: -54619.192376
[06:39:53] Bootstrap tree #958, logLikelihood: -53836.386144
[06:40:07] Bootstrap tree #959, logLikelihood: -55406.497509
[06:40:42] Bootstrap tree #960, logLikelihood: -55111.592411
[06:41:52] Bootstrap tree #961, logLikelihood: -54561.478011
[06:42:42] Bootstrap tree #962, logLikelihood: -54842.106393
[06:43:48] Bootstrap tree #963, logLikelihood: -54289.285623
[06:44:21] Bootstrap tree #964, logLikelihood: -53649.622262
[06:45:01] Bootstrap tree #965, logLikelihood: -55392.913598
[06:45:45] Bootstrap tree #966, logLikelihood: -55808.687877
[06:46:20] Bootstrap tree #967, logLikelihood: -54341.369785
[06:47:26] Bootstrap tree #968, logLikelihood: -54060.674014
[06:48:17] Bootstrap tree #969, logLikelihood: -53306.896586
[06:49:04] Bootstrap tree #970, logLikelihood: -54977.105677
[06:49:17] Bootstrap tree #971, logLikelihood: -52910.555455
[06:49:23] Bootstrap tree #972, logLikelihood: -54137.643819
[06:49:29] Bootstrap tree #973, logLikelihood: -53889.519311
[06:49:35] Bootstrap tree #974, logLikelihood: -54166.433138
[06:49:40] Bootstrap tree #975, logLikelihood: -54297.746989
[06:49:46] Bootstrap tree #976, logLikelihood: -54617.620126
[06:49:52] Bootstrap tree #977, logLikelihood: -54270.331198
[06:49:56] Bootstrap tree #978, logLikelihood: -54952.172068
[06:50:00] Bootstrap tree #979, logLikelihood: -53830.725467
[06:50:05] Bootstrap tree #980, logLikelihood: -54351.611169
[06:50:14] Bootstrap tree #981, logLikelihood: -55157.191545
[06:50:27] Bootstrap tree #982, logLikelihood: -55236.061369
[06:50:50] Bootstrap tree #983, logLikelihood: -54171.738736
[06:51:35] Bootstrap tree #984, logLikelihood: -54324.605058
[06:52:05] Bootstrap tree #985, logLikelihood: -55128.968304
[06:52:12] Bootstrap tree #986, logLikelihood: -55865.635218
[06:52:15] Bootstrap tree #987, logLikelihood: -54283.335687
[06:52:21] Bootstrap tree #988, logLikelihood: -55002.453188
[06:52:26] Bootstrap tree #989, logLikelihood: -54304.218460
[06:52:30] Bootstrap tree #990, logLikelihood: -55410.964434
[06:52:36] Bootstrap tree #991, logLikelihood: -54484.254336
[06:52:43] Bootstrap tree #992, logLikelihood: -53888.129998
[06:52:50] Bootstrap tree #993, logLikelihood: -55143.275844
[06:52:56] Bootstrap tree #994, logLikelihood: -54760.675688
[06:53:03] Bootstrap tree #995, logLikelihood: -54935.694592
[06:53:06] Bootstrap tree #996, logLikelihood: -55600.200553
[06:53:10] Bootstrap tree #997, logLikelihood: -53927.311669
[06:53:15] Bootstrap tree #998, logLikelihood: -54330.206855
[06:53:19] Bootstrap tree #999, logLikelihood: -54256.902707
[06:53:26] Bootstrap tree #1000, logLikelihood: -54225.657373

Optimized model parameters:

   Partition 0: noname
   Rate heterogeneity: NONE
   Base frequencies (ML): 0.208850 0.282676 0.123490 0.384983 
   Substitution rates (model): 1.000000 1.000000 1.000000 1.000000 1.000000 1.000000 

Final LogLikelihood: -54568.308898

AIC score: 109216.617796 / AICc score: 109217.356368 / BIC score: 109472.930782
Free parameters (model + branch lengths): 40

All ML trees saved to: /home/laurmel/EEOB563_labs/lab4/data2/heylo.raxml.mlTrees
Best ML tree saved to: /home/laurmel/EEOB563_labs/lab4/data2/heylo.raxml.bestTree
Best ML tree with Felsenstein bootstrap (FBP) support values saved to: /home/laurmel/EEOB563_labs/lab4/data2/heylo.raxml.support
Optimized model saved to: /home/laurmel/EEOB563_labs/lab4/data2/heylo.raxml.bestModel
Bootstrap trees saved to: /home/laurmel/EEOB563_labs/lab4/data2/heylo.raxml.bootstraps

Execution log saved to: /home/laurmel/EEOB563_labs/lab4/data2/heylo.raxml.log

Analysis started: 12-Mar-2019 11:00:19 / finished: 12-Mar-2019 17:53:46

Elapsed time: 24807.459 seconds

