
RAxML-NG v. 0.8.0 BETA released on 11.01.2019 by The Exelixis Lab.
Authors: Alexey Kozlov, Alexandros Stamatakis, Diego Darriba, Tomas Flouri, Benoit Morel.
Latest version: https://github.com/amkozlov/raxml-ng
Questions/problems/suggestions? Please visit: https://groups.google.com/forum/#!forum/raxml

WARNING: This is a BETA release, please use at your own risk!

RAxML-NG was called at 12-Mar-2019 15:44:37 as follows:

raxml-ng --all --msa alignment.fs --model F81 --prefix heylooo --threads 4 --bs-trees 1000 --bs-metric fbp

Analysis options:
  run mode: ML tree search + bootstrapping (Felsenstein Bootstrap)
  start tree(s): random (10) + parsimony (10)
  bootstrap replicates: 1000
  random seed: 1552423477
  tip-inner: OFF
  pattern compression: ON
  per-rate scalers: OFF
  site repeats: ON
  branch lengths: proportional (ML estimate, algorithm: NR-FAST)
  SIMD kernels: AVX
  parallelization: PTHREADS (4 threads), thread pinning: OFF

[00:00:03] Reading alignment from file: alignment.fs
[00:00:03] Loaded alignment with 20 taxa and 4482 sites

Alignment comprises 1 partitions and 2114 patterns

Partition 0: noname
Model: F81+FO
Alignment sites / patterns: 4482 / 2114
Gaps: 6.81 %
Invariant sites: 1.18 %


NOTE: Binary MSA file created: heylooo.raxml.rba

[00:00:04] Generating 10 random starting tree(s) with 20 taxa
[00:00:04] Generating 10 parsimony starting tree(s) with 20 taxa
[00:00:04] Data distribution: max. partitions/sites/weight per thread: 1 / 529 / 2116

Starting ML tree search with 20 distinct starting trees

[00:01:04] ML tree search #1, logLikelihood: -54568.308920
[00:01:58] ML tree search #2, logLikelihood: -54568.308962
[00:03:24] ML tree search #3, logLikelihood: -54578.580221
[00:04:24] ML tree search #4, logLikelihood: -54578.580229
[00:05:31] ML tree search #5, logLikelihood: -54568.308941
[00:05:55] ML tree search #6, logLikelihood: -54578.580188
[00:06:53] ML tree search #7, logLikelihood: -54568.308928
[00:07:44] ML tree search #8, logLikelihood: -54568.308926
[00:08:40] ML tree search #9, logLikelihood: -54568.308930
[00:09:02] ML tree search #10, logLikelihood: -54578.580191
[00:09:42] ML tree search #11, logLikelihood: -54586.286286
[00:10:15] ML tree search #12, logLikelihood: -54568.308924
[00:11:04] ML tree search #13, logLikelihood: -54568.308908
[00:11:41] ML tree search #14, logLikelihood: -54568.308890
[00:12:15] ML tree search #15, logLikelihood: -54568.308920
[00:12:34] ML tree search #16, logLikelihood: -54568.308892
[00:13:38] ML tree search #17, logLikelihood: -54568.308974
[00:14:21] ML tree search #18, logLikelihood: -54568.308921
[00:15:26] ML tree search #19, logLikelihood: -54568.308891
[00:16:17] ML tree search #20, logLikelihood: -54568.308927

[00:16:20] ML tree search completed, best tree logLH: -54568.308890

[00:16:20] Starting bootstrapping analysis with 1000 replicates.

[00:17:04] Bootstrap tree #1, logLikelihood: -54704.984495
[00:17:56] Bootstrap tree #2, logLikelihood: -54293.163498
[00:18:19] Bootstrap tree #3, logLikelihood: -54485.084776
[00:18:30] Bootstrap tree #4, logLikelihood: -54965.397570
[00:18:34] Bootstrap tree #5, logLikelihood: -54602.931903
[00:18:38] Bootstrap tree #6, logLikelihood: -53544.007160
[00:18:42] Bootstrap tree #7, logLikelihood: -54045.772810
[00:18:45] Bootstrap tree #8, logLikelihood: -54347.165134
[00:18:53] Bootstrap tree #9, logLikelihood: -54212.334105
[00:18:56] Bootstrap tree #10, logLikelihood: -54064.765620
[00:18:59] Bootstrap tree #11, logLikelihood: -54634.829014
[00:19:04] Bootstrap tree #12, logLikelihood: -54681.643692
[00:19:10] Bootstrap tree #13, logLikelihood: -54326.828787
[00:19:16] Bootstrap tree #14, logLikelihood: -54289.999843
[00:19:21] Bootstrap tree #15, logLikelihood: -53075.708505
[00:19:26] Bootstrap tree #16, logLikelihood: -54430.554605
[00:19:31] Bootstrap tree #17, logLikelihood: -54541.752253
[00:19:36] Bootstrap tree #18, logLikelihood: -54279.961344
[00:19:41] Bootstrap tree #19, logLikelihood: -54187.838442
[00:19:47] Bootstrap tree #20, logLikelihood: -53416.987023
[00:19:53] Bootstrap tree #21, logLikelihood: -54442.165766
[00:19:57] Bootstrap tree #22, logLikelihood: -54174.743827
[00:20:02] Bootstrap tree #23, logLikelihood: -55042.856213
[00:20:13] Bootstrap tree #24, logLikelihood: -55522.900171
[00:20:51] Bootstrap tree #25, logLikelihood: -55282.191671
[00:21:44] Bootstrap tree #26, logLikelihood: -54718.656654
[00:22:08] Bootstrap tree #27, logLikelihood: -55703.439389
[00:22:24] Bootstrap tree #28, logLikelihood: -54276.908108
[00:23:04] Bootstrap tree #29, logLikelihood: -54088.869853
[00:23:47] Bootstrap tree #30, logLikelihood: -54655.758102
[00:24:44] Bootstrap tree #31, logLikelihood: -54268.868432
[00:25:21] Bootstrap tree #32, logLikelihood: -53554.005513
[00:26:06] Bootstrap tree #33, logLikelihood: -54872.693274
[00:27:00] Bootstrap tree #34, logLikelihood: -55622.241453
[00:27:29] Bootstrap tree #35, logLikelihood: -55109.723910
[00:27:34] Bootstrap tree #36, logLikelihood: -54325.121835
[00:27:38] Bootstrap tree #37, logLikelihood: -53846.785717
[00:27:42] Bootstrap tree #38, logLikelihood: -54233.675570
[00:27:52] Bootstrap tree #39, logLikelihood: -55219.610889
[00:27:56] Bootstrap tree #40, logLikelihood: -53893.561174
[00:28:04] Bootstrap tree #41, logLikelihood: -56132.302591
[00:28:11] Bootstrap tree #42, logLikelihood: -54381.182639
[00:28:15] Bootstrap tree #43, logLikelihood: -53033.465821
[00:28:19] Bootstrap tree #44, logLikelihood: -54627.647058
[00:28:25] Bootstrap tree #45, logLikelihood: -55255.160160
[00:28:29] Bootstrap tree #46, logLikelihood: -55445.185822
[00:28:37] Bootstrap tree #47, logLikelihood: -53909.551527
[00:28:42] Bootstrap tree #48, logLikelihood: -53926.463096
[00:28:46] Bootstrap tree #49, logLikelihood: -55548.746709
[00:28:50] Bootstrap tree #50, logLikelihood: -54208.531842
[00:28:56] Bootstrap tree #51, logLikelihood: -54934.480569
[00:29:00] Bootstrap tree #52, logLikelihood: -54485.081426
[00:29:06] Bootstrap tree #53, logLikelihood: -55736.099588
[00:29:11] Bootstrap tree #54, logLikelihood: -55434.740241
[00:29:17] Bootstrap tree #55, logLikelihood: -55221.407655
[00:29:21] Bootstrap tree #56, logLikelihood: -54093.415224
[00:29:26] Bootstrap tree #57, logLikelihood: -53627.509027
[00:29:31] Bootstrap tree #58, logLikelihood: -52578.386525
[00:29:36] Bootstrap tree #59, logLikelihood: -54280.705764
[00:29:42] Bootstrap tree #60, logLikelihood: -55065.371328
[00:29:48] Bootstrap tree #61, logLikelihood: -54469.490804
[00:29:52] Bootstrap tree #62, logLikelihood: -53985.518117
[00:29:58] Bootstrap tree #63, logLikelihood: -54558.496773
[00:30:02] Bootstrap tree #64, logLikelihood: -54331.341161
[00:30:06] Bootstrap tree #65, logLikelihood: -54407.789003
[00:30:09] Bootstrap tree #66, logLikelihood: -53240.570427
[00:30:12] Bootstrap tree #67, logLikelihood: -54676.051280
[00:30:15] Bootstrap tree #68, logLikelihood: -55121.186208
[00:30:22] Bootstrap tree #69, logLikelihood: -54755.526867
[00:31:03] Bootstrap tree #70, logLikelihood: -53334.582982
[00:31:37] Bootstrap tree #71, logLikelihood: -54947.056248
[00:31:44] Bootstrap tree #72, logLikelihood: -52592.412361
[00:31:49] Bootstrap tree #73, logLikelihood: -55001.888573
[00:31:52] Bootstrap tree #74, logLikelihood: -54489.219459
[00:31:57] Bootstrap tree #75, logLikelihood: -54420.436095
[00:32:03] Bootstrap tree #76, logLikelihood: -55058.963356
[00:32:07] Bootstrap tree #77, logLikelihood: -53794.781562
[00:32:13] Bootstrap tree #78, logLikelihood: -54599.554855
[00:32:17] Bootstrap tree #79, logLikelihood: -55430.321336
[00:32:22] Bootstrap tree #80, logLikelihood: -54444.939949
[00:32:28] Bootstrap tree #81, logLikelihood: -54467.629559
[00:32:32] Bootstrap tree #82, logLikelihood: -53277.782613
[00:32:37] Bootstrap tree #83, logLikelihood: -54780.630660
[00:32:52] Bootstrap tree #84, logLikelihood: -54062.454901
[00:33:51] Bootstrap tree #85, logLikelihood: -53666.730872
[00:34:24] Bootstrap tree #86, logLikelihood: -55002.848553
[00:35:05] Bootstrap tree #87, logLikelihood: -53793.759688
[00:35:58] Bootstrap tree #88, logLikelihood: -55037.722729
[00:36:52] Bootstrap tree #89, logLikelihood: -53139.371850
[00:37:34] Bootstrap tree #90, logLikelihood: -54606.522092
[00:39:05] Bootstrap tree #91, logLikelihood: -55171.109892
[00:39:11] Bootstrap tree #92, logLikelihood: -54318.603733
[00:39:21] Bootstrap tree #93, logLikelihood: -54926.514095
[00:40:16] Bootstrap tree #94, logLikelihood: -53397.765886
[00:41:19] Bootstrap tree #95, logLikelihood: -55715.406622
[00:41:48] Bootstrap tree #96, logLikelihood: -55514.262332
[00:42:43] Bootstrap tree #97, logLikelihood: -53441.765993
[00:43:15] Bootstrap tree #98, logLikelihood: -54121.103474
[00:44:15] Bootstrap tree #99, logLikelihood: -54635.621539
[00:44:53] Bootstrap tree #100, logLikelihood: -54163.508822
[00:45:41] Bootstrap tree #101, logLikelihood: -54563.798972
[00:46:14] Bootstrap tree #102, logLikelihood: -54235.597516
[00:46:56] Bootstrap tree #103, logLikelihood: -53396.295802
[00:47:34] Bootstrap tree #104, logLikelihood: -54578.666378
[00:48:35] Bootstrap tree #105, logLikelihood: -54128.161777
[00:49:32] Bootstrap tree #106, logLikelihood: -53835.673153
[00:50:27] Bootstrap tree #107, logLikelihood: -53624.869868
[00:51:13] Bootstrap tree #108, logLikelihood: -54686.374610
[00:52:03] Bootstrap tree #109, logLikelihood: -55342.273967
[00:52:34] Bootstrap tree #110, logLikelihood: -54248.226365
[00:53:00] Bootstrap tree #111, logLikelihood: -54907.061988
[00:53:21] Bootstrap tree #112, logLikelihood: -54054.031895
[00:54:16] Bootstrap tree #113, logLikelihood: -55431.135853
[00:55:15] Bootstrap tree #114, logLikelihood: -53630.991693
[00:55:34] Bootstrap tree #115, logLikelihood: -53474.601797
[00:56:32] Bootstrap tree #116, logLikelihood: -54273.702704
[00:57:09] Bootstrap tree #117, logLikelihood: -54414.446174
[00:57:15] Bootstrap tree #118, logLikelihood: -55906.596675
[00:57:21] Bootstrap tree #119, logLikelihood: -54882.975758
[00:57:26] Bootstrap tree #120, logLikelihood: -54005.849880
[00:57:31] Bootstrap tree #121, logLikelihood: -54982.802553
[00:57:37] Bootstrap tree #122, logLikelihood: -55541.778348
[00:57:43] Bootstrap tree #123, logLikelihood: -54469.248720
[00:57:48] Bootstrap tree #124, logLikelihood: -54093.312570
[00:57:52] Bootstrap tree #125, logLikelihood: -55139.057419
[00:58:01] Bootstrap tree #126, logLikelihood: -54596.162813
[00:58:13] Bootstrap tree #127, logLikelihood: -54237.804359
[00:59:06] Bootstrap tree #128, logLikelihood: -54101.095682
[00:59:59] Bootstrap tree #129, logLikelihood: -54122.614492
[01:00:41] Bootstrap tree #130, logLikelihood: -54423.722775
[01:01:32] Bootstrap tree #131, logLikelihood: -52587.906713
[01:02:12] Bootstrap tree #132, logLikelihood: -53662.224252
[01:03:19] Bootstrap tree #133, logLikelihood: -54383.589311
[01:04:01] Bootstrap tree #134, logLikelihood: -54103.386039
[01:04:28] Bootstrap tree #135, logLikelihood: -54019.685251
[01:05:33] Bootstrap tree #136, logLikelihood: -55042.714478
[01:06:21] Bootstrap tree #137, logLikelihood: -54898.971166
[01:07:13] Bootstrap tree #138, logLikelihood: -54547.806365
[01:07:18] Bootstrap tree #139, logLikelihood: -53512.494687
[01:07:23] Bootstrap tree #140, logLikelihood: -53098.144888
[01:07:45] Bootstrap tree #141, logLikelihood: -55639.562926
[01:08:31] Bootstrap tree #142, logLikelihood: -54525.911073
[01:09:23] Bootstrap tree #143, logLikelihood: -54674.824836
[01:10:05] Bootstrap tree #144, logLikelihood: -55514.337322
[01:10:22] Bootstrap tree #145, logLikelihood: -54897.518337
[01:11:08] Bootstrap tree #146, logLikelihood: -54103.336389
[01:12:02] Bootstrap tree #147, logLikelihood: -54369.062181
[01:12:44] Bootstrap tree #148, logLikelihood: -55044.208194
[01:13:24] Bootstrap tree #149, logLikelihood: -53120.324831
[01:14:09] Bootstrap tree #150, logLikelihood: -55416.712198
[01:14:37] Bootstrap tree #151, logLikelihood: -54635.305279
[01:14:43] Bootstrap tree #152, logLikelihood: -54056.285371
[01:14:49] Bootstrap tree #153, logLikelihood: -53858.526873
[01:14:53] Bootstrap tree #154, logLikelihood: -53249.063401
[01:14:58] Bootstrap tree #155, logLikelihood: -54415.695675
[01:15:02] Bootstrap tree #156, logLikelihood: -55095.519655
[01:15:14] Bootstrap tree #157, logLikelihood: -53724.610707
[01:16:06] Bootstrap tree #158, logLikelihood: -53565.120292
[01:17:00] Bootstrap tree #159, logLikelihood: -54026.419010
[01:17:23] Bootstrap tree #160, logLikelihood: -54441.302354
[01:18:03] Bootstrap tree #161, logLikelihood: -53922.710542
[01:18:51] Bootstrap tree #162, logLikelihood: -53780.365211
[01:19:34] Bootstrap tree #163, logLikelihood: -55007.583432
[01:19:56] Bootstrap tree #164, logLikelihood: -54518.739726
[01:20:41] Bootstrap tree #165, logLikelihood: -54790.618337
[01:21:22] Bootstrap tree #166, logLikelihood: -54910.370710
[01:22:00] Bootstrap tree #167, logLikelihood: -54263.043229
[01:22:54] Bootstrap tree #168, logLikelihood: -54134.710548
[01:23:22] Bootstrap tree #169, logLikelihood: -53489.431021
[01:23:57] Bootstrap tree #170, logLikelihood: -54827.784564
[01:24:50] Bootstrap tree #171, logLikelihood: -56276.253637
[01:25:35] Bootstrap tree #172, logLikelihood: -54167.525591
[01:26:17] Bootstrap tree #173, logLikelihood: -54052.722735
[01:27:03] Bootstrap tree #174, logLikelihood: -53902.934636
[01:28:00] Bootstrap tree #175, logLikelihood: -53753.782496
[01:28:47] Bootstrap tree #176, logLikelihood: -52770.176756
[01:29:28] Bootstrap tree #177, logLikelihood: -54113.557686
[01:30:11] Bootstrap tree #178, logLikelihood: -53971.537202
[01:30:48] Bootstrap tree #179, logLikelihood: -54074.432947
[01:31:34] Bootstrap tree #180, logLikelihood: -54940.525149
[01:32:21] Bootstrap tree #181, logLikelihood: -54765.221787
[01:33:20] Bootstrap tree #182, logLikelihood: -54034.357850
[01:33:33] Bootstrap tree #183, logLikelihood: -54338.968763
[01:34:21] Bootstrap tree #184, logLikelihood: -54491.915693
[01:35:09] Bootstrap tree #185, logLikelihood: -56210.056457
[01:35:42] Bootstrap tree #186, logLikelihood: -54454.840601
[01:36:16] Bootstrap tree #187, logLikelihood: -54866.873810
[01:36:46] Bootstrap tree #188, logLikelihood: -53217.335089
[01:37:26] Bootstrap tree #189, logLikelihood: -53789.535359
[01:38:00] Bootstrap tree #190, logLikelihood: -54325.590629
[01:38:42] Bootstrap tree #191, logLikelihood: -56603.702506
[01:39:24] Bootstrap tree #192, logLikelihood: -55493.367729
[01:40:08] Bootstrap tree #193, logLikelihood: -54617.364133
[01:40:23] Bootstrap tree #194, logLikelihood: -53021.403758
[01:40:32] Bootstrap tree #195, logLikelihood: -53770.447199
[01:40:42] Bootstrap tree #196, logLikelihood: -54704.274398
[01:40:50] Bootstrap tree #197, logLikelihood: -53163.104295
[01:41:03] Bootstrap tree #198, logLikelihood: -54187.006999
[01:41:14] Bootstrap tree #199, logLikelihood: -53280.253784
[01:41:24] Bootstrap tree #200, logLikelihood: -53876.884628
[01:41:36] Bootstrap tree #201, logLikelihood: -55312.779086
[01:41:48] Bootstrap tree #202, logLikelihood: -54104.621341
[01:42:01] Bootstrap tree #203, logLikelihood: -55901.030535
[01:42:34] Bootstrap tree #204, logLikelihood: -53457.667332
[01:42:56] Bootstrap tree #205, logLikelihood: -53572.881471
[01:43:01] Bootstrap tree #206, logLikelihood: -53922.308959
[01:43:08] Bootstrap tree #207, logLikelihood: -54976.624442
[01:43:14] Bootstrap tree #208, logLikelihood: -55782.254542
[01:43:19] Bootstrap tree #209, logLikelihood: -54060.984276
[01:43:24] Bootstrap tree #210, logLikelihood: -55455.561303
[01:43:29] Bootstrap tree #211, logLikelihood: -54487.393298
[01:43:33] Bootstrap tree #212, logLikelihood: -54013.946570
[01:43:38] Bootstrap tree #213, logLikelihood: -55223.739204
[01:43:43] Bootstrap tree #214, logLikelihood: -54324.769080
[01:44:06] Bootstrap tree #215, logLikelihood: -54822.177211
[01:45:13] Bootstrap tree #216, logLikelihood: -54909.904460
[01:45:44] Bootstrap tree #217, logLikelihood: -53344.261345
[01:46:10] Bootstrap tree #218, logLikelihood: -55345.334517
[01:46:31] Bootstrap tree #219, logLikelihood: -54808.377962
[01:47:19] Bootstrap tree #220, logLikelihood: -54954.551947
[01:47:44] Bootstrap tree #221, logLikelihood: -54061.659187
[01:48:31] Bootstrap tree #222, logLikelihood: -54213.621550
[01:49:07] Bootstrap tree #223, logLikelihood: -54742.087860
[01:49:53] Bootstrap tree #224, logLikelihood: -54984.772895
[01:50:22] Bootstrap tree #225, logLikelihood: -53632.076007
[01:51:03] Bootstrap tree #226, logLikelihood: -53438.640324
[01:51:54] Bootstrap tree #227, logLikelihood: -54662.231178
[01:52:58] Bootstrap tree #228, logLikelihood: -55142.216771
[01:53:41] Bootstrap tree #229, logLikelihood: -55404.023102
[01:54:22] Bootstrap tree #230, logLikelihood: -53899.103771
[01:54:56] Bootstrap tree #231, logLikelihood: -55275.683521
[01:55:28] Bootstrap tree #232, logLikelihood: -54130.009594
[01:55:49] Bootstrap tree #233, logLikelihood: -53064.898862
[01:56:23] Bootstrap tree #234, logLikelihood: -54758.265577
[01:57:11] Bootstrap tree #235, logLikelihood: -55211.577571
[01:57:46] Bootstrap tree #236, logLikelihood: -55197.688548
[01:58:29] Bootstrap tree #237, logLikelihood: -54913.647252
[01:59:09] Bootstrap tree #238, logLikelihood: -53818.521912
[01:59:43] Bootstrap tree #239, logLikelihood: -53846.754469
[02:00:31] Bootstrap tree #240, logLikelihood: -53873.299036
[02:01:10] Bootstrap tree #241, logLikelihood: -55329.812374
[02:01:46] Bootstrap tree #242, logLikelihood: -53831.334685
[02:02:26] Bootstrap tree #243, logLikelihood: -54407.533462
[02:03:13] Bootstrap tree #244, logLikelihood: -53476.430312
[02:03:58] Bootstrap tree #245, logLikelihood: -53999.290286
[02:04:52] Bootstrap tree #246, logLikelihood: -54967.706378
[02:04:58] Bootstrap tree #247, logLikelihood: -53230.510065
[02:05:03] Bootstrap tree #248, logLikelihood: -53973.903476
[02:05:10] Bootstrap tree #249, logLikelihood: -54298.778067
[02:05:14] Bootstrap tree #250, logLikelihood: -54968.435552
[02:05:20] Bootstrap tree #251, logLikelihood: -55073.785089
[02:05:24] Bootstrap tree #252, logLikelihood: -54274.611230
[02:05:31] Bootstrap tree #253, logLikelihood: -54191.615207
[02:05:35] Bootstrap tree #254, logLikelihood: -54547.283619
[02:05:39] Bootstrap tree #255, logLikelihood: -54688.137379
[02:05:43] Bootstrap tree #256, logLikelihood: -52984.737013
[02:05:49] Bootstrap tree #257, logLikelihood: -54483.126893
[02:05:56] Bootstrap tree #258, logLikelihood: -54130.356208
[02:06:20] Bootstrap tree #259, logLikelihood: -54729.897883
[02:06:46] Bootstrap tree #260, logLikelihood: -53898.366784
[02:07:20] Bootstrap tree #261, logLikelihood: -53966.283563
[02:07:45] Bootstrap tree #262, logLikelihood: -54695.322766
[02:07:50] Bootstrap tree #263, logLikelihood: -54419.008479
[02:07:55] Bootstrap tree #264, logLikelihood: -54515.802227
[02:08:02] Bootstrap tree #265, logLikelihood: -52825.393858
[02:08:08] Bootstrap tree #266, logLikelihood: -55070.050597
[02:08:12] Bootstrap tree #267, logLikelihood: -54730.942738
[02:08:16] Bootstrap tree #268, logLikelihood: -55012.527209
[02:08:19] Bootstrap tree #269, logLikelihood: -54759.791617
[02:08:28] Bootstrap tree #270, logLikelihood: -53647.988722
[02:08:31] Bootstrap tree #271, logLikelihood: -54451.830317
[02:08:38] Bootstrap tree #272, logLikelihood: -53627.235733
[02:08:43] Bootstrap tree #273, logLikelihood: -53263.784055
[02:08:48] Bootstrap tree #274, logLikelihood: -54517.710083
[02:08:53] Bootstrap tree #275, logLikelihood: -53906.748663
[02:08:59] Bootstrap tree #276, logLikelihood: -56257.813031
[02:09:02] Bootstrap tree #277, logLikelihood: -53251.154751
[02:09:08] Bootstrap tree #278, logLikelihood: -54584.292914
[02:09:14] Bootstrap tree #279, logLikelihood: -54163.512234
[02:09:33] Bootstrap tree #280, logLikelihood: -55803.331247
[02:10:07] Bootstrap tree #281, logLikelihood: -54103.755430
[02:10:31] Bootstrap tree #282, logLikelihood: -53833.778715
[02:10:59] Bootstrap tree #283, logLikelihood: -54318.155552
[02:11:31] Bootstrap tree #284, logLikelihood: -55677.078604
[02:11:57] Bootstrap tree #285, logLikelihood: -54739.503367
[02:12:35] Bootstrap tree #286, logLikelihood: -55292.019369
[02:12:49] Bootstrap tree #287, logLikelihood: -54928.514638
[02:13:14] Bootstrap tree #288, logLikelihood: -53856.232244
[02:13:46] Bootstrap tree #289, logLikelihood: -53468.273679
[02:14:21] Bootstrap tree #290, logLikelihood: -53863.054888
[02:14:48] Bootstrap tree #291, logLikelihood: -54915.933385
[02:15:16] Bootstrap tree #292, logLikelihood: -55248.919581
[02:15:45] Bootstrap tree #293, logLikelihood: -55031.787926
[02:16:06] Bootstrap tree #294, logLikelihood: -53820.490413
[02:16:10] Bootstrap tree #295, logLikelihood: -53320.923299
[02:16:47] Bootstrap tree #296, logLikelihood: -55471.917750
[02:17:14] Bootstrap tree #297, logLikelihood: -55102.322387
[02:17:53] Bootstrap tree #298, logLikelihood: -54948.015588
[02:18:20] Bootstrap tree #299, logLikelihood: -53718.504238
[02:18:45] Bootstrap tree #300, logLikelihood: -54347.793323
[02:19:04] Bootstrap tree #301, logLikelihood: -53681.071975
[02:19:33] Bootstrap tree #302, logLikelihood: -55482.327324
[02:20:16] Bootstrap tree #303, logLikelihood: -52523.228501
[02:20:40] Bootstrap tree #304, logLikelihood: -54312.925369
[02:21:10] Bootstrap tree #305, logLikelihood: -53831.180412
[02:21:40] Bootstrap tree #306, logLikelihood: -54744.971319
[02:22:08] Bootstrap tree #307, logLikelihood: -55009.359184
[02:22:30] Bootstrap tree #308, logLikelihood: -54704.129149
[02:23:07] Bootstrap tree #309, logLikelihood: -53579.050036
[02:23:37] Bootstrap tree #310, logLikelihood: -54542.662907
[02:24:03] Bootstrap tree #311, logLikelihood: -54953.522840
[02:24:36] Bootstrap tree #312, logLikelihood: -54887.651472
[02:25:20] Bootstrap tree #313, logLikelihood: -54051.145657
[02:25:48] Bootstrap tree #314, logLikelihood: -53594.093767
[02:26:12] Bootstrap tree #315, logLikelihood: -53324.225582
[02:26:40] Bootstrap tree #316, logLikelihood: -55070.337816
[02:27:12] Bootstrap tree #317, logLikelihood: -55414.770001
[02:27:36] Bootstrap tree #318, logLikelihood: -53094.412859
[02:28:06] Bootstrap tree #319, logLikelihood: -54423.373243
[02:28:35] Bootstrap tree #320, logLikelihood: -55587.610005
[02:29:06] Bootstrap tree #321, logLikelihood: -54720.342876
[02:29:39] Bootstrap tree #322, logLikelihood: -54209.815957
[02:29:54] Bootstrap tree #323, logLikelihood: -54034.519372
[02:30:30] Bootstrap tree #324, logLikelihood: -54057.972962
[02:31:03] Bootstrap tree #325, logLikelihood: -54459.658871
[02:31:34] Bootstrap tree #326, logLikelihood: -53366.652851
[02:31:53] Bootstrap tree #327, logLikelihood: -53756.309391
[02:32:14] Bootstrap tree #328, logLikelihood: -54834.400320
[02:33:10] Bootstrap tree #329, logLikelihood: -53868.089679
[02:33:49] Bootstrap tree #330, logLikelihood: -53658.509674
[02:34:27] Bootstrap tree #331, logLikelihood: -54186.065914
[02:35:04] Bootstrap tree #332, logLikelihood: -54754.386342
[02:35:35] Bootstrap tree #333, logLikelihood: -54717.028321
[02:35:55] Bootstrap tree #334, logLikelihood: -55288.352660
[02:36:24] Bootstrap tree #335, logLikelihood: -54239.925739
[02:37:05] Bootstrap tree #336, logLikelihood: -54978.157060
[02:37:20] Bootstrap tree #337, logLikelihood: -55023.632363
[02:37:59] Bootstrap tree #338, logLikelihood: -53505.483868
[02:38:24] Bootstrap tree #339, logLikelihood: -55565.267106
[02:39:05] Bootstrap tree #340, logLikelihood: -54021.846507
[02:39:39] Bootstrap tree #341, logLikelihood: -53419.790939
[02:40:15] Bootstrap tree #342, logLikelihood: -54864.272857
[02:40:59] Bootstrap tree #343, logLikelihood: -54650.385613
[02:41:29] Bootstrap tree #344, logLikelihood: -54385.993279
[02:41:51] Bootstrap tree #345, logLikelihood: -53975.147820
[02:42:22] Bootstrap tree #346, logLikelihood: -54873.515883
[02:42:59] Bootstrap tree #347, logLikelihood: -54605.612554
[02:43:34] Bootstrap tree #348, logLikelihood: -53236.657561
[02:44:02] Bootstrap tree #349, logLikelihood: -55631.002084
[02:44:46] Bootstrap tree #350, logLikelihood: -55681.511417
[02:44:50] Bootstrap tree #351, logLikelihood: -54833.939524
[02:45:11] Bootstrap tree #352, logLikelihood: -55006.522650
[02:45:39] Bootstrap tree #353, logLikelihood: -53720.001478
[02:46:25] Bootstrap tree #354, logLikelihood: -54689.375813
[02:46:46] Bootstrap tree #355, logLikelihood: -54504.837005
[02:47:13] Bootstrap tree #356, logLikelihood: -54806.511848
[02:47:36] Bootstrap tree #357, logLikelihood: -54004.612033
[02:48:09] Bootstrap tree #358, logLikelihood: -53865.958725
[02:48:12] Bootstrap tree #359, logLikelihood: -54512.899725
[02:48:42] Bootstrap tree #360, logLikelihood: -55611.665668
[02:49:13] Bootstrap tree #361, logLikelihood: -55800.761299
[02:49:52] Bootstrap tree #362, logLikelihood: -55113.854686
[02:50:26] Bootstrap tree #363, logLikelihood: -54379.779606
[02:50:42] Bootstrap tree #364, logLikelihood: -54705.825734
[02:51:05] Bootstrap tree #365, logLikelihood: -54077.259860
[02:51:31] Bootstrap tree #366, logLikelihood: -55323.730304
[02:51:44] Bootstrap tree #367, logLikelihood: -54878.593329
[02:52:21] Bootstrap tree #368, logLikelihood: -54279.970964
[02:52:59] Bootstrap tree #369, logLikelihood: -53381.247998
[02:53:42] Bootstrap tree #370, logLikelihood: -55692.907495
[02:54:18] Bootstrap tree #371, logLikelihood: -54821.261058
[02:54:38] Bootstrap tree #372, logLikelihood: -52920.616807
[02:54:48] Bootstrap tree #373, logLikelihood: -53404.022844
[02:55:21] Bootstrap tree #374, logLikelihood: -54965.934827
[02:55:42] Bootstrap tree #375, logLikelihood: -53624.528805
[02:56:06] Bootstrap tree #376, logLikelihood: -54469.118688
[02:56:42] Bootstrap tree #377, logLikelihood: -53268.845152
[02:57:06] Bootstrap tree #378, logLikelihood: -55741.951034
[02:57:45] Bootstrap tree #379, logLikelihood: -54236.482098
[02:58:06] Bootstrap tree #380, logLikelihood: -53485.354515
[02:58:39] Bootstrap tree #381, logLikelihood: -55665.960271
[02:59:18] Bootstrap tree #382, logLikelihood: -55693.021115
[02:59:45] Bootstrap tree #383, logLikelihood: -54424.685735
[03:00:13] Bootstrap tree #384, logLikelihood: -54597.960257
[03:00:35] Bootstrap tree #385, logLikelihood: -54998.676907
[03:01:04] Bootstrap tree #386, logLikelihood: -54744.913104
[03:01:42] Bootstrap tree #387, logLikelihood: -54365.140138
[03:02:10] Bootstrap tree #388, logLikelihood: -54224.264449
[03:02:31] Bootstrap tree #389, logLikelihood: -54283.026303
[03:03:17] Bootstrap tree #390, logLikelihood: -54382.980652
[03:03:47] Bootstrap tree #391, logLikelihood: -54860.080703
[03:04:19] Bootstrap tree #392, logLikelihood: -54865.527552
[03:04:36] Bootstrap tree #393, logLikelihood: -52373.637131
[03:05:10] Bootstrap tree #394, logLikelihood: -54994.514454
[03:05:42] Bootstrap tree #395, logLikelihood: -54879.616493
[03:06:17] Bootstrap tree #396, logLikelihood: -52916.014602
[03:06:44] Bootstrap tree #397, logLikelihood: -55019.163453
[03:07:16] Bootstrap tree #398, logLikelihood: -54402.450158
[03:07:45] Bootstrap tree #399, logLikelihood: -54351.351850
[03:07:56] Bootstrap tree #400, logLikelihood: -54343.020765
[03:08:05] Bootstrap tree #401, logLikelihood: -55078.164398
[03:08:29] Bootstrap tree #402, logLikelihood: -54561.224977
[03:09:09] Bootstrap tree #403, logLikelihood: -54848.617218
[03:09:53] Bootstrap tree #404, logLikelihood: -55644.101291
[03:10:09] Bootstrap tree #405, logLikelihood: -53812.439686
[03:10:44] Bootstrap tree #406, logLikelihood: -55259.884702
[03:11:05] Bootstrap tree #407, logLikelihood: -55069.238232
[03:11:32] Bootstrap tree #408, logLikelihood: -53963.493445
[03:11:54] Bootstrap tree #409, logLikelihood: -54659.932603
[03:12:25] Bootstrap tree #410, logLikelihood: -54390.658777
[03:12:35] Bootstrap tree #411, logLikelihood: -54125.765360
[03:13:02] Bootstrap tree #412, logLikelihood: -53465.448673
[03:13:32] Bootstrap tree #413, logLikelihood: -54445.880381
[03:13:58] Bootstrap tree #414, logLikelihood: -55363.550113
[03:14:09] Bootstrap tree #415, logLikelihood: -54814.660849
[03:14:13] Bootstrap tree #416, logLikelihood: -54281.205716
[03:14:42] Bootstrap tree #417, logLikelihood: -55128.136664
[03:15:08] Bootstrap tree #418, logLikelihood: -54307.542927
[03:15:35] Bootstrap tree #419, logLikelihood: -53924.514761
[03:15:58] Bootstrap tree #420, logLikelihood: -53231.704066
[03:16:21] Bootstrap tree #421, logLikelihood: -54934.233708
[03:17:05] Bootstrap tree #422, logLikelihood: -54650.448931
[03:17:24] Bootstrap tree #423, logLikelihood: -55014.203314
[03:17:52] Bootstrap tree #424, logLikelihood: -53992.553282
[03:18:14] Bootstrap tree #425, logLikelihood: -54110.025043
[03:18:33] Bootstrap tree #426, logLikelihood: -55335.204674
[03:19:01] Bootstrap tree #427, logLikelihood: -54407.979430
[03:19:22] Bootstrap tree #428, logLikelihood: -54328.191278
[03:19:47] Bootstrap tree #429, logLikelihood: -54552.139476
[03:20:18] Bootstrap tree #430, logLikelihood: -53676.098148
[03:20:41] Bootstrap tree #431, logLikelihood: -55293.536536
[03:21:00] Bootstrap tree #432, logLikelihood: -53592.952494
[03:21:31] Bootstrap tree #433, logLikelihood: -54670.939288
[03:21:51] Bootstrap tree #434, logLikelihood: -53595.800365
[03:22:20] Bootstrap tree #435, logLikelihood: -55163.319969
[03:23:06] Bootstrap tree #436, logLikelihood: -54466.168909
[03:23:28] Bootstrap tree #437, logLikelihood: -55055.668636
[03:24:01] Bootstrap tree #438, logLikelihood: -53413.697878
[03:24:28] Bootstrap tree #439, logLikelihood: -54460.709604
[03:24:47] Bootstrap tree #440, logLikelihood: -54165.776931
[03:25:09] Bootstrap tree #441, logLikelihood: -54712.491115
[03:25:45] Bootstrap tree #442, logLikelihood: -54960.955649
[03:26:27] Bootstrap tree #443, logLikelihood: -54656.695121
[03:26:58] Bootstrap tree #444, logLikelihood: -55184.034825
[03:27:31] Bootstrap tree #445, logLikelihood: -53293.664040
[03:28:03] Bootstrap tree #446, logLikelihood: -54839.962302
[03:28:49] Bootstrap tree #447, logLikelihood: -55004.545288
[03:29:13] Bootstrap tree #448, logLikelihood: -54480.462713
[03:29:48] Bootstrap tree #449, logLikelihood: -55191.337053
[03:30:31] Bootstrap tree #450, logLikelihood: -53166.438564
[03:31:04] Bootstrap tree #451, logLikelihood: -53221.724699
[03:31:51] Bootstrap tree #452, logLikelihood: -54901.237336
[03:32:27] Bootstrap tree #453, logLikelihood: -54223.466010
[03:33:10] Bootstrap tree #454, logLikelihood: -55593.860988
[03:33:32] Bootstrap tree #455, logLikelihood: -53488.314539
[03:34:10] Bootstrap tree #456, logLikelihood: -54704.971694
[03:34:45] Bootstrap tree #457, logLikelihood: -54282.052677
[03:35:41] Bootstrap tree #458, logLikelihood: -54091.056247
[03:36:24] Bootstrap tree #459, logLikelihood: -53203.649227
[03:37:00] Bootstrap tree #460, logLikelihood: -56272.098492
[03:37:48] Bootstrap tree #461, logLikelihood: -55384.703965
[03:38:22] Bootstrap tree #462, logLikelihood: -53395.986986
[03:38:43] Bootstrap tree #463, logLikelihood: -53993.570774
[03:39:14] Bootstrap tree #464, logLikelihood: -54524.132471
[03:39:37] Bootstrap tree #465, logLikelihood: -54938.065125
[03:40:08] Bootstrap tree #466, logLikelihood: -55023.632505
[03:40:36] Bootstrap tree #467, logLikelihood: -54420.132517
[03:40:48] Bootstrap tree #468, logLikelihood: -54579.990724
[03:41:13] Bootstrap tree #469, logLikelihood: -54508.900777
[03:41:36] Bootstrap tree #470, logLikelihood: -54186.430224
[03:42:09] Bootstrap tree #471, logLikelihood: -52671.742144
[03:42:44] Bootstrap tree #472, logLikelihood: -53665.553620
[03:43:02] Bootstrap tree #473, logLikelihood: -53116.665047
[03:43:27] Bootstrap tree #474, logLikelihood: -53700.489509
[03:43:42] Bootstrap tree #475, logLikelihood: -54175.070292
[03:44:13] Bootstrap tree #476, logLikelihood: -54064.693867
[03:44:52] Bootstrap tree #477, logLikelihood: -55161.557606
[03:45:21] Bootstrap tree #478, logLikelihood: -54051.379197
[03:45:51] Bootstrap tree #479, logLikelihood: -53971.521421
[03:46:23] Bootstrap tree #480, logLikelihood: -55089.328856
[03:46:49] Bootstrap tree #481, logLikelihood: -54000.077026
[03:47:06] Bootstrap tree #482, logLikelihood: -55852.449532
[03:47:21] Bootstrap tree #483, logLikelihood: -54395.547140
[03:47:49] Bootstrap tree #484, logLikelihood: -54088.392168
[03:47:55] Bootstrap tree #485, logLikelihood: -55717.851520
[03:48:34] Bootstrap tree #486, logLikelihood: -55347.924705
[03:48:44] Bootstrap tree #487, logLikelihood: -54338.025641
[03:49:03] Bootstrap tree #488, logLikelihood: -54341.492692
[03:49:18] Bootstrap tree #489, logLikelihood: -55488.557158
[03:49:41] Bootstrap tree #490, logLikelihood: -53969.658929
[03:49:49] Bootstrap tree #491, logLikelihood: -54266.094919
[03:50:25] Bootstrap tree #492, logLikelihood: -54830.409073
[03:50:49] Bootstrap tree #493, logLikelihood: -54364.861024
[03:51:16] Bootstrap tree #494, logLikelihood: -54136.119279
[03:51:54] Bootstrap tree #495, logLikelihood: -55042.062615
[03:52:28] Bootstrap tree #496, logLikelihood: -54585.274264
[03:53:01] Bootstrap tree #497, logLikelihood: -54371.703762
[03:53:22] Bootstrap tree #498, logLikelihood: -54168.736392
[03:53:45] Bootstrap tree #499, logLikelihood: -55260.169037
[03:54:19] Bootstrap tree #500, logLikelihood: -55519.950123
[03:54:54] Bootstrap tree #501, logLikelihood: -54982.140259
[03:55:22] Bootstrap tree #502, logLikelihood: -53982.707506
[03:55:49] Bootstrap tree #503, logLikelihood: -54019.007461
[03:56:15] Bootstrap tree #504, logLikelihood: -54175.348396
[03:56:28] Bootstrap tree #505, logLikelihood: -54767.437555
[03:56:56] Bootstrap tree #506, logLikelihood: -54047.705483
[03:57:27] Bootstrap tree #507, logLikelihood: -55452.537431
[03:57:54] Bootstrap tree #508, logLikelihood: -53393.029178
[03:58:17] Bootstrap tree #509, logLikelihood: -54474.236101
[03:58:36] Bootstrap tree #510, logLikelihood: -54860.382128
[03:58:59] Bootstrap tree #511, logLikelihood: -55184.709259
[03:59:31] Bootstrap tree #512, logLikelihood: -54021.292457
[03:59:39] Bootstrap tree #513, logLikelihood: -54820.950041
[04:00:04] Bootstrap tree #514, logLikelihood: -56934.016129
[04:00:27] Bootstrap tree #515, logLikelihood: -56116.899093
[04:00:53] Bootstrap tree #516, logLikelihood: -53632.216044
[04:01:24] Bootstrap tree #517, logLikelihood: -54127.690449
[04:01:33] Bootstrap tree #518, logLikelihood: -54449.777816
[04:02:03] Bootstrap tree #519, logLikelihood: -54922.527073
[04:02:27] Bootstrap tree #520, logLikelihood: -55230.579623
[04:03:11] Bootstrap tree #521, logLikelihood: -53660.255701
[04:03:31] Bootstrap tree #522, logLikelihood: -54836.419649
[04:03:57] Bootstrap tree #523, logLikelihood: -54812.560847
[04:04:21] Bootstrap tree #524, logLikelihood: -53878.340515
[04:04:52] Bootstrap tree #525, logLikelihood: -55379.039750
[04:05:29] Bootstrap tree #526, logLikelihood: -54314.038628
[04:06:16] Bootstrap tree #527, logLikelihood: -54534.920503
[04:06:25] Bootstrap tree #528, logLikelihood: -54231.498092
[04:06:51] Bootstrap tree #529, logLikelihood: -55781.336415
[04:07:33] Bootstrap tree #530, logLikelihood: -54191.449762
[04:07:37] Bootstrap tree #531, logLikelihood: -54658.927823
[04:08:18] Bootstrap tree #532, logLikelihood: -53679.143568
[04:08:48] Bootstrap tree #533, logLikelihood: -53617.954889
[04:09:15] Bootstrap tree #534, logLikelihood: -53662.208261
[04:09:39] Bootstrap tree #535, logLikelihood: -54006.115150
[04:10:00] Bootstrap tree #536, logLikelihood: -53702.179991
[04:10:32] Bootstrap tree #537, logLikelihood: -54215.349554
[04:10:59] Bootstrap tree #538, logLikelihood: -54546.965555
[04:11:16] Bootstrap tree #539, logLikelihood: -53971.535952
[04:11:44] Bootstrap tree #540, logLikelihood: -55270.620275
[04:12:13] Bootstrap tree #541, logLikelihood: -55143.835648
[04:12:46] Bootstrap tree #542, logLikelihood: -54778.273494
[04:13:15] Bootstrap tree #543, logLikelihood: -53521.286328
[04:13:23] Bootstrap tree #544, logLikelihood: -55431.431492
[04:13:53] Bootstrap tree #545, logLikelihood: -53337.435546
[04:14:13] Bootstrap tree #546, logLikelihood: -54100.302461
[04:14:26] Bootstrap tree #547, logLikelihood: -52851.768183
[04:14:58] Bootstrap tree #548, logLikelihood: -55067.125207
[04:15:13] Bootstrap tree #549, logLikelihood: -54038.857363
[04:15:42] Bootstrap tree #550, logLikelihood: -54656.387382
[04:16:09] Bootstrap tree #551, logLikelihood: -54531.427452
[04:16:47] Bootstrap tree #552, logLikelihood: -54815.327785
[04:17:28] Bootstrap tree #553, logLikelihood: -54031.158794
[04:17:54] Bootstrap tree #554, logLikelihood: -55113.657758
[04:18:25] Bootstrap tree #555, logLikelihood: -53820.070957
[04:18:51] Bootstrap tree #556, logLikelihood: -53040.546254
[04:19:14] Bootstrap tree #557, logLikelihood: -54204.866209
[04:19:43] Bootstrap tree #558, logLikelihood: -54357.531732
[04:20:10] Bootstrap tree #559, logLikelihood: -53925.741336
[04:20:15] Bootstrap tree #560, logLikelihood: -54668.377026
[04:20:20] Bootstrap tree #561, logLikelihood: -55487.575676
[04:20:30] Bootstrap tree #562, logLikelihood: -55108.832008
[04:20:35] Bootstrap tree #563, logLikelihood: -54995.599165
[04:20:40] Bootstrap tree #564, logLikelihood: -54148.607317
[04:20:44] Bootstrap tree #565, logLikelihood: -54610.592273
[04:20:52] Bootstrap tree #566, logLikelihood: -53538.926841
[04:21:00] Bootstrap tree #567, logLikelihood: -54512.353861
[04:21:07] Bootstrap tree #568, logLikelihood: -55493.136829
[04:21:12] Bootstrap tree #569, logLikelihood: -53582.282564
[04:21:16] Bootstrap tree #570, logLikelihood: -54732.299672
[04:21:24] Bootstrap tree #571, logLikelihood: -54614.514193
[04:21:28] Bootstrap tree #572, logLikelihood: -55214.705927
[04:21:33] Bootstrap tree #573, logLikelihood: -54108.309799
[04:21:40] Bootstrap tree #574, logLikelihood: -54722.123300
[04:21:56] Bootstrap tree #575, logLikelihood: -55454.315879
[04:22:36] Bootstrap tree #576, logLikelihood: -54002.359093
[04:22:40] Bootstrap tree #577, logLikelihood: -54877.941191
[04:22:58] Bootstrap tree #578, logLikelihood: -54654.534355
[04:23:32] Bootstrap tree #579, logLikelihood: -54324.394269
[04:24:07] Bootstrap tree #580, logLikelihood: -53519.584738
[04:24:49] Bootstrap tree #581, logLikelihood: -53750.790268
[04:25:23] Bootstrap tree #582, logLikelihood: -54646.231053
[04:26:00] Bootstrap tree #583, logLikelihood: -53761.179029
[04:26:30] Bootstrap tree #584, logLikelihood: -54813.538002
[04:27:07] Bootstrap tree #585, logLikelihood: -54421.435664
[04:27:40] Bootstrap tree #586, logLikelihood: -55123.990819
[04:28:05] Bootstrap tree #587, logLikelihood: -54239.738446
[04:28:36] Bootstrap tree #588, logLikelihood: -53872.014637
[04:29:00] Bootstrap tree #589, logLikelihood: -55577.116026
[04:29:45] Bootstrap tree #590, logLikelihood: -54719.793463
[04:30:26] Bootstrap tree #591, logLikelihood: -54021.066894
[04:31:00] Bootstrap tree #592, logLikelihood: -55674.913851
[04:31:39] Bootstrap tree #593, logLikelihood: -54690.020857
[04:32:11] Bootstrap tree #594, logLikelihood: -54129.249426
[04:33:04] Bootstrap tree #595, logLikelihood: -54188.007225
[04:33:45] Bootstrap tree #596, logLikelihood: -54893.660930
[04:34:32] Bootstrap tree #597, logLikelihood: -53766.477952
[04:35:14] Bootstrap tree #598, logLikelihood: -54451.343092
[04:35:43] Bootstrap tree #599, logLikelihood: -54883.284031
[04:36:12] Bootstrap tree #600, logLikelihood: -54138.082128
[04:36:40] Bootstrap tree #601, logLikelihood: -54260.849225
[04:36:57] Bootstrap tree #602, logLikelihood: -52898.518993
[04:37:28] Bootstrap tree #603, logLikelihood: -54906.548823
[04:37:53] Bootstrap tree #604, logLikelihood: -53976.885583
[04:38:24] Bootstrap tree #605, logLikelihood: -54427.192531
[04:38:49] Bootstrap tree #606, logLikelihood: -54454.860949
[04:39:20] Bootstrap tree #607, logLikelihood: -55391.934845
[04:39:42] Bootstrap tree #608, logLikelihood: -53945.959737
[04:40:08] Bootstrap tree #609, logLikelihood: -56350.606738
[04:40:28] Bootstrap tree #610, logLikelihood: -54311.742045
[04:41:12] Bootstrap tree #611, logLikelihood: -54004.213309
[04:41:38] Bootstrap tree #612, logLikelihood: -53348.104719
[04:42:01] Bootstrap tree #613, logLikelihood: -54481.749859
[04:42:26] Bootstrap tree #614, logLikelihood: -54010.438589
[04:42:53] Bootstrap tree #615, logLikelihood: -53528.257456
[04:43:16] Bootstrap tree #616, logLikelihood: -54197.136819
[04:43:44] Bootstrap tree #617, logLikelihood: -54729.827834
[04:44:15] Bootstrap tree #618, logLikelihood: -54559.523874
[04:44:40] Bootstrap tree #619, logLikelihood: -54707.010029
[04:45:17] Bootstrap tree #620, logLikelihood: -54803.981568
[04:45:50] Bootstrap tree #621, logLikelihood: -55456.292711
[04:46:27] Bootstrap tree #622, logLikelihood: -53940.568386
[04:47:16] Bootstrap tree #623, logLikelihood: -55216.380949
[04:48:00] Bootstrap tree #624, logLikelihood: -54092.558331
[04:48:11] Bootstrap tree #625, logLikelihood: -54355.604155
[04:48:38] Bootstrap tree #626, logLikelihood: -54260.107414
[04:49:16] Bootstrap tree #627, logLikelihood: -53711.111107
[04:49:31] Bootstrap tree #628, logLikelihood: -54600.577934
[04:50:18] Bootstrap tree #629, logLikelihood: -54526.489906
[04:50:43] Bootstrap tree #630, logLikelihood: -54329.592085
[04:51:31] Bootstrap tree #631, logLikelihood: -54908.572446
[04:51:49] Bootstrap tree #632, logLikelihood: -55277.365457
[04:51:53] Bootstrap tree #633, logLikelihood: -54009.004119
[04:51:58] Bootstrap tree #634, logLikelihood: -54595.540523
[04:52:06] Bootstrap tree #635, logLikelihood: -54210.765003
[04:52:13] Bootstrap tree #636, logLikelihood: -55045.369644
[04:52:18] Bootstrap tree #637, logLikelihood: -56265.676362
[04:52:22] Bootstrap tree #638, logLikelihood: -55278.418420
[04:52:27] Bootstrap tree #639, logLikelihood: -54985.331668
[04:52:31] Bootstrap tree #640, logLikelihood: -55391.605796
[04:52:35] Bootstrap tree #641, logLikelihood: -53691.886583
[04:52:40] Bootstrap tree #642, logLikelihood: -53934.696632
[04:52:44] Bootstrap tree #643, logLikelihood: -55468.050117
[04:52:49] Bootstrap tree #644, logLikelihood: -55681.363740
[04:52:56] Bootstrap tree #645, logLikelihood: -55393.769293
[04:53:04] Bootstrap tree #646, logLikelihood: -55941.325458
[04:53:09] Bootstrap tree #647, logLikelihood: -52431.984240
[04:53:14] Bootstrap tree #648, logLikelihood: -53994.250291
[04:53:19] Bootstrap tree #649, logLikelihood: -54202.661172
[04:53:24] Bootstrap tree #650, logLikelihood: -54401.027815
[04:53:29] Bootstrap tree #651, logLikelihood: -54037.391769
[04:53:36] Bootstrap tree #652, logLikelihood: -54122.504323
[04:53:39] Bootstrap tree #653, logLikelihood: -53895.902752
[04:53:43] Bootstrap tree #654, logLikelihood: -54671.436763
[04:53:48] Bootstrap tree #655, logLikelihood: -53388.790297
[04:53:52] Bootstrap tree #656, logLikelihood: -54197.143078
[04:53:57] Bootstrap tree #657, logLikelihood: -53775.568424
[04:54:01] Bootstrap tree #658, logLikelihood: -54737.371954
[04:54:07] Bootstrap tree #659, logLikelihood: -54346.816146
[04:54:23] Bootstrap tree #660, logLikelihood: -55766.224942
[04:54:51] Bootstrap tree #661, logLikelihood: -54028.452175
[04:55:29] Bootstrap tree #662, logLikelihood: -54303.199734
[04:55:53] Bootstrap tree #663, logLikelihood: -55042.862451
[04:56:23] Bootstrap tree #664, logLikelihood: -53405.199837
[04:56:54] Bootstrap tree #665, logLikelihood: -55718.539012
[04:57:27] Bootstrap tree #666, logLikelihood: -54536.424243
[04:58:03] Bootstrap tree #667, logLikelihood: -55951.605029
[04:58:44] Bootstrap tree #668, logLikelihood: -53283.033315
[04:59:14] Bootstrap tree #669, logLikelihood: -53262.744936
[04:59:31] Bootstrap tree #670, logLikelihood: -54795.632081
[04:59:56] Bootstrap tree #671, logLikelihood: -54118.492848
[05:00:37] Bootstrap tree #672, logLikelihood: -54497.053017
[05:01:15] Bootstrap tree #673, logLikelihood: -55856.056959
[05:02:00] Bootstrap tree #674, logLikelihood: -55762.162733
[05:02:45] Bootstrap tree #675, logLikelihood: -52580.835821
[05:03:39] Bootstrap tree #676, logLikelihood: -53678.252862
[05:04:25] Bootstrap tree #677, logLikelihood: -54068.167757
[05:04:35] Bootstrap tree #678, logLikelihood: -54190.381525
[05:05:11] Bootstrap tree #679, logLikelihood: -54332.410321
[05:05:40] Bootstrap tree #680, logLikelihood: -53424.013187
[05:05:45] Bootstrap tree #681, logLikelihood: -54763.112742
[05:05:50] Bootstrap tree #682, logLikelihood: -54240.382615
[05:05:56] Bootstrap tree #683, logLikelihood: -54077.085366
[05:06:02] Bootstrap tree #684, logLikelihood: -54989.999263
[05:06:05] Bootstrap tree #685, logLikelihood: -53995.346171
[05:06:09] Bootstrap tree #686, logLikelihood: -54639.352596
[05:06:13] Bootstrap tree #687, logLikelihood: -53626.782327
[05:06:18] Bootstrap tree #688, logLikelihood: -54927.379933
[05:06:21] Bootstrap tree #689, logLikelihood: -54024.893195
[05:06:28] Bootstrap tree #690, logLikelihood: -53657.343140
[05:06:31] Bootstrap tree #691, logLikelihood: -54247.591830
[05:06:38] Bootstrap tree #692, logLikelihood: -53759.186131
[05:06:48] Bootstrap tree #693, logLikelihood: -55452.167330
[05:07:24] Bootstrap tree #694, logLikelihood: -54872.803720
[05:07:52] Bootstrap tree #695, logLikelihood: -54426.703167
[05:08:31] Bootstrap tree #696, logLikelihood: -53238.728406
[05:08:49] Bootstrap tree #697, logLikelihood: -55030.540589
[05:09:34] Bootstrap tree #698, logLikelihood: -54009.092113
[05:10:17] Bootstrap tree #699, logLikelihood: -54766.200292
[05:10:49] Bootstrap tree #700, logLikelihood: -54637.256319
[05:11:28] Bootstrap tree #701, logLikelihood: -54733.057600
[05:11:49] Bootstrap tree #702, logLikelihood: -54494.991370
[05:12:38] Bootstrap tree #703, logLikelihood: -55003.851838
[05:13:21] Bootstrap tree #704, logLikelihood: -54615.928691
[05:13:50] Bootstrap tree #705, logLikelihood: -53893.404632
[05:14:22] Bootstrap tree #706, logLikelihood: -53149.746654
[05:15:06] Bootstrap tree #707, logLikelihood: -55294.632787
[05:15:30] Bootstrap tree #708, logLikelihood: -55065.700641
[05:15:56] Bootstrap tree #709, logLikelihood: -54825.577568
[05:16:23] Bootstrap tree #710, logLikelihood: -54703.251256
[05:16:54] Bootstrap tree #711, logLikelihood: -53968.619375
[05:17:32] Bootstrap tree #712, logLikelihood: -54094.811454
[05:18:08] Bootstrap tree #713, logLikelihood: -54506.552069
[05:18:27] Bootstrap tree #714, logLikelihood: -54591.906867
[05:18:45] Bootstrap tree #715, logLikelihood: -54560.311278
[05:19:36] Bootstrap tree #716, logLikelihood: -54028.957265
[05:19:45] Bootstrap tree #717, logLikelihood: -55136.281537
[05:19:49] Bootstrap tree #718, logLikelihood: -53660.354249
[05:19:55] Bootstrap tree #719, logLikelihood: -54357.664206
[05:20:01] Bootstrap tree #720, logLikelihood: -55582.568593
[05:20:05] Bootstrap tree #721, logLikelihood: -53845.343260
[05:20:12] Bootstrap tree #722, logLikelihood: -53892.238968
[05:21:00] Bootstrap tree #723, logLikelihood: -53913.800347
[05:21:42] Bootstrap tree #724, logLikelihood: -54256.090828
[05:22:22] Bootstrap tree #725, logLikelihood: -54371.618449
[05:23:05] Bootstrap tree #726, logLikelihood: -54520.288826
[05:23:42] Bootstrap tree #727, logLikelihood: -54158.917663
[05:24:26] Bootstrap tree #728, logLikelihood: -56451.617773
[05:25:02] Bootstrap tree #729, logLikelihood: -54694.474923
[05:25:25] Bootstrap tree #730, logLikelihood: -54001.542040
[05:25:58] Bootstrap tree #731, logLikelihood: -54074.371143
[05:26:26] Bootstrap tree #732, logLikelihood: -54618.289828
[05:26:49] Bootstrap tree #733, logLikelihood: -53395.382342
[05:27:28] Bootstrap tree #734, logLikelihood: -54012.507972
[05:27:53] Bootstrap tree #735, logLikelihood: -55042.927701
[05:28:20] Bootstrap tree #736, logLikelihood: -55055.564149
[05:28:45] Bootstrap tree #737, logLikelihood: -54598.882074
[05:29:11] Bootstrap tree #738, logLikelihood: -54645.966002
[05:29:42] Bootstrap tree #739, logLikelihood: -54290.047711
[05:30:00] Bootstrap tree #740, logLikelihood: -53837.737570
[05:30:30] Bootstrap tree #741, logLikelihood: -55085.715430
[05:31:01] Bootstrap tree #742, logLikelihood: -54463.862690
[05:31:33] Bootstrap tree #743, logLikelihood: -54945.400697
[05:31:56] Bootstrap tree #744, logLikelihood: -55248.022154
[05:32:25] Bootstrap tree #745, logLikelihood: -52947.399124
[05:33:22] Bootstrap tree #746, logLikelihood: -53969.923656
[05:33:51] Bootstrap tree #747, logLikelihood: -54241.404448
[05:34:28] Bootstrap tree #748, logLikelihood: -53736.960556
[05:34:42] Bootstrap tree #749, logLikelihood: -53988.912972
[05:35:10] Bootstrap tree #750, logLikelihood: -54698.390233
[05:35:50] Bootstrap tree #751, logLikelihood: -56129.806262
[05:36:25] Bootstrap tree #752, logLikelihood: -54584.499772
[05:36:46] Bootstrap tree #753, logLikelihood: -55191.372293
[05:37:07] Bootstrap tree #754, logLikelihood: -54326.017625
[05:37:26] Bootstrap tree #755, logLikelihood: -54674.042680
[05:37:52] Bootstrap tree #756, logLikelihood: -54395.143142
[05:38:11] Bootstrap tree #757, logLikelihood: -55172.829985
[05:38:42] Bootstrap tree #758, logLikelihood: -53903.848217
[05:39:01] Bootstrap tree #759, logLikelihood: -53448.456887
[05:39:15] Bootstrap tree #760, logLikelihood: -55802.349510
[05:39:38] Bootstrap tree #761, logLikelihood: -54724.547787
[05:40:04] Bootstrap tree #762, logLikelihood: -54617.594835
[05:40:28] Bootstrap tree #763, logLikelihood: -53888.472913
[05:40:55] Bootstrap tree #764, logLikelihood: -54461.528172
[05:41:19] Bootstrap tree #765, logLikelihood: -53161.271309
[05:41:32] Bootstrap tree #766, logLikelihood: -54369.976707
[05:41:37] Bootstrap tree #767, logLikelihood: -53930.024533
[05:41:41] Bootstrap tree #768, logLikelihood: -54512.356880
[05:41:47] Bootstrap tree #769, logLikelihood: -53870.260408
[05:41:51] Bootstrap tree #770, logLikelihood: -54663.170677
[05:41:55] Bootstrap tree #771, logLikelihood: -53578.737558
[05:42:01] Bootstrap tree #772, logLikelihood: -54419.748944
[05:42:05] Bootstrap tree #773, logLikelihood: -56042.778793
[05:42:31] Bootstrap tree #774, logLikelihood: -54191.550414
[05:42:54] Bootstrap tree #775, logLikelihood: -54157.766117
[05:43:16] Bootstrap tree #776, logLikelihood: -55909.518930
[05:43:42] Bootstrap tree #777, logLikelihood: -54707.887046
[05:44:23] Bootstrap tree #778, logLikelihood: -53337.168445
[05:44:46] Bootstrap tree #779, logLikelihood: -54204.453556
[05:45:11] Bootstrap tree #780, logLikelihood: -53991.714123
[05:45:42] Bootstrap tree #781, logLikelihood: -54665.455097
[05:46:03] Bootstrap tree #782, logLikelihood: -55143.513506
[05:46:12] Bootstrap tree #783, logLikelihood: -53851.808675
[05:46:26] Bootstrap tree #784, logLikelihood: -54785.940761
[05:46:45] Bootstrap tree #785, logLikelihood: -53934.800681
[05:47:05] Bootstrap tree #786, logLikelihood: -53212.435983
[05:47:28] Bootstrap tree #787, logLikelihood: -54788.629666
[05:48:03] Bootstrap tree #788, logLikelihood: -54184.130402
[05:48:33] Bootstrap tree #789, logLikelihood: -53390.058374
[05:48:55] Bootstrap tree #790, logLikelihood: -54509.541609
[05:49:25] Bootstrap tree #791, logLikelihood: -53948.074112
[05:49:33] Bootstrap tree #792, logLikelihood: -53697.146720
[05:49:55] Bootstrap tree #793, logLikelihood: -55520.450423
[05:50:10] Bootstrap tree #794, logLikelihood: -54600.210074
[05:50:33] Bootstrap tree #795, logLikelihood: -53976.082149
[05:50:49] Bootstrap tree #796, logLikelihood: -53998.456462
[05:51:14] Bootstrap tree #797, logLikelihood: -55782.210111
[05:51:36] Bootstrap tree #798, logLikelihood: -55357.586003
[05:52:12] Bootstrap tree #799, logLikelihood: -54482.973560
[05:52:36] Bootstrap tree #800, logLikelihood: -53949.801325
[05:53:07] Bootstrap tree #801, logLikelihood: -54826.202303
[05:53:25] Bootstrap tree #802, logLikelihood: -53889.373316
[05:53:45] Bootstrap tree #803, logLikelihood: -54612.056932
[05:54:16] Bootstrap tree #804, logLikelihood: -54905.479066
[05:54:39] Bootstrap tree #805, logLikelihood: -55567.041223
[05:55:07] Bootstrap tree #806, logLikelihood: -54453.075467
[05:55:22] Bootstrap tree #807, logLikelihood: -53504.468121
[05:55:44] Bootstrap tree #808, logLikelihood: -53398.538770
[05:56:11] Bootstrap tree #809, logLikelihood: -55455.772169
[05:56:25] Bootstrap tree #810, logLikelihood: -54275.731972
[05:56:37] Bootstrap tree #811, logLikelihood: -53997.057798
[05:57:08] Bootstrap tree #812, logLikelihood: -55533.200261
[05:57:41] Bootstrap tree #813, logLikelihood: -54496.312559
[05:58:01] Bootstrap tree #814, logLikelihood: -53792.305473
[05:58:17] Bootstrap tree #815, logLikelihood: -53727.777646
[05:58:43] Bootstrap tree #816, logLikelihood: -54888.272033
[05:59:00] Bootstrap tree #817, logLikelihood: -54828.956351
[05:59:23] Bootstrap tree #818, logLikelihood: -54128.870641
[05:59:48] Bootstrap tree #819, logLikelihood: -55842.584427
[06:00:04] Bootstrap tree #820, logLikelihood: -54551.224813
[06:00:30] Bootstrap tree #821, logLikelihood: -54233.899887
[06:00:46] Bootstrap tree #822, logLikelihood: -54199.062358
[06:01:17] Bootstrap tree #823, logLikelihood: -53746.227034
[06:01:39] Bootstrap tree #824, logLikelihood: -54153.615673
[06:01:58] Bootstrap tree #825, logLikelihood: -54313.927590
[06:02:18] Bootstrap tree #826, logLikelihood: -53953.426852
[06:02:56] Bootstrap tree #827, logLikelihood: -55188.946763
[06:03:23] Bootstrap tree #828, logLikelihood: -54585.654276
[06:03:46] Bootstrap tree #829, logLikelihood: -54446.771473
[06:04:11] Bootstrap tree #830, logLikelihood: -55072.027870
[06:04:48] Bootstrap tree #831, logLikelihood: -55467.714518
[06:05:00] Bootstrap tree #832, logLikelihood: -55100.014521
[06:05:26] Bootstrap tree #833, logLikelihood: -53688.226299
[06:05:49] Bootstrap tree #834, logLikelihood: -54767.302716
[06:06:25] Bootstrap tree #835, logLikelihood: -54759.924309
[06:06:48] Bootstrap tree #836, logLikelihood: -54089.295944
[06:07:17] Bootstrap tree #837, logLikelihood: -54693.184708
[06:07:34] Bootstrap tree #838, logLikelihood: -54689.524766
[06:08:07] Bootstrap tree #839, logLikelihood: -53371.211555
[06:08:29] Bootstrap tree #840, logLikelihood: -54937.574317
[06:08:45] Bootstrap tree #841, logLikelihood: -54277.784898
[06:09:05] Bootstrap tree #842, logLikelihood: -54372.229399
[06:09:21] Bootstrap tree #843, logLikelihood: -53499.393504
[06:09:38] Bootstrap tree #844, logLikelihood: -52902.524916
[06:10:05] Bootstrap tree #845, logLikelihood: -55255.763682
[06:10:16] Bootstrap tree #846, logLikelihood: -54746.002739
[06:10:46] Bootstrap tree #847, logLikelihood: -54479.504867
[06:10:50] Bootstrap tree #848, logLikelihood: -55517.253051
[06:11:12] Bootstrap tree #849, logLikelihood: -55600.847760
[06:11:47] Bootstrap tree #850, logLikelihood: -53679.341712
[06:12:14] Bootstrap tree #851, logLikelihood: -53504.780458
[06:12:49] Bootstrap tree #852, logLikelihood: -55210.951099
[06:13:18] Bootstrap tree #853, logLikelihood: -53171.634586
[06:13:39] Bootstrap tree #854, logLikelihood: -54261.482398
[06:14:10] Bootstrap tree #855, logLikelihood: -54962.166807
[06:14:30] Bootstrap tree #856, logLikelihood: -55008.309774
[06:15:03] Bootstrap tree #857, logLikelihood: -55516.992160
[06:15:19] Bootstrap tree #858, logLikelihood: -55176.896349
[06:15:47] Bootstrap tree #859, logLikelihood: -54727.762492
[06:16:11] Bootstrap tree #860, logLikelihood: -55404.545351
[06:16:16] Bootstrap tree #861, logLikelihood: -54922.150476
[06:16:21] Bootstrap tree #862, logLikelihood: -54659.951567
[06:16:26] Bootstrap tree #863, logLikelihood: -54730.248577
[06:16:32] Bootstrap tree #864, logLikelihood: -53951.774125
[06:16:35] Bootstrap tree #865, logLikelihood: -54558.907486
[06:16:41] Bootstrap tree #866, logLikelihood: -54526.862979
[06:16:44] Bootstrap tree #867, logLikelihood: -53924.810629
[06:16:51] Bootstrap tree #868, logLikelihood: -54307.084602
[06:16:55] Bootstrap tree #869, logLikelihood: -53200.224812
[06:16:59] Bootstrap tree #870, logLikelihood: -53833.976312
[06:17:03] Bootstrap tree #871, logLikelihood: -53666.162872
[06:17:07] Bootstrap tree #872, logLikelihood: -53834.316700
[06:17:11] Bootstrap tree #873, logLikelihood: -53828.295502
[06:17:26] Bootstrap tree #874, logLikelihood: -54047.187449
[06:18:15] Bootstrap tree #875, logLikelihood: -55280.036567
[06:18:32] Bootstrap tree #876, logLikelihood: -54066.756926
[06:19:06] Bootstrap tree #877, logLikelihood: -55466.873438
[06:19:37] Bootstrap tree #878, logLikelihood: -55617.405601
[06:20:20] Bootstrap tree #879, logLikelihood: -53243.441481
[06:20:35] Bootstrap tree #880, logLikelihood: -54249.066346
[06:20:39] Bootstrap tree #881, logLikelihood: -54024.179320
[06:20:44] Bootstrap tree #882, logLikelihood: -54753.322950
[06:20:49] Bootstrap tree #883, logLikelihood: -53853.870234
[06:20:53] Bootstrap tree #884, logLikelihood: -54427.332657
[06:20:57] Bootstrap tree #885, logLikelihood: -55866.514207
[06:21:02] Bootstrap tree #886, logLikelihood: -54581.100331
[06:21:08] Bootstrap tree #887, logLikelihood: -54933.211177
[06:21:12] Bootstrap tree #888, logLikelihood: -54830.315440
[06:21:18] Bootstrap tree #889, logLikelihood: -52694.266514
[06:21:26] Bootstrap tree #890, logLikelihood: -55520.543826
[06:21:38] Bootstrap tree #891, logLikelihood: -55024.492369
[06:22:02] Bootstrap tree #892, logLikelihood: -54133.414667
[06:22:15] Bootstrap tree #893, logLikelihood: -54602.853257
[06:22:55] Bootstrap tree #894, logLikelihood: -55492.608606
[06:23:25] Bootstrap tree #895, logLikelihood: -55823.086861
[06:23:52] Bootstrap tree #896, logLikelihood: -53851.190760
[06:24:29] Bootstrap tree #897, logLikelihood: -54154.753016
[06:24:56] Bootstrap tree #898, logLikelihood: -53852.234891
[06:25:28] Bootstrap tree #899, logLikelihood: -54745.654668
[06:25:49] Bootstrap tree #900, logLikelihood: -54461.684311
[06:26:24] Bootstrap tree #901, logLikelihood: -55114.812608
[06:26:42] Bootstrap tree #902, logLikelihood: -54129.421897
[06:27:17] Bootstrap tree #903, logLikelihood: -54177.065126
[06:27:49] Bootstrap tree #904, logLikelihood: -53324.700285
[06:28:24] Bootstrap tree #905, logLikelihood: -54289.611745
[06:28:55] Bootstrap tree #906, logLikelihood: -54369.634821
[06:29:30] Bootstrap tree #907, logLikelihood: -54502.244475
[06:29:54] Bootstrap tree #908, logLikelihood: -55731.963041
[06:30:10] Bootstrap tree #909, logLikelihood: -53665.170464
[06:30:39] Bootstrap tree #910, logLikelihood: -55479.888623
[06:30:55] Bootstrap tree #911, logLikelihood: -55094.437573
[06:31:17] Bootstrap tree #912, logLikelihood: -53577.612357
[06:31:42] Bootstrap tree #913, logLikelihood: -55374.021030
[06:32:02] Bootstrap tree #914, logLikelihood: -53442.359354
[06:32:23] Bootstrap tree #915, logLikelihood: -53803.018719
[06:32:30] Bootstrap tree #916, logLikelihood: -54655.894424
[06:33:12] Bootstrap tree #917, logLikelihood: -54065.237014
[06:33:34] Bootstrap tree #918, logLikelihood: -53607.871015
[06:34:01] Bootstrap tree #919, logLikelihood: -55032.348385
[06:34:27] Bootstrap tree #920, logLikelihood: -54449.335046
[06:34:50] Bootstrap tree #921, logLikelihood: -53686.744324
[06:35:21] Bootstrap tree #922, logLikelihood: -54290.163480
[06:35:40] Bootstrap tree #923, logLikelihood: -54206.074346
[06:36:05] Bootstrap tree #924, logLikelihood: -55165.059763
[06:36:26] Bootstrap tree #925, logLikelihood: -54435.060003
[06:36:53] Bootstrap tree #926, logLikelihood: -54520.901621
[06:37:15] Bootstrap tree #927, logLikelihood: -54928.523837
[06:37:42] Bootstrap tree #928, logLikelihood: -54682.006315
[06:38:22] Bootstrap tree #929, logLikelihood: -54129.948356
[06:38:51] Bootstrap tree #930, logLikelihood: -54861.933035
[06:39:17] Bootstrap tree #931, logLikelihood: -53470.308934
[06:39:51] Bootstrap tree #932, logLikelihood: -54066.998764
[06:40:14] Bootstrap tree #933, logLikelihood: -54612.641304
[06:40:49] Bootstrap tree #934, logLikelihood: -54135.155904
[06:41:19] Bootstrap tree #935, logLikelihood: -54363.708085
[06:41:25] Bootstrap tree #936, logLikelihood: -54576.357848
[06:41:54] Bootstrap tree #937, logLikelihood: -55471.702865
[06:42:14] Bootstrap tree #938, logLikelihood: -55057.087895
[06:42:42] Bootstrap tree #939, logLikelihood: -53625.733533
[06:43:10] Bootstrap tree #940, logLikelihood: -55269.288099
[06:43:42] Bootstrap tree #941, logLikelihood: -54341.870174
[06:44:08] Bootstrap tree #942, logLikelihood: -54791.446182
[06:44:37] Bootstrap tree #943, logLikelihood: -54684.894070
[06:44:44] Bootstrap tree #944, logLikelihood: -53777.506102
[06:45:02] Bootstrap tree #945, logLikelihood: -55336.780500
[06:45:14] Bootstrap tree #946, logLikelihood: -55436.430690
[06:45:29] Bootstrap tree #947, logLikelihood: -54824.113867
[06:45:51] Bootstrap tree #948, logLikelihood: -54244.330221
[06:46:08] Bootstrap tree #949, logLikelihood: -53995.162480
[06:46:43] Bootstrap tree #950, logLikelihood: -55047.215191
[06:47:08] Bootstrap tree #951, logLikelihood: -53719.936142
[06:47:46] Bootstrap tree #952, logLikelihood: -54692.924477
[06:48:04] Bootstrap tree #953, logLikelihood: -53983.970358
[06:48:34] Bootstrap tree #954, logLikelihood: -55036.460844
[06:49:05] Bootstrap tree #955, logLikelihood: -54423.038121
[06:49:21] Bootstrap tree #956, logLikelihood: -54602.553915
[06:49:51] Bootstrap tree #957, logLikelihood: -54280.666594
[06:50:20] Bootstrap tree #958, logLikelihood: -55547.021645
[06:50:48] Bootstrap tree #959, logLikelihood: -53720.877714
[06:51:20] Bootstrap tree #960, logLikelihood: -55228.299749
[06:51:49] Bootstrap tree #961, logLikelihood: -54220.201044
[06:52:22] Bootstrap tree #962, logLikelihood: -53802.942429
[06:52:33] Bootstrap tree #963, logLikelihood: -54356.006690
[06:53:10] Bootstrap tree #964, logLikelihood: -54368.000109
[06:53:35] Bootstrap tree #965, logLikelihood: -55275.532797
[06:53:54] Bootstrap tree #966, logLikelihood: -52622.025199
[06:54:24] Bootstrap tree #967, logLikelihood: -53915.452098
[06:54:58] Bootstrap tree #968, logLikelihood: -53757.647592
[06:55:27] Bootstrap tree #969, logLikelihood: -54936.008570
[06:55:51] Bootstrap tree #970, logLikelihood: -54808.240780
[06:56:15] Bootstrap tree #971, logLikelihood: -53944.177662
[06:56:48] Bootstrap tree #972, logLikelihood: -55794.028639
[06:57:14] Bootstrap tree #973, logLikelihood: -54189.877099
[06:57:44] Bootstrap tree #974, logLikelihood: -54857.554097
[06:58:09] Bootstrap tree #975, logLikelihood: -54000.952561
[06:58:54] Bootstrap tree #976, logLikelihood: -52935.463752
[06:59:18] Bootstrap tree #977, logLikelihood: -53267.457941
[06:59:49] Bootstrap tree #978, logLikelihood: -54437.867986
[07:00:19] Bootstrap tree #979, logLikelihood: -54926.428065
[07:00:44] Bootstrap tree #980, logLikelihood: -55452.007741
[07:01:02] Bootstrap tree #981, logLikelihood: -54879.938011
[07:01:29] Bootstrap tree #982, logLikelihood: -53974.998922
[07:01:53] Bootstrap tree #983, logLikelihood: -54067.387532
[07:02:14] Bootstrap tree #984, logLikelihood: -54433.836379
[07:03:02] Bootstrap tree #985, logLikelihood: -55868.327758
[07:03:43] Bootstrap tree #986, logLikelihood: -54399.228597
[07:04:21] Bootstrap tree #987, logLikelihood: -55938.724965
[07:04:26] Bootstrap tree #988, logLikelihood: -53583.589580
[07:04:42] Bootstrap tree #989, logLikelihood: -54335.047673
[07:05:16] Bootstrap tree #990, logLikelihood: -54163.925422
[07:05:43] Bootstrap tree #991, logLikelihood: -54644.884249
[07:06:07] Bootstrap tree #992, logLikelihood: -55009.710109
[07:06:10] Bootstrap tree #993, logLikelihood: -53828.643541
[07:06:17] Bootstrap tree #994, logLikelihood: -55930.654076
[07:06:23] Bootstrap tree #995, logLikelihood: -55507.280083
[07:06:30] Bootstrap tree #996, logLikelihood: -54579.149629
[07:06:36] Bootstrap tree #997, logLikelihood: -54267.064394
[07:06:44] Bootstrap tree #998, logLikelihood: -53707.037752
[07:06:49] Bootstrap tree #999, logLikelihood: -54652.363586
[07:07:14] Bootstrap tree #1000, logLikelihood: -55691.152004

Optimized model parameters:

   Partition 0: noname
   Rate heterogeneity: NONE
   Base frequencies (ML): 0.208850 0.282667 0.123497 0.384986 
   Substitution rates (model): 1.000000 1.000000 1.000000 1.000000 1.000000 1.000000 

Final LogLikelihood: -54568.308890

AIC score: 109216.617779 / AICc score: 109217.356352 / BIC score: 109472.930765
Free parameters (model + branch lengths): 40

All ML trees saved to: /home/laurmel/EEOB563_labs/lab4/data2/heylooo.raxml.mlTrees
Best ML tree saved to: /home/laurmel/EEOB563_labs/lab4/data2/heylooo.raxml.bestTree
Best ML tree with Felsenstein bootstrap (FBP) support values saved to: /home/laurmel/EEOB563_labs/lab4/data2/heylooo.raxml.support
Optimized model saved to: /home/laurmel/EEOB563_labs/lab4/data2/heylooo.raxml.bestModel
Bootstrap trees saved to: /home/laurmel/EEOB563_labs/lab4/data2/heylooo.raxml.bootstraps

Execution log saved to: /home/laurmel/EEOB563_labs/lab4/data2/heylooo.raxml.log

Analysis started: 12-Mar-2019 15:44:37 / finished: 12-Mar-2019 22:51:52

Elapsed time: 25634.890 seconds

