
RAxML-NG v. 0.8.0 BETA released on 11.01.2019 by The Exelixis Lab.
Authors: Alexey Kozlov, Alexandros Stamatakis, Diego Darriba, Tomas Flouri, Benoit Morel.
Latest version: https://github.com/amkozlov/raxml-ng
Questions/problems/suggestions? Please visit: https://groups.google.com/forum/#!forum/raxml

WARNING: This is a BETA release, please use at your own risk!

RAxML-NG was called at 12-Mar-2019 13:45:55 as follows:

raxml-ng --all --msa alignment.fs --model F81 --prefix heyloo --threads 6 --bs-trees 1000 --bs-metric fbp

Analysis options:
  run mode: ML tree search + bootstrapping (Felsenstein Bootstrap)
  start tree(s): random (10) + parsimony (10)
  bootstrap replicates: 1000
  random seed: 1552416355
  tip-inner: OFF
  pattern compression: ON
  per-rate scalers: OFF
  site repeats: ON
  branch lengths: proportional (ML estimate, algorithm: NR-FAST)
  SIMD kernels: AVX
  parallelization: PTHREADS (6 threads), thread pinning: OFF

[00:00:01] Reading alignment from file: alignment.fs
[00:00:01] Loaded alignment with 20 taxa and 4482 sites

Alignment comprises 1 partitions and 2114 patterns

Partition 0: noname
Model: F81+FO
Alignment sites / patterns: 4482 / 2114
Gaps: 6.81 %
Invariant sites: 1.18 %


NOTE: Binary MSA file created: heyloo.raxml.rba

[00:00:01] Generating 10 random starting tree(s) with 20 taxa
[00:00:01] Generating 10 parsimony starting tree(s) with 20 taxa
[00:00:04] Data distribution: max. partitions/sites/weight per thread: 1 / 353 / 1412

Starting ML tree search with 20 distinct starting trees

[00:00:48] ML tree search #1, logLikelihood: -54568.308909
[00:01:37] ML tree search #2, logLikelihood: -54568.308920
[00:02:24] ML tree search #3, logLikelihood: -54568.308906
[00:03:00] ML tree search #4, logLikelihood: -54578.580212
[00:03:28] ML tree search #5, logLikelihood: -54568.308920
[00:03:47] ML tree search #6, logLikelihood: -54578.580197
[00:04:35] ML tree search #7, logLikelihood: -54568.308943
[00:05:29] ML tree search #8, logLikelihood: -54568.308929
[00:06:09] ML tree search #9, logLikelihood: -54568.308891
[00:06:42] ML tree search #10, logLikelihood: -54568.308931
[00:07:27] ML tree search #11, logLikelihood: -54568.308928
[00:07:53] ML tree search #12, logLikelihood: -54568.308922
[00:08:30] ML tree search #13, logLikelihood: -54568.308919
[00:09:03] ML tree search #14, logLikelihood: -54568.308924
[00:09:39] ML tree search #15, logLikelihood: -54568.308924
[00:10:14] ML tree search #16, logLikelihood: -54578.580249
[00:11:03] ML tree search #17, logLikelihood: -54568.308922
[00:11:13] ML tree search #18, logLikelihood: -54586.286286
[00:11:25] ML tree search #19, logLikelihood: -54586.286524
[00:12:14] ML tree search #20, logLikelihood: -54595.834385

[00:12:14] ML tree search completed, best tree logLH: -54568.308891

[00:12:14] Starting bootstrapping analysis with 1000 replicates.

[00:12:43] Bootstrap tree #1, logLikelihood: -54188.524564
[00:13:26] Bootstrap tree #2, logLikelihood: -54047.906001
[00:13:58] Bootstrap tree #3, logLikelihood: -53095.840751
[00:14:35] Bootstrap tree #4, logLikelihood: -54596.652066
[00:15:11] Bootstrap tree #5, logLikelihood: -54114.176002
[00:15:55] Bootstrap tree #6, logLikelihood: -53589.072661
[00:16:13] Bootstrap tree #7, logLikelihood: -53621.734710
[00:16:48] Bootstrap tree #8, logLikelihood: -53518.830908
[00:17:20] Bootstrap tree #9, logLikelihood: -54588.035162
[00:17:49] Bootstrap tree #10, logLikelihood: -54697.680788
[00:18:29] Bootstrap tree #11, logLikelihood: -54989.553429
[00:18:32] Bootstrap tree #12, logLikelihood: -55510.191941
[00:18:59] Bootstrap tree #13, logLikelihood: -54690.453864
[00:19:48] Bootstrap tree #14, logLikelihood: -55978.645501
[00:20:08] Bootstrap tree #15, logLikelihood: -53990.696242
[00:20:57] Bootstrap tree #16, logLikelihood: -55722.375806
[00:21:40] Bootstrap tree #17, logLikelihood: -54652.015709
[00:22:34] Bootstrap tree #18, logLikelihood: -54443.011552
[00:23:13] Bootstrap tree #19, logLikelihood: -56197.520920
[00:23:52] Bootstrap tree #20, logLikelihood: -53565.138976
[00:24:25] Bootstrap tree #21, logLikelihood: -55508.862235
[00:25:08] Bootstrap tree #22, logLikelihood: -53750.146448
[00:25:11] Bootstrap tree #23, logLikelihood: -54985.850821
[00:25:46] Bootstrap tree #24, logLikelihood: -54513.781082
[00:26:14] Bootstrap tree #25, logLikelihood: -55234.719116
[00:26:36] Bootstrap tree #26, logLikelihood: -55393.249180
[00:27:14] Bootstrap tree #27, logLikelihood: -55777.944092
[00:27:56] Bootstrap tree #28, logLikelihood: -53765.322043
[00:28:38] Bootstrap tree #29, logLikelihood: -56158.548829
[00:29:02] Bootstrap tree #30, logLikelihood: -55139.777728
[00:29:31] Bootstrap tree #31, logLikelihood: -54409.142346
[00:30:12] Bootstrap tree #32, logLikelihood: -54682.237886
[00:31:04] Bootstrap tree #33, logLikelihood: -53957.685403
[00:32:01] Bootstrap tree #34, logLikelihood: -53808.290295
[00:32:26] Bootstrap tree #35, logLikelihood: -54541.075684
[00:32:45] Bootstrap tree #36, logLikelihood: -53847.713085
[00:32:59] Bootstrap tree #37, logLikelihood: -53734.299972
[00:33:27] Bootstrap tree #38, logLikelihood: -54888.190982
[00:33:55] Bootstrap tree #39, logLikelihood: -53984.978324
[00:34:26] Bootstrap tree #40, logLikelihood: -54015.094973
[00:34:54] Bootstrap tree #41, logLikelihood: -55010.876700
[00:35:14] Bootstrap tree #42, logLikelihood: -55169.879151
[00:35:34] Bootstrap tree #43, logLikelihood: -54480.751994
[00:35:59] Bootstrap tree #44, logLikelihood: -54663.256290
[00:36:26] Bootstrap tree #45, logLikelihood: -54173.902468
[00:36:45] Bootstrap tree #46, logLikelihood: -54981.866447
[00:37:15] Bootstrap tree #47, logLikelihood: -54833.270228
[00:37:32] Bootstrap tree #48, logLikelihood: -55018.098282
[00:38:14] Bootstrap tree #49, logLikelihood: -53391.403913
[00:38:46] Bootstrap tree #50, logLikelihood: -54221.610502
[00:39:27] Bootstrap tree #51, logLikelihood: -54496.362331
[00:39:50] Bootstrap tree #52, logLikelihood: -55286.130800
[00:40:40] Bootstrap tree #53, logLikelihood: -54170.452406
[00:41:11] Bootstrap tree #54, logLikelihood: -54939.446859
[00:41:38] Bootstrap tree #55, logLikelihood: -54408.122179
[00:41:56] Bootstrap tree #56, logLikelihood: -55031.069271
[00:42:15] Bootstrap tree #57, logLikelihood: -53832.763455
[00:42:44] Bootstrap tree #58, logLikelihood: -54203.521836
[00:43:04] Bootstrap tree #59, logLikelihood: -53909.388065
[00:43:23] Bootstrap tree #60, logLikelihood: -53020.393510
[00:44:07] Bootstrap tree #61, logLikelihood: -54098.889392
[00:44:38] Bootstrap tree #62, logLikelihood: -54885.749387
[00:45:14] Bootstrap tree #63, logLikelihood: -54080.525550
[00:45:26] Bootstrap tree #64, logLikelihood: -55267.756967
[00:46:26] Bootstrap tree #65, logLikelihood: -53288.225050
[00:46:59] Bootstrap tree #66, logLikelihood: -54383.378541
[00:47:26] Bootstrap tree #67, logLikelihood: -54912.680491
[00:47:57] Bootstrap tree #68, logLikelihood: -53224.628377
[00:48:17] Bootstrap tree #69, logLikelihood: -56006.357035
[00:49:05] Bootstrap tree #70, logLikelihood: -54475.537331
[00:49:43] Bootstrap tree #71, logLikelihood: -54309.053335
[00:50:31] Bootstrap tree #72, logLikelihood: -53729.827973
[00:50:41] Bootstrap tree #73, logLikelihood: -53513.339645
[00:50:47] Bootstrap tree #74, logLikelihood: -54461.307797
[00:50:52] Bootstrap tree #75, logLikelihood: -55827.942357
[00:50:55] Bootstrap tree #76, logLikelihood: -54495.444528
[00:51:13] Bootstrap tree #77, logLikelihood: -54379.873008
[00:52:01] Bootstrap tree #78, logLikelihood: -54058.651221
[00:52:41] Bootstrap tree #79, logLikelihood: -54200.517084
[00:53:31] Bootstrap tree #80, logLikelihood: -54650.466687
[00:54:11] Bootstrap tree #81, logLikelihood: -54411.371657
[00:54:58] Bootstrap tree #82, logLikelihood: -54121.552630
[00:55:12] Bootstrap tree #83, logLikelihood: -54510.636531
[00:56:15] Bootstrap tree #84, logLikelihood: -54444.434083
[00:56:35] Bootstrap tree #85, logLikelihood: -55739.285289
[00:57:01] Bootstrap tree #86, logLikelihood: -54065.543620
[00:57:25] Bootstrap tree #87, logLikelihood: -55976.167290
[00:58:05] Bootstrap tree #88, logLikelihood: -54178.701188
[00:58:36] Bootstrap tree #89, logLikelihood: -54585.655247
[00:59:05] Bootstrap tree #90, logLikelihood: -54378.261496
[00:59:56] Bootstrap tree #91, logLikelihood: -54249.953917
[01:00:26] Bootstrap tree #92, logLikelihood: -53299.521282
[01:01:03] Bootstrap tree #93, logLikelihood: -54167.360405
[01:01:23] Bootstrap tree #94, logLikelihood: -54513.730394
[01:02:16] Bootstrap tree #95, logLikelihood: -54477.245900
[01:02:50] Bootstrap tree #96, logLikelihood: -54616.966902
[01:03:26] Bootstrap tree #97, logLikelihood: -55213.904674
[01:04:10] Bootstrap tree #98, logLikelihood: -53833.994217
[01:04:46] Bootstrap tree #99, logLikelihood: -54778.565543
[01:05:27] Bootstrap tree #100, logLikelihood: -54958.641906
[01:06:10] Bootstrap tree #101, logLikelihood: -53881.066137
[01:06:51] Bootstrap tree #102, logLikelihood: -54302.897805
[01:07:24] Bootstrap tree #103, logLikelihood: -54406.377695
[01:07:38] Bootstrap tree #104, logLikelihood: -54281.029651
[01:07:42] Bootstrap tree #105, logLikelihood: -53795.744374
[01:07:47] Bootstrap tree #106, logLikelihood: -54633.600441
[01:07:52] Bootstrap tree #107, logLikelihood: -54441.060097
[01:07:55] Bootstrap tree #108, logLikelihood: -53995.505381
[01:08:01] Bootstrap tree #109, logLikelihood: -54407.947294
[01:08:04] Bootstrap tree #110, logLikelihood: -53686.201988
[01:08:08] Bootstrap tree #111, logLikelihood: -55269.906558
[01:08:11] Bootstrap tree #112, logLikelihood: -54415.142846
[01:08:15] Bootstrap tree #113, logLikelihood: -55423.163918
[01:08:19] Bootstrap tree #114, logLikelihood: -53270.982153
[01:08:24] Bootstrap tree #115, logLikelihood: -54699.247774
[01:08:26] Bootstrap tree #116, logLikelihood: -53309.154992
[01:08:37] Bootstrap tree #117, logLikelihood: -52926.495930
[01:09:20] Bootstrap tree #118, logLikelihood: -53355.375257
[01:10:03] Bootstrap tree #119, logLikelihood: -53576.741092
[01:10:24] Bootstrap tree #120, logLikelihood: -53894.318870
[01:11:03] Bootstrap tree #121, logLikelihood: -54305.919540
[01:11:39] Bootstrap tree #122, logLikelihood: -55224.082193
[01:12:08] Bootstrap tree #123, logLikelihood: -54791.944243
[01:12:46] Bootstrap tree #124, logLikelihood: -54810.518983
[01:13:45] Bootstrap tree #125, logLikelihood: -53151.081116
[01:14:35] Bootstrap tree #126, logLikelihood: -54415.315024
[01:15:16] Bootstrap tree #127, logLikelihood: -55038.841388
[01:15:42] Bootstrap tree #128, logLikelihood: -54697.399424
[01:16:21] Bootstrap tree #129, logLikelihood: -55302.801130
[01:17:05] Bootstrap tree #130, logLikelihood: -55749.308708
[01:17:30] Bootstrap tree #131, logLikelihood: -54577.669636
[01:17:41] Bootstrap tree #132, logLikelihood: -54025.760555
[01:17:49] Bootstrap tree #133, logLikelihood: -53476.554580
[01:18:00] Bootstrap tree #134, logLikelihood: -53252.527463
[01:18:09] Bootstrap tree #135, logLikelihood: -55256.984910
[01:18:17] Bootstrap tree #136, logLikelihood: -53919.442741
[01:18:44] Bootstrap tree #137, logLikelihood: -53918.273841
[01:19:24] Bootstrap tree #138, logLikelihood: -54923.442250
[01:20:07] Bootstrap tree #139, logLikelihood: -54976.030886
[01:20:50] Bootstrap tree #140, logLikelihood: -54086.142192
[01:21:30] Bootstrap tree #141, logLikelihood: -55879.892567
[01:22:07] Bootstrap tree #142, logLikelihood: -54379.086471
[01:22:40] Bootstrap tree #143, logLikelihood: -55144.285955
[01:23:20] Bootstrap tree #144, logLikelihood: -54705.600703
[01:23:53] Bootstrap tree #145, logLikelihood: -54213.495674
[01:24:32] Bootstrap tree #146, logLikelihood: -54075.029383
[01:25:06] Bootstrap tree #147, logLikelihood: -53853.832763
[01:25:18] Bootstrap tree #148, logLikelihood: -54175.901444
[01:26:04] Bootstrap tree #149, logLikelihood: -54968.326254
[01:26:44] Bootstrap tree #150, logLikelihood: -54322.600712
[01:27:26] Bootstrap tree #151, logLikelihood: -54466.508087
[01:28:26] Bootstrap tree #152, logLikelihood: -53605.651183
[01:28:45] Bootstrap tree #153, logLikelihood: -54775.366580
[01:28:49] Bootstrap tree #154, logLikelihood: -54929.004253
[01:28:54] Bootstrap tree #155, logLikelihood: -55289.732784
[01:28:58] Bootstrap tree #156, logLikelihood: -53169.549255
[01:29:02] Bootstrap tree #157, logLikelihood: -55975.535191
[01:29:05] Bootstrap tree #158, logLikelihood: -55175.422399
[01:29:09] Bootstrap tree #159, logLikelihood: -54515.863962
[01:29:13] Bootstrap tree #160, logLikelihood: -54991.431366
[01:29:17] Bootstrap tree #161, logLikelihood: -53890.880866
[01:29:21] Bootstrap tree #162, logLikelihood: -54029.683697
[01:29:26] Bootstrap tree #163, logLikelihood: -54970.758585
[01:29:28] Bootstrap tree #164, logLikelihood: -54629.321156
[01:29:33] Bootstrap tree #165, logLikelihood: -55629.666515
[01:29:38] Bootstrap tree #166, logLikelihood: -53944.376736
[01:29:41] Bootstrap tree #167, logLikelihood: -54012.589601
[01:29:44] Bootstrap tree #168, logLikelihood: -55045.765795
[01:29:49] Bootstrap tree #169, logLikelihood: -54170.071795
[01:30:30] Bootstrap tree #170, logLikelihood: -53603.111656
[01:31:22] Bootstrap tree #171, logLikelihood: -55372.568884
[01:32:00] Bootstrap tree #172, logLikelihood: -54447.258947
[01:32:53] Bootstrap tree #173, logLikelihood: -52772.062504
[01:33:36] Bootstrap tree #174, logLikelihood: -53610.039303
[01:34:10] Bootstrap tree #175, logLikelihood: -52664.529344
[01:35:12] Bootstrap tree #176, logLikelihood: -54375.998707
[01:36:00] Bootstrap tree #177, logLikelihood: -54194.305930
[01:36:55] Bootstrap tree #178, logLikelihood: -54556.771118
[01:37:31] Bootstrap tree #179, logLikelihood: -54423.558181
[01:38:27] Bootstrap tree #180, logLikelihood: -53958.409875
[01:39:17] Bootstrap tree #181, logLikelihood: -55392.062503
[01:40:06] Bootstrap tree #182, logLikelihood: -52622.040756
[01:40:40] Bootstrap tree #183, logLikelihood: -54188.161686
[01:40:54] Bootstrap tree #184, logLikelihood: -55536.759080
[01:41:34] Bootstrap tree #185, logLikelihood: -55485.397096
[01:42:25] Bootstrap tree #186, logLikelihood: -54409.049416
[01:43:00] Bootstrap tree #187, logLikelihood: -53933.175210
[01:43:47] Bootstrap tree #188, logLikelihood: -54240.510817
[01:44:21] Bootstrap tree #189, logLikelihood: -54640.066896
[01:44:35] Bootstrap tree #190, logLikelihood: -54407.216008
[01:45:01] Bootstrap tree #191, logLikelihood: -53800.191442
[01:45:45] Bootstrap tree #192, logLikelihood: -54677.426593
[01:46:04] Bootstrap tree #193, logLikelihood: -55458.785579
[01:46:36] Bootstrap tree #194, logLikelihood: -54088.447457
[01:47:24] Bootstrap tree #195, logLikelihood: -55077.880378
[01:48:04] Bootstrap tree #196, logLikelihood: -54814.507880
[01:48:34] Bootstrap tree #197, logLikelihood: -54019.486625
[01:49:11] Bootstrap tree #198, logLikelihood: -55073.223395
[01:50:07] Bootstrap tree #199, logLikelihood: -54361.545075
[01:50:34] Bootstrap tree #200, logLikelihood: -54779.465900
[01:51:06] Bootstrap tree #201, logLikelihood: -53567.107809
[01:51:50] Bootstrap tree #202, logLikelihood: -53547.540549
[01:52:24] Bootstrap tree #203, logLikelihood: -54097.744772
[01:53:04] Bootstrap tree #204, logLikelihood: -54552.548912
[01:53:54] Bootstrap tree #205, logLikelihood: -53872.444685
[01:54:45] Bootstrap tree #206, logLikelihood: -54206.678001
[01:55:24] Bootstrap tree #207, logLikelihood: -53447.600627
[01:56:09] Bootstrap tree #208, logLikelihood: -54578.153674
[01:56:56] Bootstrap tree #209, logLikelihood: -53703.885971
[01:57:20] Bootstrap tree #210, logLikelihood: -54970.498636
[01:57:59] Bootstrap tree #211, logLikelihood: -54163.430184
[01:58:41] Bootstrap tree #212, logLikelihood: -54659.078509
[01:59:25] Bootstrap tree #213, logLikelihood: -54377.796610
[02:00:09] Bootstrap tree #214, logLikelihood: -54587.645731
[02:01:05] Bootstrap tree #215, logLikelihood: -54559.249006
[02:02:23] Bootstrap tree #216, logLikelihood: -55649.485904
[02:03:14] Bootstrap tree #217, logLikelihood: -52870.865699
[02:04:13] Bootstrap tree #218, logLikelihood: -53399.722323
[02:04:42] Bootstrap tree #219, logLikelihood: -53766.998660
[02:05:31] Bootstrap tree #220, logLikelihood: -55422.049296
[02:06:08] Bootstrap tree #221, logLikelihood: -54135.605059
[02:06:45] Bootstrap tree #222, logLikelihood: -53877.139906
[02:07:29] Bootstrap tree #223, logLikelihood: -53807.844920
[02:07:44] Bootstrap tree #224, logLikelihood: -54807.922105
[02:08:30] Bootstrap tree #225, logLikelihood: -53673.838136
[02:08:33] Bootstrap tree #226, logLikelihood: -52530.989904
[02:09:19] Bootstrap tree #227, logLikelihood: -54430.789746
[02:10:15] Bootstrap tree #228, logLikelihood: -54513.640252
[02:10:38] Bootstrap tree #229, logLikelihood: -54695.969786
[02:11:10] Bootstrap tree #230, logLikelihood: -54981.579173
[02:11:51] Bootstrap tree #231, logLikelihood: -55330.936312
[02:12:42] Bootstrap tree #232, logLikelihood: -54272.208188
[02:13:25] Bootstrap tree #233, logLikelihood: -54842.012413
[02:14:14] Bootstrap tree #234, logLikelihood: -53851.627442
[02:15:16] Bootstrap tree #235, logLikelihood: -54988.273323
[02:16:06] Bootstrap tree #236, logLikelihood: -53533.043197
[02:17:01] Bootstrap tree #237, logLikelihood: -55564.319739
[02:17:06] Bootstrap tree #238, logLikelihood: -52462.940528
[02:17:13] Bootstrap tree #239, logLikelihood: -54379.074312
[02:17:18] Bootstrap tree #240, logLikelihood: -55766.937851
[02:17:22] Bootstrap tree #241, logLikelihood: -54961.433019
[02:17:26] Bootstrap tree #242, logLikelihood: -54816.706932
[02:17:31] Bootstrap tree #243, logLikelihood: -54508.176527
[02:17:36] Bootstrap tree #244, logLikelihood: -53329.861301
[02:17:39] Bootstrap tree #245, logLikelihood: -54963.855620
[02:17:43] Bootstrap tree #246, logLikelihood: -54940.755597
[02:17:48] Bootstrap tree #247, logLikelihood: -54499.361016
[02:17:53] Bootstrap tree #248, logLikelihood: -54678.691202
[02:17:56] Bootstrap tree #249, logLikelihood: -54232.779242
[02:18:01] Bootstrap tree #250, logLikelihood: -55273.132483
[02:18:05] Bootstrap tree #251, logLikelihood: -55288.320100
[02:18:12] Bootstrap tree #252, logLikelihood: -54330.124102
[02:18:16] Bootstrap tree #253, logLikelihood: -54231.385045
[02:18:19] Bootstrap tree #254, logLikelihood: -54555.341687
[02:18:25] Bootstrap tree #255, logLikelihood: -53832.287418
[02:18:31] Bootstrap tree #256, logLikelihood: -54231.988929
[02:18:37] Bootstrap tree #257, logLikelihood: -53067.833720
[02:18:42] Bootstrap tree #258, logLikelihood: -53430.958203
[02:18:52] Bootstrap tree #259, logLikelihood: -54403.062277
[02:19:43] Bootstrap tree #260, logLikelihood: -55567.062538
[02:20:23] Bootstrap tree #261, logLikelihood: -54836.360071
[02:20:58] Bootstrap tree #262, logLikelihood: -54460.562337
[02:21:11] Bootstrap tree #263, logLikelihood: -54338.332268
[02:22:06] Bootstrap tree #264, logLikelihood: -53444.742159
[02:22:50] Bootstrap tree #265, logLikelihood: -55106.223490
[02:23:37] Bootstrap tree #266, logLikelihood: -54858.964177
[02:24:36] Bootstrap tree #267, logLikelihood: -55124.318387
[02:25:34] Bootstrap tree #268, logLikelihood: -55197.984175
[02:26:12] Bootstrap tree #269, logLikelihood: -54381.614627
[02:26:19] Bootstrap tree #270, logLikelihood: -54401.046346
[02:26:24] Bootstrap tree #271, logLikelihood: -55248.108238
[02:26:31] Bootstrap tree #272, logLikelihood: -56354.235146
[02:26:36] Bootstrap tree #273, logLikelihood: -53590.145309
[02:26:41] Bootstrap tree #274, logLikelihood: -53906.402183
[02:26:48] Bootstrap tree #275, logLikelihood: -53943.953294
[02:26:51] Bootstrap tree #276, logLikelihood: -54509.472250
[02:26:56] Bootstrap tree #277, logLikelihood: -54349.326118
[02:27:01] Bootstrap tree #278, logLikelihood: -55795.824826
[02:27:07] Bootstrap tree #279, logLikelihood: -55051.362101
[02:27:11] Bootstrap tree #280, logLikelihood: -54581.646876
[02:27:19] Bootstrap tree #281, logLikelihood: -54382.002506
[02:27:24] Bootstrap tree #282, logLikelihood: -54346.090643
[02:27:28] Bootstrap tree #283, logLikelihood: -55178.005630
[02:27:33] Bootstrap tree #284, logLikelihood: -53739.342891
[02:27:37] Bootstrap tree #285, logLikelihood: -54488.243020
[02:27:41] Bootstrap tree #286, logLikelihood: -55320.221173
[02:27:44] Bootstrap tree #287, logLikelihood: -54152.997634
[02:27:48] Bootstrap tree #288, logLikelihood: -54034.384150
[02:27:52] Bootstrap tree #289, logLikelihood: -54813.879277
[02:27:58] Bootstrap tree #290, logLikelihood: -53148.763427
[02:28:02] Bootstrap tree #291, logLikelihood: -54039.071296
[02:28:07] Bootstrap tree #292, logLikelihood: -54465.801060
[02:28:11] Bootstrap tree #293, logLikelihood: -55470.112987
[02:28:15] Bootstrap tree #294, logLikelihood: -53466.004794
[02:28:20] Bootstrap tree #295, logLikelihood: -55735.814375
[02:28:24] Bootstrap tree #296, logLikelihood: -54193.254711
[02:28:30] Bootstrap tree #297, logLikelihood: -53686.788616
[02:28:34] Bootstrap tree #298, logLikelihood: -54971.328743
[02:28:38] Bootstrap tree #299, logLikelihood: -54604.578184
[02:28:43] Bootstrap tree #300, logLikelihood: -55824.164383
[02:28:49] Bootstrap tree #301, logLikelihood: -54149.239095
[02:28:51] Bootstrap tree #302, logLikelihood: -55341.337425
[02:28:55] Bootstrap tree #303, logLikelihood: -54701.377122
[02:28:58] Bootstrap tree #304, logLikelihood: -54519.221345
[02:29:03] Bootstrap tree #305, logLikelihood: -53892.097977
[02:29:28] Bootstrap tree #306, logLikelihood: -53693.745364
[02:30:17] Bootstrap tree #307, logLikelihood: -54438.328191
[02:30:23] Bootstrap tree #308, logLikelihood: -55591.310482
[02:30:28] Bootstrap tree #309, logLikelihood: -54396.205862
[02:30:33] Bootstrap tree #310, logLikelihood: -54258.299563
[02:30:39] Bootstrap tree #311, logLikelihood: -54505.754791
[02:30:43] Bootstrap tree #312, logLikelihood: -53742.335054
[02:30:47] Bootstrap tree #313, logLikelihood: -53948.078164
[02:30:51] Bootstrap tree #314, logLikelihood: -54933.908193
[02:30:56] Bootstrap tree #315, logLikelihood: -54668.666211
[02:31:03] Bootstrap tree #316, logLikelihood: -55767.558351
[02:31:08] Bootstrap tree #317, logLikelihood: -54582.085643
[02:31:13] Bootstrap tree #318, logLikelihood: -53721.674993
[02:31:16] Bootstrap tree #319, logLikelihood: -54256.990601
[02:31:21] Bootstrap tree #320, logLikelihood: -54142.817128
[02:32:07] Bootstrap tree #321, logLikelihood: -54667.042611
[02:32:33] Bootstrap tree #322, logLikelihood: -54271.111625
[02:33:03] Bootstrap tree #323, logLikelihood: -55085.059114
[02:33:55] Bootstrap tree #324, logLikelihood: -53871.844677
[02:34:46] Bootstrap tree #325, logLikelihood: -54891.012771
[02:35:58] Bootstrap tree #326, logLikelihood: -53173.097184
[02:36:45] Bootstrap tree #327, logLikelihood: -54983.277529
[02:37:36] Bootstrap tree #328, logLikelihood: -54057.174480
[02:37:50] Bootstrap tree #329, logLikelihood: -54528.797772
[02:37:55] Bootstrap tree #330, logLikelihood: -54960.938437
[02:38:40] Bootstrap tree #331, logLikelihood: -54163.949846
[02:39:22] Bootstrap tree #332, logLikelihood: -53859.913609
[02:40:07] Bootstrap tree #333, logLikelihood: -54825.690506
[02:40:32] Bootstrap tree #334, logLikelihood: -54371.365142
[02:41:10] Bootstrap tree #335, logLikelihood: -54077.856250
[02:41:27] Bootstrap tree #336, logLikelihood: -54764.534682
[02:42:30] Bootstrap tree #337, logLikelihood: -54304.291581
[02:43:16] Bootstrap tree #338, logLikelihood: -54168.337670
[02:43:56] Bootstrap tree #339, logLikelihood: -55344.240950
[02:44:35] Bootstrap tree #340, logLikelihood: -54435.342748
[02:45:13] Bootstrap tree #341, logLikelihood: -54487.246569
[02:46:05] Bootstrap tree #342, logLikelihood: -54312.932638
[02:46:53] Bootstrap tree #343, logLikelihood: -54215.216732
[02:47:38] Bootstrap tree #344, logLikelihood: -55164.068751
[02:48:27] Bootstrap tree #345, logLikelihood: -52838.051421
[02:49:13] Bootstrap tree #346, logLikelihood: -54403.054782
[02:50:04] Bootstrap tree #347, logLikelihood: -55493.073851
[02:50:51] Bootstrap tree #348, logLikelihood: -53274.787176
[02:51:03] Bootstrap tree #349, logLikelihood: -54599.601422
[02:51:41] Bootstrap tree #350, logLikelihood: -55398.574266
[02:52:03] Bootstrap tree #351, logLikelihood: -53866.628807
[02:53:09] Bootstrap tree #352, logLikelihood: -53774.425500
[02:53:56] Bootstrap tree #353, logLikelihood: -53351.234033
[02:54:10] Bootstrap tree #354, logLikelihood: -54297.371451
[02:54:54] Bootstrap tree #355, logLikelihood: -54378.124362
[02:55:43] Bootstrap tree #356, logLikelihood: -54806.860746
[02:55:54] Bootstrap tree #357, logLikelihood: -53803.868798
[02:55:59] Bootstrap tree #358, logLikelihood: -54671.482393
[02:56:04] Bootstrap tree #359, logLikelihood: -54279.068975
[02:56:08] Bootstrap tree #360, logLikelihood: -55639.500107
[02:56:13] Bootstrap tree #361, logLikelihood: -54981.683672
[02:56:18] Bootstrap tree #362, logLikelihood: -54118.483049
[02:56:23] Bootstrap tree #363, logLikelihood: -53534.581147
[02:56:27] Bootstrap tree #364, logLikelihood: -54229.037270
[02:56:34] Bootstrap tree #365, logLikelihood: -53771.862249
[02:56:39] Bootstrap tree #366, logLikelihood: -53784.534975
[02:56:44] Bootstrap tree #367, logLikelihood: -53171.686671
[02:57:10] Bootstrap tree #368, logLikelihood: -53562.495860
[02:58:26] Bootstrap tree #369, logLikelihood: -53890.466898
[02:59:09] Bootstrap tree #370, logLikelihood: -54621.120759
[02:59:50] Bootstrap tree #371, logLikelihood: -54236.720896
[03:00:36] Bootstrap tree #372, logLikelihood: -53430.776594
[03:01:53] Bootstrap tree #373, logLikelihood: -52780.812220
[03:02:43] Bootstrap tree #374, logLikelihood: -53980.892124
[03:03:02] Bootstrap tree #375, logLikelihood: -55236.837251
[03:03:57] Bootstrap tree #376, logLikelihood: -54496.419851
[03:05:03] Bootstrap tree #377, logLikelihood: -53977.253792
[03:05:55] Bootstrap tree #378, logLikelihood: -53491.508633
[03:05:59] Bootstrap tree #379, logLikelihood: -54485.527218
[03:06:03] Bootstrap tree #380, logLikelihood: -54253.502265
[03:06:22] Bootstrap tree #381, logLikelihood: -54772.712022
[03:07:21] Bootstrap tree #382, logLikelihood: -54569.416166
[03:08:17] Bootstrap tree #383, logLikelihood: -54454.553931
[03:09:01] Bootstrap tree #384, logLikelihood: -56829.368820
[03:09:22] Bootstrap tree #385, logLikelihood: -55487.614030
[03:09:50] Bootstrap tree #386, logLikelihood: -53424.817178
[03:10:50] Bootstrap tree #387, logLikelihood: -52598.334077
[03:11:52] Bootstrap tree #388, logLikelihood: -54499.210767
[03:12:47] Bootstrap tree #389, logLikelihood: -53794.113383
[03:13:20] Bootstrap tree #390, logLikelihood: -54453.835539
[03:13:26] Bootstrap tree #391, logLikelihood: -54274.680532
[03:13:29] Bootstrap tree #392, logLikelihood: -52996.763063
[03:13:35] Bootstrap tree #393, logLikelihood: -54418.736432
[03:13:39] Bootstrap tree #394, logLikelihood: -54738.970983
[03:13:43] Bootstrap tree #395, logLikelihood: -54968.105224
[03:13:49] Bootstrap tree #396, logLikelihood: -54846.992040
[03:14:41] Bootstrap tree #397, logLikelihood: -53647.421448
[03:15:33] Bootstrap tree #398, logLikelihood: -53830.806622
[03:15:55] Bootstrap tree #399, logLikelihood: -54399.378374
[03:16:41] Bootstrap tree #400, logLikelihood: -56042.259082
[03:17:22] Bootstrap tree #401, logLikelihood: -55947.252456
[03:18:09] Bootstrap tree #402, logLikelihood: -54665.268476
[03:18:48] Bootstrap tree #403, logLikelihood: -54567.542548
[03:19:21] Bootstrap tree #404, logLikelihood: -55090.420090
[03:20:01] Bootstrap tree #405, logLikelihood: -53951.596344
[03:20:48] Bootstrap tree #406, logLikelihood: -54308.716646
[03:21:31] Bootstrap tree #407, logLikelihood: -54236.885267
[03:22:06] Bootstrap tree #408, logLikelihood: -55332.885856
[03:23:01] Bootstrap tree #409, logLikelihood: -54684.004896
[03:23:50] Bootstrap tree #410, logLikelihood: -52962.509154
[03:24:40] Bootstrap tree #411, logLikelihood: -54370.523139
[03:25:28] Bootstrap tree #412, logLikelihood: -55147.252034
[03:26:11] Bootstrap tree #413, logLikelihood: -53224.655536
[03:26:57] Bootstrap tree #414, logLikelihood: -53646.598687
[03:27:49] Bootstrap tree #415, logLikelihood: -54409.440096
[03:28:29] Bootstrap tree #416, logLikelihood: -54576.045314
[03:29:31] Bootstrap tree #417, logLikelihood: -54830.662897
[03:30:16] Bootstrap tree #418, logLikelihood: -53019.605343
[03:31:19] Bootstrap tree #419, logLikelihood: -54307.990562
[03:32:04] Bootstrap tree #420, logLikelihood: -54719.773755
[03:32:24] Bootstrap tree #421, logLikelihood: -53468.331860
[03:33:13] Bootstrap tree #422, logLikelihood: -53808.504748
[03:33:53] Bootstrap tree #423, logLikelihood: -53372.910204
[03:34:28] Bootstrap tree #424, logLikelihood: -54368.344764
[03:35:01] Bootstrap tree #425, logLikelihood: -54380.734455
[03:35:54] Bootstrap tree #426, logLikelihood: -53732.997224
[03:36:34] Bootstrap tree #427, logLikelihood: -55120.319311
[03:37:02] Bootstrap tree #428, logLikelihood: -54282.257553
[03:37:42] Bootstrap tree #429, logLikelihood: -54434.674015
[03:38:15] Bootstrap tree #430, logLikelihood: -54274.715677
[03:38:59] Bootstrap tree #431, logLikelihood: -54248.406791
[03:39:09] Bootstrap tree #432, logLikelihood: -54613.767398
[03:39:20] Bootstrap tree #433, logLikelihood: -52890.585675
[03:39:31] Bootstrap tree #434, logLikelihood: -53979.358479
[03:39:43] Bootstrap tree #435, logLikelihood: -54115.088448
[03:39:54] Bootstrap tree #436, logLikelihood: -55303.154700
[03:40:06] Bootstrap tree #437, logLikelihood: -54548.500178
[03:40:16] Bootstrap tree #438, logLikelihood: -54326.079756
[03:40:33] Bootstrap tree #439, logLikelihood: -53996.748784
[03:40:45] Bootstrap tree #440, logLikelihood: -55166.507066
[03:41:34] Bootstrap tree #441, logLikelihood: -54175.904078
[03:41:40] Bootstrap tree #442, logLikelihood: -55103.632929
[03:41:48] Bootstrap tree #443, logLikelihood: -55240.228070
[03:41:53] Bootstrap tree #444, logLikelihood: -54024.186978
[03:41:57] Bootstrap tree #445, logLikelihood: -54416.902821
[03:42:04] Bootstrap tree #446, logLikelihood: -55666.472614
[03:42:08] Bootstrap tree #447, logLikelihood: -54162.744746
[03:42:13] Bootstrap tree #448, logLikelihood: -54866.878834
[03:42:18] Bootstrap tree #449, logLikelihood: -54899.884294
[03:42:22] Bootstrap tree #450, logLikelihood: -53806.658545
[03:42:26] Bootstrap tree #451, logLikelihood: -55150.359873
[03:42:53] Bootstrap tree #452, logLikelihood: -54038.640601
[03:43:51] Bootstrap tree #453, logLikelihood: -54280.741377
[03:44:27] Bootstrap tree #454, logLikelihood: -54984.133466
[03:45:06] Bootstrap tree #455, logLikelihood: -53021.713791
[03:45:24] Bootstrap tree #456, logLikelihood: -53864.476374
[03:45:57] Bootstrap tree #457, logLikelihood: -53807.168066
[03:46:36] Bootstrap tree #458, logLikelihood: -54371.199561
[03:47:13] Bootstrap tree #459, logLikelihood: -53110.555341
[03:47:56] Bootstrap tree #460, logLikelihood: -55341.938498
[03:48:43] Bootstrap tree #461, logLikelihood: -52619.094455
[03:49:13] Bootstrap tree #462, logLikelihood: -53874.178082
[03:49:51] Bootstrap tree #463, logLikelihood: -55041.261954
[03:50:18] Bootstrap tree #464, logLikelihood: -54905.058163
[03:50:51] Bootstrap tree #465, logLikelihood: -55033.920082
[03:51:37] Bootstrap tree #466, logLikelihood: -53552.592293
[03:52:23] Bootstrap tree #467, logLikelihood: -54950.209717
[03:52:57] Bootstrap tree #468, logLikelihood: -53117.093684
[03:53:38] Bootstrap tree #469, logLikelihood: -55053.064696
[03:54:02] Bootstrap tree #470, logLikelihood: -54132.111589
[03:54:22] Bootstrap tree #471, logLikelihood: -54839.738344
[03:54:50] Bootstrap tree #472, logLikelihood: -53460.248922
[03:55:29] Bootstrap tree #473, logLikelihood: -54944.064519
[03:56:19] Bootstrap tree #474, logLikelihood: -54240.366509
[03:56:53] Bootstrap tree #475, logLikelihood: -54171.000437
[03:57:39] Bootstrap tree #476, logLikelihood: -53052.210670
[03:58:16] Bootstrap tree #477, logLikelihood: -55309.780173
[03:58:38] Bootstrap tree #478, logLikelihood: -54816.410432
[03:59:12] Bootstrap tree #479, logLikelihood: -54320.981871
[03:59:55] Bootstrap tree #480, logLikelihood: -55152.730569
[04:00:29] Bootstrap tree #481, logLikelihood: -54194.072011
[04:01:09] Bootstrap tree #482, logLikelihood: -54955.609449
[04:02:01] Bootstrap tree #483, logLikelihood: -54774.486638
[04:02:44] Bootstrap tree #484, logLikelihood: -55330.752135
[04:03:28] Bootstrap tree #485, logLikelihood: -54111.969130
[04:03:39] Bootstrap tree #486, logLikelihood: -54326.032582
[04:03:45] Bootstrap tree #487, logLikelihood: -54803.354590
[04:03:51] Bootstrap tree #488, logLikelihood: -55670.759522
[04:03:56] Bootstrap tree #489, logLikelihood: -54939.218007
[04:04:01] Bootstrap tree #490, logLikelihood: -55582.644106
[04:04:08] Bootstrap tree #491, logLikelihood: -55770.009905
[04:04:14] Bootstrap tree #492, logLikelihood: -54482.845217
[04:04:19] Bootstrap tree #493, logLikelihood: -54436.592383
[04:04:23] Bootstrap tree #494, logLikelihood: -54271.773650
[04:04:26] Bootstrap tree #495, logLikelihood: -55056.639302
[04:04:33] Bootstrap tree #496, logLikelihood: -53972.950730
[04:04:41] Bootstrap tree #497, logLikelihood: -54086.827897
[04:05:12] Bootstrap tree #498, logLikelihood: -54463.191234
[04:05:26] Bootstrap tree #499, logLikelihood: -52208.798479
[04:06:24] Bootstrap tree #500, logLikelihood: -53953.189343
[04:06:29] Bootstrap tree #501, logLikelihood: -55763.758112
[04:06:36] Bootstrap tree #502, logLikelihood: -52912.267413
[04:06:41] Bootstrap tree #503, logLikelihood: -54818.687226
[04:06:47] Bootstrap tree #504, logLikelihood: -53885.110371
[04:06:51] Bootstrap tree #505, logLikelihood: -54058.497762
[04:06:56] Bootstrap tree #506, logLikelihood: -55085.071421
[04:07:01] Bootstrap tree #507, logLikelihood: -54729.835329
[04:07:05] Bootstrap tree #508, logLikelihood: -54984.360618
[04:07:10] Bootstrap tree #509, logLikelihood: -53863.252354
[04:07:16] Bootstrap tree #510, logLikelihood: -55713.401014
[04:07:23] Bootstrap tree #511, logLikelihood: -55352.190984
[04:07:28] Bootstrap tree #512, logLikelihood: -54929.518288
[04:07:32] Bootstrap tree #513, logLikelihood: -54942.667372
[04:07:35] Bootstrap tree #514, logLikelihood: -55067.525036
[04:07:40] Bootstrap tree #515, logLikelihood: -53468.213975
[04:07:44] Bootstrap tree #516, logLikelihood: -55014.178032
[04:07:51] Bootstrap tree #517, logLikelihood: -55262.852167
[04:07:56] Bootstrap tree #518, logLikelihood: -54199.193819
[04:08:13] Bootstrap tree #519, logLikelihood: -55367.488335
[04:08:46] Bootstrap tree #520, logLikelihood: -55963.429963
[04:09:24] Bootstrap tree #521, logLikelihood: -54247.907653
[04:09:56] Bootstrap tree #522, logLikelihood: -53926.223351
[04:10:25] Bootstrap tree #523, logLikelihood: -54989.962750
[04:10:57] Bootstrap tree #524, logLikelihood: -53767.727903
[04:11:17] Bootstrap tree #525, logLikelihood: -54200.092141
[04:11:24] Bootstrap tree #526, logLikelihood: -54400.644716
[04:11:48] Bootstrap tree #527, logLikelihood: -54989.788257
[04:12:20] Bootstrap tree #528, logLikelihood: -54231.157132
[04:12:39] Bootstrap tree #529, logLikelihood: -54691.541639
[04:13:15] Bootstrap tree #530, logLikelihood: -55957.411656
[04:13:42] Bootstrap tree #531, logLikelihood: -54063.130751
[04:13:55] Bootstrap tree #532, logLikelihood: -54180.400829
[04:14:26] Bootstrap tree #533, logLikelihood: -54831.901022
[04:14:48] Bootstrap tree #534, logLikelihood: -54212.506682
[04:14:51] Bootstrap tree #535, logLikelihood: -52954.992718
[04:15:22] Bootstrap tree #536, logLikelihood: -53882.200225
[04:15:51] Bootstrap tree #537, logLikelihood: -54491.174065
[04:16:20] Bootstrap tree #538, logLikelihood: -54699.796235
[04:16:50] Bootstrap tree #539, logLikelihood: -54478.458128
[04:17:21] Bootstrap tree #540, logLikelihood: -54574.779689
[04:17:45] Bootstrap tree #541, logLikelihood: -53454.988921
[04:18:15] Bootstrap tree #542, logLikelihood: -54634.517784
[04:18:51] Bootstrap tree #543, logLikelihood: -54853.886471
[04:19:15] Bootstrap tree #544, logLikelihood: -55200.513657
[04:19:40] Bootstrap tree #545, logLikelihood: -54953.979269
[04:20:17] Bootstrap tree #546, logLikelihood: -55254.030802
[04:20:38] Bootstrap tree #547, logLikelihood: -54175.869308
[04:21:08] Bootstrap tree #548, logLikelihood: -53700.409234
[04:21:39] Bootstrap tree #549, logLikelihood: -54343.170951
[04:22:09] Bootstrap tree #550, logLikelihood: -54272.570491
[04:22:30] Bootstrap tree #551, logLikelihood: -54667.727078
[04:23:06] Bootstrap tree #552, logLikelihood: -55819.883213
[04:23:35] Bootstrap tree #553, logLikelihood: -54897.770406
[04:24:03] Bootstrap tree #554, logLikelihood: -53511.456375
[04:24:34] Bootstrap tree #555, logLikelihood: -54056.420052
[04:25:06] Bootstrap tree #556, logLikelihood: -55323.260956
[04:25:38] Bootstrap tree #557, logLikelihood: -54005.735738
[04:26:11] Bootstrap tree #558, logLikelihood: -53663.441153
[04:26:22] Bootstrap tree #559, logLikelihood: -53882.147509
[04:26:57] Bootstrap tree #560, logLikelihood: -54632.092877
[04:27:25] Bootstrap tree #561, logLikelihood: -55449.105969
[04:27:57] Bootstrap tree #562, logLikelihood: -54298.989981
[04:28:21] Bootstrap tree #563, logLikelihood: -54175.665710
[04:28:28] Bootstrap tree #564, logLikelihood: -53922.146927
[04:29:04] Bootstrap tree #565, logLikelihood: -53646.001523
[04:29:33] Bootstrap tree #566, logLikelihood: -54326.434495
[04:30:04] Bootstrap tree #567, logLikelihood: -55689.493950
[04:30:35] Bootstrap tree #568, logLikelihood: -55427.651053
[04:31:09] Bootstrap tree #569, logLikelihood: -53912.348238
[04:32:04] Bootstrap tree #570, logLikelihood: -54314.514411
[04:32:39] Bootstrap tree #571, logLikelihood: -53870.172091
[04:33:14] Bootstrap tree #572, logLikelihood: -53556.391023
[04:33:46] Bootstrap tree #573, logLikelihood: -54789.339386
[04:34:12] Bootstrap tree #574, logLikelihood: -54194.541638
[04:34:38] Bootstrap tree #575, logLikelihood: -54881.929484
[04:35:13] Bootstrap tree #576, logLikelihood: -53463.707775
[04:35:48] Bootstrap tree #577, logLikelihood: -55089.803341
[04:36:10] Bootstrap tree #578, logLikelihood: -53576.544807
[04:36:56] Bootstrap tree #579, logLikelihood: -54544.694179
[04:37:37] Bootstrap tree #580, logLikelihood: -54185.272512
[04:38:12] Bootstrap tree #581, logLikelihood: -55198.667013
[04:38:48] Bootstrap tree #582, logLikelihood: -55333.559080
[04:39:17] Bootstrap tree #583, logLikelihood: -54550.957392
[04:39:53] Bootstrap tree #584, logLikelihood: -53924.126298
[04:40:33] Bootstrap tree #585, logLikelihood: -54364.459226
[04:40:59] Bootstrap tree #586, logLikelihood: -54199.563979
[04:41:30] Bootstrap tree #587, logLikelihood: -55224.381895
[04:42:04] Bootstrap tree #588, logLikelihood: -54008.050689
[04:42:26] Bootstrap tree #589, logLikelihood: -53683.238761
[04:42:56] Bootstrap tree #590, logLikelihood: -53413.722929
[04:43:28] Bootstrap tree #591, logLikelihood: -54398.997678
[04:43:37] Bootstrap tree #592, logLikelihood: -54955.067952
[04:44:03] Bootstrap tree #593, logLikelihood: -53757.222892
[04:44:30] Bootstrap tree #594, logLikelihood: -53278.705140
[04:45:16] Bootstrap tree #595, logLikelihood: -55338.056372
[04:45:46] Bootstrap tree #596, logLikelihood: -54489.797013
[04:46:18] Bootstrap tree #597, logLikelihood: -53727.212947
[04:46:53] Bootstrap tree #598, logLikelihood: -54622.338067
[04:47:06] Bootstrap tree #599, logLikelihood: -53588.246085
[04:47:39] Bootstrap tree #600, logLikelihood: -54735.736251
[04:48:12] Bootstrap tree #601, logLikelihood: -54960.482716
[04:48:28] Bootstrap tree #602, logLikelihood: -54126.156457
[04:49:00] Bootstrap tree #603, logLikelihood: -54723.736283
[04:49:23] Bootstrap tree #604, logLikelihood: -55102.153490
[04:49:35] Bootstrap tree #605, logLikelihood: -54721.556055
[04:50:00] Bootstrap tree #606, logLikelihood: -54773.175007
[04:50:15] Bootstrap tree #607, logLikelihood: -56127.255111
[04:50:43] Bootstrap tree #608, logLikelihood: -55052.200045
[04:51:14] Bootstrap tree #609, logLikelihood: -53716.431028
[04:51:44] Bootstrap tree #610, logLikelihood: -54922.739197
[04:52:24] Bootstrap tree #611, logLikelihood: -55140.022724
[04:52:55] Bootstrap tree #612, logLikelihood: -53576.875102
[04:53:19] Bootstrap tree #613, logLikelihood: -55487.295053
[04:53:51] Bootstrap tree #614, logLikelihood: -54045.232030
[04:54:25] Bootstrap tree #615, logLikelihood: -54364.807153
[04:54:40] Bootstrap tree #616, logLikelihood: -55305.503038
[04:55:08] Bootstrap tree #617, logLikelihood: -54449.655239
[04:55:35] Bootstrap tree #618, logLikelihood: -54207.552849
[04:55:48] Bootstrap tree #619, logLikelihood: -54222.421013
[04:56:27] Bootstrap tree #620, logLikelihood: -55469.404703
[04:56:47] Bootstrap tree #621, logLikelihood: -55397.224710
[04:57:07] Bootstrap tree #622, logLikelihood: -54294.134888
[04:57:32] Bootstrap tree #623, logLikelihood: -53475.968812
[04:58:01] Bootstrap tree #624, logLikelihood: -55282.939673
[04:58:25] Bootstrap tree #625, logLikelihood: -54706.239473
[04:58:53] Bootstrap tree #626, logLikelihood: -55244.061035
[04:59:05] Bootstrap tree #627, logLikelihood: -56342.418097
[04:59:35] Bootstrap tree #628, logLikelihood: -54039.567386
[04:59:52] Bootstrap tree #629, logLikelihood: -54499.130303
[05:00:24] Bootstrap tree #630, logLikelihood: -54943.513929
[05:01:03] Bootstrap tree #631, logLikelihood: -55679.942389
[05:01:09] Bootstrap tree #632, logLikelihood: -55338.546024
[05:01:48] Bootstrap tree #633, logLikelihood: -55712.613771
[05:02:09] Bootstrap tree #634, logLikelihood: -53867.032186
[05:02:31] Bootstrap tree #635, logLikelihood: -54311.956707
[05:02:51] Bootstrap tree #636, logLikelihood: -55197.525828
[05:03:15] Bootstrap tree #637, logLikelihood: -55030.867614
[05:03:38] Bootstrap tree #638, logLikelihood: -52922.207000
[05:04:09] Bootstrap tree #639, logLikelihood: -54470.112978
[05:04:31] Bootstrap tree #640, logLikelihood: -53091.258111
[05:05:05] Bootstrap tree #641, logLikelihood: -54314.108562
[05:05:41] Bootstrap tree #642, logLikelihood: -54354.097124
[05:06:12] Bootstrap tree #643, logLikelihood: -53644.927854
[05:06:34] Bootstrap tree #644, logLikelihood: -53467.413045
[05:06:39] Bootstrap tree #645, logLikelihood: -54037.207958
[05:07:10] Bootstrap tree #646, logLikelihood: -54231.802328
[05:07:44] Bootstrap tree #647, logLikelihood: -55478.912569
[05:08:23] Bootstrap tree #648, logLikelihood: -54226.844858
[05:08:59] Bootstrap tree #649, logLikelihood: -53556.321607
[05:09:29] Bootstrap tree #650, logLikelihood: -53662.963734
[05:09:48] Bootstrap tree #651, logLikelihood: -55114.375606
[05:10:19] Bootstrap tree #652, logLikelihood: -54971.823274
[05:10:36] Bootstrap tree #653, logLikelihood: -54555.362800
[05:10:42] Bootstrap tree #654, logLikelihood: -54672.269546
[05:11:15] Bootstrap tree #655, logLikelihood: -54783.102255
[05:11:26] Bootstrap tree #656, logLikelihood: -54011.603955
[05:11:58] Bootstrap tree #657, logLikelihood: -54184.305981
[05:12:24] Bootstrap tree #658, logLikelihood: -54056.501800
[05:12:49] Bootstrap tree #659, logLikelihood: -53807.833337
[05:12:54] Bootstrap tree #660, logLikelihood: -53850.742275
[05:13:17] Bootstrap tree #661, logLikelihood: -54176.425350
[05:13:59] Bootstrap tree #662, logLikelihood: -54431.245450
[05:14:31] Bootstrap tree #663, logLikelihood: -55094.275672
[05:14:53] Bootstrap tree #664, logLikelihood: -54608.119698
[05:15:18] Bootstrap tree #665, logLikelihood: -55392.497690
[05:15:48] Bootstrap tree #666, logLikelihood: -54012.863136
[05:16:13] Bootstrap tree #667, logLikelihood: -54482.466740
[05:16:42] Bootstrap tree #668, logLikelihood: -53444.029873
[05:17:04] Bootstrap tree #669, logLikelihood: -55040.884988
[05:17:31] Bootstrap tree #670, logLikelihood: -54806.852841
[05:17:44] Bootstrap tree #671, logLikelihood: -54279.594429
[05:17:58] Bootstrap tree #672, logLikelihood: -54597.652123
[05:18:30] Bootstrap tree #673, logLikelihood: -54590.738720
[05:19:11] Bootstrap tree #674, logLikelihood: -54583.040537
[05:19:24] Bootstrap tree #675, logLikelihood: -55469.265394
[05:19:42] Bootstrap tree #676, logLikelihood: -54331.457206
[05:20:13] Bootstrap tree #677, logLikelihood: -54190.865066
[05:20:28] Bootstrap tree #678, logLikelihood: -53676.560056
[05:20:55] Bootstrap tree #679, logLikelihood: -53871.022882
[05:21:32] Bootstrap tree #680, logLikelihood: -53347.864226
[05:22:03] Bootstrap tree #681, logLikelihood: -54900.977716
[05:22:26] Bootstrap tree #682, logLikelihood: -54313.881526
[05:23:02] Bootstrap tree #683, logLikelihood: -55614.043054
[05:23:39] Bootstrap tree #684, logLikelihood: -54547.633050
[05:24:13] Bootstrap tree #685, logLikelihood: -55328.732794
[05:24:41] Bootstrap tree #686, logLikelihood: -54614.315486
[05:25:14] Bootstrap tree #687, logLikelihood: -54074.520699
[05:25:46] Bootstrap tree #688, logLikelihood: -53986.990049
[05:26:10] Bootstrap tree #689, logLikelihood: -53920.283654
[05:26:39] Bootstrap tree #690, logLikelihood: -54720.042207
[05:27:19] Bootstrap tree #691, logLikelihood: -55501.456820
[05:27:36] Bootstrap tree #692, logLikelihood: -54944.759729
[05:27:55] Bootstrap tree #693, logLikelihood: -54216.323412
[05:28:18] Bootstrap tree #694, logLikelihood: -55270.772202
[05:28:58] Bootstrap tree #695, logLikelihood: -54861.637071
[05:29:38] Bootstrap tree #696, logLikelihood: -55212.209802
[05:30:10] Bootstrap tree #697, logLikelihood: -54884.026353
[05:31:04] Bootstrap tree #698, logLikelihood: -53756.809674
[05:31:42] Bootstrap tree #699, logLikelihood: -54680.096484
[05:31:56] Bootstrap tree #700, logLikelihood: -54631.440058
[05:32:05] Bootstrap tree #701, logLikelihood: -54105.562283
[05:32:46] Bootstrap tree #702, logLikelihood: -53833.296934
[05:33:39] Bootstrap tree #703, logLikelihood: -55315.786834
[05:34:21] Bootstrap tree #704, logLikelihood: -53733.424371
[05:35:06] Bootstrap tree #705, logLikelihood: -55545.839927
[05:35:50] Bootstrap tree #706, logLikelihood: -53660.364408
[05:36:44] Bootstrap tree #707, logLikelihood: -54290.978356
[05:37:19] Bootstrap tree #708, logLikelihood: -53960.530874
[05:37:29] Bootstrap tree #709, logLikelihood: -55342.256107
[05:37:59] Bootstrap tree #710, logLikelihood: -53971.433468
[05:38:19] Bootstrap tree #711, logLikelihood: -53717.284617
[05:38:51] Bootstrap tree #712, logLikelihood: -53610.273292
[05:39:11] Bootstrap tree #713, logLikelihood: -54753.727044
[05:39:30] Bootstrap tree #714, logLikelihood: -53623.714100
[05:39:50] Bootstrap tree #715, logLikelihood: -55334.421225
[05:40:05] Bootstrap tree #716, logLikelihood: -54776.598157
[05:40:37] Bootstrap tree #717, logLikelihood: -54217.105833
[05:41:05] Bootstrap tree #718, logLikelihood: -53351.223649
[05:41:35] Bootstrap tree #719, logLikelihood: -54402.801396
[05:42:10] Bootstrap tree #720, logLikelihood: -54492.266062
[05:42:21] Bootstrap tree #721, logLikelihood: -54040.211485
[05:42:53] Bootstrap tree #722, logLikelihood: -54714.973604
[05:43:22] Bootstrap tree #723, logLikelihood: -54318.390377
[05:43:46] Bootstrap tree #724, logLikelihood: -54279.102139
[05:44:15] Bootstrap tree #725, logLikelihood: -55933.192556
[05:44:39] Bootstrap tree #726, logLikelihood: -53635.641169
[05:45:00] Bootstrap tree #727, logLikelihood: -54169.807569
[05:45:31] Bootstrap tree #728, logLikelihood: -53784.678131
[05:45:43] Bootstrap tree #729, logLikelihood: -54738.681314
[05:46:02] Bootstrap tree #730, logLikelihood: -54697.362981
[05:46:14] Bootstrap tree #731, logLikelihood: -53572.547227
[05:46:32] Bootstrap tree #732, logLikelihood: -55114.459785
[05:46:51] Bootstrap tree #733, logLikelihood: -54949.411559
[05:47:06] Bootstrap tree #734, logLikelihood: -52898.520135
[05:47:24] Bootstrap tree #735, logLikelihood: -54752.679822
[05:47:39] Bootstrap tree #736, logLikelihood: -54814.552599
[05:47:56] Bootstrap tree #737, logLikelihood: -54819.452975
[05:48:23] Bootstrap tree #738, logLikelihood: -54579.694633
[05:48:31] Bootstrap tree #739, logLikelihood: -54388.962739
[05:48:51] Bootstrap tree #740, logLikelihood: -54705.653531
[05:49:11] Bootstrap tree #741, logLikelihood: -54981.389572
[05:49:32] Bootstrap tree #742, logLikelihood: -53370.782662
[05:50:12] Bootstrap tree #743, logLikelihood: -54040.240152
[05:50:49] Bootstrap tree #744, logLikelihood: -55201.944479
[05:51:27] Bootstrap tree #745, logLikelihood: -54781.321576
[05:51:52] Bootstrap tree #746, logLikelihood: -53985.923936
[05:52:15] Bootstrap tree #747, logLikelihood: -54229.737144
[05:52:46] Bootstrap tree #748, logLikelihood: -55487.187156
[05:53:18] Bootstrap tree #749, logLikelihood: -53002.620639
[05:53:54] Bootstrap tree #750, logLikelihood: -54783.508693
[05:54:23] Bootstrap tree #751, logLikelihood: -53282.934669
[05:54:52] Bootstrap tree #752, logLikelihood: -54808.575379
[05:55:10] Bootstrap tree #753, logLikelihood: -54228.368184
[05:55:28] Bootstrap tree #754, logLikelihood: -54552.909472
[05:56:09] Bootstrap tree #755, logLikelihood: -53930.616099
[05:56:36] Bootstrap tree #756, logLikelihood: -54662.451031
[05:57:08] Bootstrap tree #757, logLikelihood: -54399.024980
[05:57:32] Bootstrap tree #758, logLikelihood: -54447.275334
[05:58:01] Bootstrap tree #759, logLikelihood: -54557.442936
[05:58:16] Bootstrap tree #760, logLikelihood: -55037.358204
[05:58:43] Bootstrap tree #761, logLikelihood: -54835.452026
[05:59:17] Bootstrap tree #762, logLikelihood: -55982.777552
[05:59:45] Bootstrap tree #763, logLikelihood: -54797.229716
[06:00:14] Bootstrap tree #764, logLikelihood: -54304.120063
[06:00:23] Bootstrap tree #765, logLikelihood: -54858.255599
[06:00:53] Bootstrap tree #766, logLikelihood: -52543.692670
[06:01:48] Bootstrap tree #767, logLikelihood: -54219.727133
[06:02:03] Bootstrap tree #768, logLikelihood: -54147.901578
[06:02:31] Bootstrap tree #769, logLikelihood: -54363.511713
[06:03:00] Bootstrap tree #770, logLikelihood: -54040.168108
[06:03:28] Bootstrap tree #771, logLikelihood: -54520.046660
[06:03:55] Bootstrap tree #772, logLikelihood: -55128.779749
[06:04:12] Bootstrap tree #773, logLikelihood: -54740.406010
[06:04:39] Bootstrap tree #774, logLikelihood: -54866.519620
[06:05:01] Bootstrap tree #775, logLikelihood: -55139.216930
[06:05:19] Bootstrap tree #776, logLikelihood: -54582.066282
[06:05:53] Bootstrap tree #777, logLikelihood: -54916.945028
[06:06:18] Bootstrap tree #778, logLikelihood: -54914.664792
[06:06:56] Bootstrap tree #779, logLikelihood: -54481.511128
[06:07:36] Bootstrap tree #780, logLikelihood: -54245.723987
[06:08:07] Bootstrap tree #781, logLikelihood: -53488.562605
[06:08:22] Bootstrap tree #782, logLikelihood: -54813.679498
[06:08:43] Bootstrap tree #783, logLikelihood: -54432.587569
[06:09:20] Bootstrap tree #784, logLikelihood: -55292.493746
[06:09:48] Bootstrap tree #785, logLikelihood: -54540.886892
[06:10:02] Bootstrap tree #786, logLikelihood: -52958.278223
[06:10:37] Bootstrap tree #787, logLikelihood: -53925.260353
[06:11:11] Bootstrap tree #788, logLikelihood: -53768.784568
[06:11:37] Bootstrap tree #789, logLikelihood: -53845.004787
[06:12:01] Bootstrap tree #790, logLikelihood: -54005.532345
[06:12:05] Bootstrap tree #791, logLikelihood: -52514.471584
[06:12:32] Bootstrap tree #792, logLikelihood: -54801.184794
[06:12:54] Bootstrap tree #793, logLikelihood: -55262.484684
[06:13:05] Bootstrap tree #794, logLikelihood: -56228.802586
[06:13:33] Bootstrap tree #795, logLikelihood: -53932.609688
[06:13:56] Bootstrap tree #796, logLikelihood: -54351.281298
[06:14:24] Bootstrap tree #797, logLikelihood: -53901.562217
[06:14:51] Bootstrap tree #798, logLikelihood: -54546.551364
[06:15:15] Bootstrap tree #799, logLikelihood: -53208.041409
[06:15:54] Bootstrap tree #800, logLikelihood: -54306.983962
[06:16:25] Bootstrap tree #801, logLikelihood: -53612.086385
[06:16:59] Bootstrap tree #802, logLikelihood: -53637.805200
[06:17:20] Bootstrap tree #803, logLikelihood: -54902.609498
[06:17:47] Bootstrap tree #804, logLikelihood: -53733.476718
[06:18:25] Bootstrap tree #805, logLikelihood: -54463.332442
[06:18:53] Bootstrap tree #806, logLikelihood: -55188.219055
[06:19:02] Bootstrap tree #807, logLikelihood: -55066.231190
[06:19:09] Bootstrap tree #808, logLikelihood: -54863.342387
[06:19:14] Bootstrap tree #809, logLikelihood: -55153.482347
[06:19:20] Bootstrap tree #810, logLikelihood: -54837.592057
[06:19:25] Bootstrap tree #811, logLikelihood: -54762.433732
[06:19:29] Bootstrap tree #812, logLikelihood: -54186.524856
[06:19:34] Bootstrap tree #813, logLikelihood: -52583.417348
[06:19:40] Bootstrap tree #814, logLikelihood: -54270.005491
[06:19:47] Bootstrap tree #815, logLikelihood: -55583.936517
[06:19:52] Bootstrap tree #816, logLikelihood: -54475.276780
[06:19:58] Bootstrap tree #817, logLikelihood: -53778.920716
[06:20:07] Bootstrap tree #818, logLikelihood: -54863.749031
[06:20:12] Bootstrap tree #819, logLikelihood: -54034.224138
[06:20:16] Bootstrap tree #820, logLikelihood: -54815.402832
[06:20:21] Bootstrap tree #821, logLikelihood: -55010.447700
[06:20:39] Bootstrap tree #822, logLikelihood: -54491.584603
[06:21:18] Bootstrap tree #823, logLikelihood: -54739.904584
[06:21:34] Bootstrap tree #824, logLikelihood: -55201.857352
[06:22:03] Bootstrap tree #825, logLikelihood: -55071.171580
[06:22:42] Bootstrap tree #826, logLikelihood: -55070.366045
[06:23:12] Bootstrap tree #827, logLikelihood: -55937.151875
[06:23:48] Bootstrap tree #828, logLikelihood: -54537.739642
[06:24:27] Bootstrap tree #829, logLikelihood: -54162.112581
[06:25:00] Bootstrap tree #830, logLikelihood: -54781.408348
[06:25:41] Bootstrap tree #831, logLikelihood: -54806.334667
[06:26:18] Bootstrap tree #832, logLikelihood: -54030.305595
[06:26:41] Bootstrap tree #833, logLikelihood: -53675.159070
[06:27:19] Bootstrap tree #834, logLikelihood: -53864.191918
[06:27:53] Bootstrap tree #835, logLikelihood: -55419.564330
[06:28:33] Bootstrap tree #836, logLikelihood: -55596.665283
[06:29:19] Bootstrap tree #837, logLikelihood: -56139.052703
[06:29:35] Bootstrap tree #838, logLikelihood: -54923.158601
[06:30:08] Bootstrap tree #839, logLikelihood: -55961.269415
[06:30:50] Bootstrap tree #840, logLikelihood: -55906.946973
[06:32:10] Bootstrap tree #841, logLikelihood: -55284.095017
[06:32:26] Bootstrap tree #842, logLikelihood: -53530.522042
[06:33:04] Bootstrap tree #843, logLikelihood: -54601.476593
[06:33:42] Bootstrap tree #844, logLikelihood: -54652.245452
[06:34:14] Bootstrap tree #845, logLikelihood: -53676.011202
[06:34:54] Bootstrap tree #846, logLikelihood: -53978.476794
[06:35:06] Bootstrap tree #847, logLikelihood: -55257.796105
[06:35:26] Bootstrap tree #848, logLikelihood: -53810.071589
[06:35:45] Bootstrap tree #849, logLikelihood: -54388.644314
[06:36:22] Bootstrap tree #850, logLikelihood: -54057.172168
[06:36:50] Bootstrap tree #851, logLikelihood: -55260.801031
[06:37:14] Bootstrap tree #852, logLikelihood: -54461.592500
[06:37:38] Bootstrap tree #853, logLikelihood: -53623.193474
[06:38:12] Bootstrap tree #854, logLikelihood: -55078.419841
[06:38:26] Bootstrap tree #855, logLikelihood: -54722.287963
[06:38:56] Bootstrap tree #856, logLikelihood: -55522.105700
[06:39:07] Bootstrap tree #857, logLikelihood: -53030.360917
[06:39:33] Bootstrap tree #858, logLikelihood: -55530.026373
[06:40:10] Bootstrap tree #859, logLikelihood: -53932.312957
[06:40:46] Bootstrap tree #860, logLikelihood: -54397.434112
[06:41:08] Bootstrap tree #861, logLikelihood: -54553.442387
[06:41:40] Bootstrap tree #862, logLikelihood: -53981.131194
[06:41:59] Bootstrap tree #863, logLikelihood: -54635.982427
[06:42:27] Bootstrap tree #864, logLikelihood: -54276.472932
[06:43:10] Bootstrap tree #865, logLikelihood: -54223.213640
[06:43:49] Bootstrap tree #866, logLikelihood: -55499.721251
[06:44:19] Bootstrap tree #867, logLikelihood: -53699.169018
[06:44:53] Bootstrap tree #868, logLikelihood: -54876.568592
[06:45:20] Bootstrap tree #869, logLikelihood: -55499.492945
[06:45:53] Bootstrap tree #870, logLikelihood: -55340.115168
[06:46:30] Bootstrap tree #871, logLikelihood: -54679.584578
[06:46:56] Bootstrap tree #872, logLikelihood: -55360.066896
[06:47:29] Bootstrap tree #873, logLikelihood: -55533.739565
[06:48:05] Bootstrap tree #874, logLikelihood: -54633.281389
[06:48:23] Bootstrap tree #875, logLikelihood: -53759.844674
[06:49:13] Bootstrap tree #876, logLikelihood: -54779.475513
[06:49:28] Bootstrap tree #877, logLikelihood: -53297.324559
[06:50:07] Bootstrap tree #878, logLikelihood: -54838.017392
[06:50:25] Bootstrap tree #879, logLikelihood: -54147.768124
[06:50:34] Bootstrap tree #880, logLikelihood: -55374.304239
[06:50:38] Bootstrap tree #881, logLikelihood: -54571.039331
[06:50:41] Bootstrap tree #882, logLikelihood: -54675.702015
[06:50:46] Bootstrap tree #883, logLikelihood: -54339.323113
[06:50:53] Bootstrap tree #884, logLikelihood: -55588.366948
[06:50:57] Bootstrap tree #885, logLikelihood: -54479.006107
[06:51:02] Bootstrap tree #886, logLikelihood: -53869.478337
[06:51:07] Bootstrap tree #887, logLikelihood: -55179.112226
[06:51:11] Bootstrap tree #888, logLikelihood: -54233.119612
[06:51:16] Bootstrap tree #889, logLikelihood: -54473.676099
[06:51:19] Bootstrap tree #890, logLikelihood: -53690.631913
[06:51:24] Bootstrap tree #891, logLikelihood: -54386.483900
[06:51:27] Bootstrap tree #892, logLikelihood: -55785.541730
[06:51:31] Bootstrap tree #893, logLikelihood: -54225.913553
[06:51:36] Bootstrap tree #894, logLikelihood: -55775.724524
[06:51:40] Bootstrap tree #895, logLikelihood: -52870.098998
[06:51:47] Bootstrap tree #896, logLikelihood: -53744.458398
[06:51:51] Bootstrap tree #897, logLikelihood: -54913.404362
[06:51:55] Bootstrap tree #898, logLikelihood: -53952.913242
[06:52:00] Bootstrap tree #899, logLikelihood: -55631.027040
[06:52:04] Bootstrap tree #900, logLikelihood: -55098.039156
[06:52:08] Bootstrap tree #901, logLikelihood: -55035.879563
[06:52:14] Bootstrap tree #902, logLikelihood: -55628.371125
[06:52:19] Bootstrap tree #903, logLikelihood: -54404.919158
[06:52:23] Bootstrap tree #904, logLikelihood: -55022.650603
[06:52:28] Bootstrap tree #905, logLikelihood: -54183.827774
[06:52:33] Bootstrap tree #906, logLikelihood: -53987.414526
[06:52:37] Bootstrap tree #907, logLikelihood: -53925.465898
[06:52:43] Bootstrap tree #908, logLikelihood: -55114.644128
[06:52:48] Bootstrap tree #909, logLikelihood: -55157.490873
[06:52:52] Bootstrap tree #910, logLikelihood: -53302.481690
[06:53:10] Bootstrap tree #911, logLikelihood: -54245.341937
[06:53:53] Bootstrap tree #912, logLikelihood: -54382.282209
[06:54:13] Bootstrap tree #913, logLikelihood: -54796.689486
[06:54:41] Bootstrap tree #914, logLikelihood: -53316.388621
[06:55:19] Bootstrap tree #915, logLikelihood: -53743.017976
[06:56:04] Bootstrap tree #916, logLikelihood: -54861.055661
[06:56:41] Bootstrap tree #917, logLikelihood: -54756.438943
[06:57:14] Bootstrap tree #918, logLikelihood: -53974.514166
[06:57:51] Bootstrap tree #919, logLikelihood: -55493.574388
[06:58:18] Bootstrap tree #920, logLikelihood: -54563.156802
[06:58:52] Bootstrap tree #921, logLikelihood: -52627.711645
[06:59:41] Bootstrap tree #922, logLikelihood: -53670.495905
[07:00:18] Bootstrap tree #923, logLikelihood: -54612.414609
[07:01:02] Bootstrap tree #924, logLikelihood: -53532.797379
[07:02:08] Bootstrap tree #925, logLikelihood: -54529.074146
[07:02:37] Bootstrap tree #926, logLikelihood: -54359.801811
[07:03:11] Bootstrap tree #927, logLikelihood: -54611.197726
[07:03:25] Bootstrap tree #928, logLikelihood: -54536.989931
[07:04:03] Bootstrap tree #929, logLikelihood: -53981.071699
[07:04:25] Bootstrap tree #930, logLikelihood: -54653.058752
[07:04:32] Bootstrap tree #931, logLikelihood: -54148.689939
[07:04:36] Bootstrap tree #932, logLikelihood: -54544.788138
[07:04:41] Bootstrap tree #933, logLikelihood: -54214.746557
[07:04:45] Bootstrap tree #934, logLikelihood: -54613.892204
[07:04:49] Bootstrap tree #935, logLikelihood: -55414.133666
[07:04:55] Bootstrap tree #936, logLikelihood: -54999.393393
[07:04:58] Bootstrap tree #937, logLikelihood: -54420.677392
[07:05:02] Bootstrap tree #938, logLikelihood: -53962.792809
[07:05:09] Bootstrap tree #939, logLikelihood: -54577.505730
[07:05:13] Bootstrap tree #940, logLikelihood: -54233.562056
[07:05:20] Bootstrap tree #941, logLikelihood: -53884.518487
[07:05:33] Bootstrap tree #942, logLikelihood: -55250.961620
[07:06:12] Bootstrap tree #943, logLikelihood: -54845.028957
[07:06:43] Bootstrap tree #944, logLikelihood: -55224.506062
[07:07:13] Bootstrap tree #945, logLikelihood: -54875.028474
[07:07:20] Bootstrap tree #946, logLikelihood: -54905.696282
[07:07:39] Bootstrap tree #947, logLikelihood: -53745.001486
[07:08:22] Bootstrap tree #948, logLikelihood: -54002.863075
[07:08:58] Bootstrap tree #949, logLikelihood: -54974.845003
[07:09:32] Bootstrap tree #950, logLikelihood: -54981.950874
[07:10:10] Bootstrap tree #951, logLikelihood: -54731.063386
[07:10:30] Bootstrap tree #952, logLikelihood: -54393.545699
[07:10:57] Bootstrap tree #953, logLikelihood: -53965.760967
[07:11:39] Bootstrap tree #954, logLikelihood: -53567.183988
[07:12:30] Bootstrap tree #955, logLikelihood: -54006.747916
[07:13:27] Bootstrap tree #956, logLikelihood: -55009.527417
[07:13:53] Bootstrap tree #957, logLikelihood: -54728.249357
[07:14:17] Bootstrap tree #958, logLikelihood: -53269.426882
[07:14:49] Bootstrap tree #959, logLikelihood: -54547.595550
[07:15:35] Bootstrap tree #960, logLikelihood: -54664.686633
[07:16:09] Bootstrap tree #961, logLikelihood: -54825.929939
[07:16:37] Bootstrap tree #962, logLikelihood: -55187.853830
[07:17:08] Bootstrap tree #963, logLikelihood: -55424.650456
[07:17:22] Bootstrap tree #964, logLikelihood: -53592.880281
[07:18:04] Bootstrap tree #965, logLikelihood: -55052.642201
[07:18:26] Bootstrap tree #966, logLikelihood: -55185.084255
[07:18:32] Bootstrap tree #967, logLikelihood: -54012.578290
[07:18:40] Bootstrap tree #968, logLikelihood: -54558.454433
[07:18:44] Bootstrap tree #969, logLikelihood: -54233.498352
[07:18:48] Bootstrap tree #970, logLikelihood: -56012.590681
[07:19:11] Bootstrap tree #971, logLikelihood: -53663.468085
[07:19:56] Bootstrap tree #972, logLikelihood: -55126.145434
[07:20:40] Bootstrap tree #973, logLikelihood: -54014.862067
[07:21:20] Bootstrap tree #974, logLikelihood: -54455.220495
[07:21:59] Bootstrap tree #975, logLikelihood: -52920.777028
[07:22:40] Bootstrap tree #976, logLikelihood: -55601.424929
[07:23:15] Bootstrap tree #977, logLikelihood: -54787.994943
[07:23:56] Bootstrap tree #978, logLikelihood: -54946.198643
[07:24:27] Bootstrap tree #979, logLikelihood: -53944.654572
[07:24:42] Bootstrap tree #980, logLikelihood: -53649.699538
[07:25:20] Bootstrap tree #981, logLikelihood: -54388.580800
[07:25:49] Bootstrap tree #982, logLikelihood: -54066.555304
[07:26:17] Bootstrap tree #983, logLikelihood: -55045.869796
[07:26:36] Bootstrap tree #984, logLikelihood: -54825.427331
[07:27:11] Bootstrap tree #985, logLikelihood: -54236.048613
[07:27:34] Bootstrap tree #986, logLikelihood: -55028.737843
[07:28:15] Bootstrap tree #987, logLikelihood: -54814.998374
[07:28:37] Bootstrap tree #988, logLikelihood: -55522.739154
[07:29:17] Bootstrap tree #989, logLikelihood: -54329.073768
[07:29:56] Bootstrap tree #990, logLikelihood: -54419.544956
[07:30:25] Bootstrap tree #991, logLikelihood: -54220.764906
[07:30:46] Bootstrap tree #992, logLikelihood: -54576.662443
[07:31:39] Bootstrap tree #993, logLikelihood: -54211.500061
[07:32:12] Bootstrap tree #994, logLikelihood: -54751.922317
[07:32:40] Bootstrap tree #995, logLikelihood: -54675.924682
[07:33:12] Bootstrap tree #996, logLikelihood: -54192.865694
[07:33:28] Bootstrap tree #997, logLikelihood: -54723.021494
[07:33:52] Bootstrap tree #998, logLikelihood: -53221.883745
[07:34:02] Bootstrap tree #999, logLikelihood: -55086.601474
[07:35:02] Bootstrap tree #1000, logLikelihood: -53828.102044

Optimized model parameters:

   Partition 0: noname
   Rate heterogeneity: NONE
   Base frequencies (ML): 0.208850 0.282662 0.123496 0.384992 
   Substitution rates (model): 1.000000 1.000000 1.000000 1.000000 1.000000 1.000000 

Final LogLikelihood: -54568.308891

AIC score: 109216.617782 / AICc score: 109217.356354 / BIC score: 109472.930768
Free parameters (model + branch lengths): 40

All ML trees saved to: /home/laurmel/EEOB563_labs/lab4/data2/heyloo.raxml.mlTrees
Best ML tree saved to: /home/laurmel/EEOB563_labs/lab4/data2/heyloo.raxml.bestTree
Best ML tree with Felsenstein bootstrap (FBP) support values saved to: /home/laurmel/EEOB563_labs/lab4/data2/heyloo.raxml.support
Optimized model saved to: /home/laurmel/EEOB563_labs/lab4/data2/heyloo.raxml.bestModel
Bootstrap trees saved to: /home/laurmel/EEOB563_labs/lab4/data2/heyloo.raxml.bootstraps

Execution log saved to: /home/laurmel/EEOB563_labs/lab4/data2/heyloo.raxml.log

Analysis started: 12-Mar-2019 13:45:55 / finished: 12-Mar-2019 21:21:02

Elapsed time: 27307.437 seconds

